2017-03-24 13:21:59,213 [ZAP-daemon] INFO  ExtensionPassiveScan - loaded passive scan rule: Application Error Disclosure
2017-03-24 13:21:59,213 [ZAP-daemon] INFO  ExtensionPassiveScan - loaded passive scan rule: Incomplete or No Cache-control and Pragma HTTP Header Set
2017-03-24 13:21:59,213 [ZAP-daemon] INFO  ExtensionPassiveScan - loaded passive scan rule: Content-Type Header Missing
2017-03-24 13:21:59,214 [ZAP-daemon] INFO  ExtensionPassiveScan - loaded passive scan rule: Cookie No HttpOnly Flag
2017-03-24 13:21:59,214 [ZAP-daemon] INFO  ExtensionPassiveScan - loaded passive scan rule: Cookie Without Secure Flag
2017-03-24 13:21:59,214 [ZAP-daemon] INFO  ExtensionPassiveScan - loaded passive scan rule: Cross-Domain JavaScript Source File Inclusion
2017-03-24 13:21:59,214 [ZAP-daemon] INFO  ExtensionPassiveScan - loaded passive scan rule: Web Browser XSS Protection Not Enabled
2017-03-24 13:21:59,214 [ZAP-daemon] INFO  ExtensionPassiveScan - loaded passive scan rule: Secure Pages Include Mixed Content
2017-03-24 13:21:59,215 [ZAP-daemon] INFO  ExtensionPassiveScan - loaded passive scan rule: Password Autocomplete in Browser
2017-03-24 13:21:59,215 [ZAP-daemon] INFO  ExtensionPassiveScan - loaded passive scan rule: Private IP Disclosure
2017-03-24 13:21:59,216 [ZAP-daemon] INFO  ExtensionPassiveScan - loaded passive scan rule: Session ID in URL Rewrite
2017-03-24 13:21:59,216 [ZAP-daemon] INFO  ExtensionPassiveScan - loaded passive scan rule: X-Content-Type-Options Header Missing
2017-03-24 13:21:59,216 [ZAP-daemon] INFO  ExtensionPassiveScan - loaded passive scan rule: X-Frame-Options Header Not Set
2017-03-24 13:21:59,239 [ZAP-daemon] INFO  ExtensionLoader - Initializing Allows you to view and manage alerts
2017-03-24 13:21:59,240 [ZAP-daemon] INFO  ExtensionLoader - Initializing Active scanner, heavily based on the original Paros active scanner, but with additional tests added
2017-03-24 13:21:59,247 [ZAP-daemon] INFO  ExtensionLoader - Initializing Spider used for automatically finding URIs on a site
2017-03-24 13:21:59,253 [ZAP-daemon] INFO  ExtensionLoader - Initializing A set of common popup menus for miscellaneous tasks
2017-03-24 13:21:59,253 [ZAP-daemon] INFO  ExtensionLoader - Initializing Forced browsing of files and directories using code from the OWASP DirBuster tool
2017-03-24 13:21:59,254 [ZAP-daemon] INFO  ExtensionLoader - Initializing ExtensionManualRequest
2017-03-24 13:21:59,254 [ZAP-daemon] INFO  ExtensionLoader - Initializing Compares 2 sessions and generates an HTML file showing the differences
2017-03-24 13:21:59,254 [ZAP-daemon] INFO  ExtensionLoader - Initializing Invoke external applications passing context related information such as URLs and parameters
2017-03-24 13:21:59,255 [ZAP-daemon] INFO  ExtensionLoader - Initializing Handles anti cross site request forgery (CSRF) tokens
2017-03-24 13:21:59,257 [ZAP-daemon] INFO  ExtensionLoader - Initializing ExtensionAuthentication
2017-03-24 13:22:00,074 [ZAP-daemon] INFO  ExtensionAuthentication - Loaded authentication method types: [Form-based Authentication, HTTP/NTLM Authentication, Manual Authentication, Script-based Authentication]
2017-03-24 13:22:00,076 [ZAP-daemon] INFO  ExtensionLoader - Initializing Creates a dynamic SSL certificate to allow SSL communications to be intercepted without warnings being generated by the browser
2017-03-24 13:22:00,114 [ZAP-daemon] INFO  ExtensionLoader - Initializing Logs errors to the Output tab in development mode only
2017-03-24 13:22:00,114 [ZAP-daemon] INFO  ExtensionLoader - Initializing ExtensionUserManagement
2017-03-24 13:22:00,115 [ZAP-daemon] INFO  ExtensionLoader - Initializing Summarise and analyse FORM and URL parameters as well as cookies
2017-03-24 13:22:00,118 [ZAP-daemon] INFO  ExtensionLoader - Initializing Script integration
2017-03-24 13:22:00,135 [ZAP-daemon] INFO  ExtensionLoader - Initializing Scripting console, supports all JSR 223 scripting languages
2017-03-24 13:22:00,136 [ZAP-daemon] INFO  ExtensionLoader - Initializing ExtensionForcedUser
2017-03-24 13:22:00,136 [ZAP-daemon] INFO  ExtensionLoader - Initializing Extension handling HTTP sessions
2017-03-24 13:22:00,138 [ZAP-daemon] INFO  ExtensionLoader - Initializing Zest is a specialized scripting language from Mozilla specifically designed to be used in security tools
2017-03-24 13:22:00,668 [ZAP-daemon] INFO  ExtensionLoader - Initializing ExtensionDiff
2017-03-24 13:22:00,668 [ZAP-daemon] INFO  ExtensionLoader - Initializing ExtensionRequestPostTableView
2017-03-24 13:22:00,668 [ZAP-daemon] INFO  ExtensionLoader - Initializing ExtensionSessionManagement
2017-03-24 13:22:00,867 [ZAP-daemon] INFO  ExtensionSessionManagement - Loaded session management method types: [Cookie-based Session Management, HTTP Authentication Session Management]
2017-03-24 13:22:00,868 [ZAP-daemon] INFO  ExtensionLoader - Initializing ExtensionHttpPanelRequestFormTableView
2017-03-24 13:22:00,868 [ZAP-daemon] INFO  ExtensionLoader - Initializing Capture messages from WebSockets with the ability to set breakpoints.
2017-03-24 13:22:00,875 [ZAP-daemon] INFO  ExtensionLoader - Initializing Summarise and analyse FORM and URL parameters as well as cookies
2017-03-24 13:22:00,875 [ZAP-daemon] INFO  ExtensionLoader - Initializing ExtensionAuthorization
2017-03-24 13:22:00,876 [ZAP-daemon] INFO  ExtensionLoader - Initializing AJAX Spider, uses Crawljax
2017-03-24 13:22:00,877 [ZAP-daemon] INFO  ExtensionLoader - Initializing Handles adding Global Excluded URLs
2017-03-24 13:22:00,877 [ZAP-daemon] INFO  ExtensionLoader - Initializing Adds menu item to refresh the Sites tree
2017-03-24 13:22:00,877 [ZAP-daemon] INFO  ExtensionLoader - Initializing Adds support for configurable keyboard shortcuts for all of the ZAP menus.
2017-03-24 13:22:00,877 [ZAP-daemon] INFO  ExtensionLoader - Initializing OWASP ZAP User Guide
2017-03-24 13:22:00,877 [ZAP-daemon] INFO  ExtensionLoader - Initializing ExtensionReport
2017-03-24 13:22:00,877 [ZAP-daemon] INFO  ExtensionLoader - Initializing Allows you to configure which extensions are loaded when ZAP starts 
2017-03-24 13:22:00,878 [ZAP-daemon] INFO  ExtensionLoader - Initializing ExtensionHttpPanelComponentonentAll
2017-03-24 13:22:00,878 [ZAP-daemon] INFO  ExtensionLoader - Initializing ExtensionHttpPanelHexView
2017-03-24 13:22:00,878 [ZAP-daemon] INFO  ExtensionLoader - Initializing ExtensionHttpPanelImageView
2017-03-24 13:22:00,878 [ZAP-daemon] INFO  ExtensionLoader - Initializing ExtensionHttpPanelLargeRequestView
2017-03-24 13:22:00,878 [ZAP-daemon] INFO  ExtensionLoader - Initializing ExtensionHttpPanelLargeResponseView
2017-03-24 13:22:00,878 [ZAP-daemon] INFO  ExtensionLoader - Initializing ExtensionHttpPanelRequestQueryCookieTableView
2017-03-24 13:22:00,878 [ZAP-daemon] INFO  ExtensionLoader - Initializing ExtensionHttpPanelSyntaxHighlightTextView
2017-03-24 13:22:00,878 [ZAP-daemon] INFO  ExtensionLoader - Initializing Statistics
2017-03-24 13:22:00,879 [ZAP-daemon] INFO  ExtensionStats - Start recording in memory stats
2017-03-24 13:22:00,880 [ZAP-daemon] INFO  ExtensionLoader - Initializing Context alert rules filter
2017-03-24 13:22:00,881 [ZAP-daemon] INFO  ExtensionLoader - Initializing Active Scan Rules
2017-03-24 13:22:00,882 [ZAP-daemon] INFO  ExtensionLoader - Initializing Translations of the core language files
2017-03-24 13:22:00,882 [ZAP-daemon] INFO  ExtensionLoader - Initializing Provides the foundation for concrete message types (for example, HTTP, WebSockets) expose fuzzer implementations.
2017-03-24 13:22:00,883 [ZAP-daemon] INFO  ExtensionLoader - Initializing Allows to fuzz HTTP messages.
2017-03-24 13:22:00,883 [ZAP-daemon] INFO  ExtensionLoader - Initializing The ZAP Getting Started Guide
2017-03-24 13:22:00,883 [ZAP-daemon] INFO  ExtensionLoader - Initializing The Online menu links
2017-03-24 13:22:00,883 [ZAP-daemon] INFO  ExtensionLoader - Initializing Passive Scan Rules
2017-03-24 13:22:00,884 [ZAP-daemon] INFO  ExtensionLoader - Initializing Quick Start panel 
2017-03-24 13:22:00,884 [ZAP-daemon] INFO  ExtensionLoader - Initializing ExtensionSaveRawHttpMessage
2017-03-24 13:22:00,884 [ZAP-daemon] INFO  ExtensionLoader - Initializing Provides WebDrivers to control several browsers using Selenium and includes HtmlUnit browser.
2017-03-24 13:22:00,885 [ZAP-daemon] INFO  ExtensionLoader - Initializing Tips and Tricks
2017-03-24 13:22:00,885 [ZAP-daemon] INFO  ExtensionLoader - Initializing Allows to fuzz WebSocket messages.
2017-03-24 13:22:01,214 [ZAP-daemon] INFO  DaemonBootstrap - ZAP is now listening on 127.0.203.96:58425
2017-03-24 13:22:04,135 [ZAP-ProxyThread-1] INFO  ExtensionDynSSL - Creating new root CA certificate
2017-03-24 13:22:04,958 [ZAP-ProxyThread-1] INFO  ExtensionDynSSL - New root CA certificate created
2017-03-24 13:22:24,651 [Thread-7] INFO  SpiderThread - Starting spidering scan on SpiderApi-0 at Fri Mar 24 13:22:24 NZDT 2017
2017-03-24 13:22:24,655 [Thread-7] INFO  Spider - Spider initializing...
2017-03-24 13:22:24,672 [Thread-7] INFO  Spider - Starting spider...
2017-03-24 13:22:33,848 [pool-3-thread-2] INFO  Spider - Spidering process is complete. Shutting down...
2017-03-24 13:22:33,851 [Thread-9] INFO  SpiderThread - Spider scanning complete: true
2017-03-24 13:22:44,256 [Thread-11] INFO  SpiderThread - Starting spidering scan on SpiderApi-1 at Fri Mar 24 13:22:44 NZDT 2017
2017-03-24 13:22:44,256 [Thread-11] INFO  Spider - Spider initializing...
2017-03-24 13:22:44,271 [Thread-11] INFO  Spider - Starting spider...
2017-03-24 13:22:44,275 [Thread-11] INFO  Spider - Scan will be performed from the point of view of User: user1@zap.com
2017-03-24 13:22:44,289 [pool-4-thread-1] INFO  User - Authenticating user: user1@zap.com
2017-03-24 13:22:44,340 [pool-4-thread-1] INFO  ExtensionHttpSessions - Added new session token for site 'localhost:8080': JSESSIONID
2017-03-24 13:22:44,342 [pool-4-thread-1] INFO  HttpSessionsSite - Created a new session as no match was found: HttpSession [name=Session 0, active=false, tokenValues='']
2017-03-24 13:22:46,458 [pool-4-thread-2] INFO  Spider - Spidering process is complete. Shutting down...
2017-03-24 13:22:46,461 [Thread-12] INFO  SpiderThread - Spider scanning complete: true
2017-03-24 13:23:24,889 [Thread-13] INFO  ENGINE - dataFileCache commit start
2017-03-24 13:23:25,611 [Thread-13] INFO  ENGINE - dataFileCache commit end
2017-03-24 13:23:25,714 [Thread-13] INFO  ENGINE - Database closed
2017-03-24 13:23:25,829 [Thread-13] INFO  CoreAPI - OWASP ZAP 2.5.0 terminated.
2017-03-24 13:47:48,080 [main ] INFO  DaemonBootstrap - OWASP ZAP 2.5.0 started.
2017-03-24 13:47:48,127 [main ] INFO  AbstractParam - Setting config api.key = bft764r8b85fbfqvptsblb480i was egi7q8e2qpa5s2mfq1fpq065uo
2017-03-24 13:47:48,128 [main ] INFO  AbstractParam - Setting config scanner.strength = HIGH was HIGH
2017-03-24 13:47:48,132 [main ] INFO  SSLConnector - Reading supported SSL/TLS protocols...
2017-03-24 13:47:48,132 [main ] INFO  SSLConnector - Using a SSLEngine...
2017-03-24 13:47:48,407 [main ] INFO  SSLConnector - Done reading supported SSL/TLS protocols: [SSLv2Hello, SSLv3, TLSv1, TLSv1.1, TLSv1.2]
2017-03-24 13:47:48,410 [main ] INFO  OptionsParamCertificate - Unsafe SSL renegotiation disabled.
2017-03-24 13:47:48,929 [main ] INFO  ENGINE - open start - state not modified
2017-03-24 13:47:49,179 [main ] INFO  ENGINE - dataFileCache open start
2017-03-24 13:47:49,199 [main ] INFO  ENGINE - dataFileCache open end
2017-03-24 13:47:49,300 [ZAP-daemon] INFO  ExtensionFactory - Loading extensions
2017-03-24 13:47:50,931 [ZAP-daemon] INFO  ExtensionFactory - Extensions loaded
2017-03-24 13:47:51,287 [ZAP-daemon] INFO  FilterFactory - loaded filter Change user agent to other browsers. 
2017-03-24 13:47:51,287 [ZAP-daemon] INFO  FilterFactory - loaded filter Detect insecure or potentially malicious content in HTTP responses.
2017-03-24 13:47:51,287 [ZAP-daemon] INFO  FilterFactory - loaded filter Detect and alert 'Set-cookie' attempt in HTTP response for modification.
2017-03-24 13:47:51,288 [ZAP-daemon] INFO  FilterFactory - loaded filter Avoid browser cache (strip off IfModifiedSince)
2017-03-24 13:47:51,288 [ZAP-daemon] INFO  FilterFactory - loaded filter Log cookies sent by browser.
2017-03-24 13:47:51,288 [ZAP-daemon] INFO  FilterFactory - loaded filter Log unique GET queries into file:filter/get.xls
2017-03-24 13:47:51,288 [ZAP-daemon] INFO  FilterFactory - loaded filter Log unique POST queries into file:  filter/post.xls
2017-03-24 13:47:51,288 [ZAP-daemon] INFO  FilterFactory - loaded filter Log request and response into file: filter/message.txt
2017-03-24 13:47:51,288 [ZAP-daemon] INFO  FilterFactory - loaded filter Replace HTTP request body using defined pattern.
2017-03-24 13:47:51,288 [ZAP-daemon] INFO  FilterFactory - loaded filter Replace HTTP request header using defined pattern.
2017-03-24 13:47:51,288 [ZAP-daemon] INFO  FilterFactory - loaded filter Replace HTTP response body using defined pattern.
2017-03-24 13:47:51,288 [ZAP-daemon] INFO  FilterFactory - loaded filter Replace HTTP response header using defined pattern.
2017-03-24 13:47:51,289 [ZAP-daemon] INFO  FilterFactory - loaded filter Send ZAP session request ID
2017-03-24 13:47:51,437 [ZAP-daemon] INFO  ExtensionLoader - Initializing Allows ZAP to check for updates
2017-03-24 13:47:51,442 [ZAP-daemon] INFO  ExtensionLoader - Initializing ExtensionViewOption
2017-03-24 13:47:51,443 [ZAP-daemon] INFO  ExtensionLoader - Initializing ExtensionEdit
2017-03-24 13:47:51,443 [ZAP-daemon] INFO  ExtensionLoader - Initializing ExtensionFilter
2017-03-24 13:47:51,443 [ZAP-daemon] INFO  ExtensionLoader - Initializing Provides a rest based API for controlling and accessing ZAP
2017-03-24 13:47:51,515 [ZAP-daemon] INFO  ExtensionLoader - Initializing ExtensionState
2017-03-24 13:47:51,515 [ZAP-daemon] INFO  ExtensionLoader - Initializing ExtensionHistory
2017-03-24 13:47:51,518 [ZAP-daemon] INFO  ExtensionLoader - Initializing Show hidden fields and enable disabled fields
2017-03-24 13:47:51,518 [ZAP-daemon] INFO  ExtensionLoader - Initializing Search messages for strings and regular expressions 
2017-03-24 13:47:51,520 [ZAP-daemon] INFO  ExtensionLoader - Initializing Encode/Decode/Hash...
2017-03-24 13:47:51,520 [ZAP-daemon] INFO  ExtensionLoader - Initializing Allows you to intercept and modify requests and responses
2017-03-24 13:47:51,520 [ZAP-daemon] INFO  ExtensionLoader - Initializing Passive scanner
2017-03-24 13:47:51,585 [ZAP-daemon] INFO  ExtensionPassiveScan - loaded passive scan rule: Script passive scan rules
2017-03-24 13:47:51,585 [ZAP-daemon] INFO  ExtensionPassiveScan - loaded passive scan rule: Stats Passive Scan Rule
2017-03-24 13:47:51,585 [ZAP-daemon] INFO  ExtensionPassiveScan - loaded passive scan rule: Application Error Disclosure
2017-03-24 13:47:51,586 [ZAP-daemon] INFO  ExtensionPassiveScan - loaded passive scan rule: Incomplete or No Cache-control and Pragma HTTP Header Set
2017-03-24 13:47:51,586 [ZAP-daemon] INFO  ExtensionPassiveScan - loaded passive scan rule: Content-Type Header Missing
2017-03-24 13:47:51,586 [ZAP-daemon] INFO  ExtensionPassiveScan - loaded passive scan rule: Cookie No HttpOnly Flag
2017-03-24 13:47:51,586 [ZAP-daemon] INFO  ExtensionPassiveScan - loaded passive scan rule: Cookie Without Secure Flag
2017-03-24 13:47:51,586 [ZAP-daemon] INFO  ExtensionPassiveScan - loaded passive scan rule: Cross-Domain JavaScript Source File Inclusion
2017-03-24 13:47:51,586 [ZAP-daemon] INFO  ExtensionPassiveScan - loaded passive scan rule: Web Browser XSS Protection Not Enabled
2017-03-24 13:47:51,587 [ZAP-daemon] INFO  ExtensionPassiveScan - loaded passive scan rule: Secure Pages Include Mixed Content
2017-03-24 13:47:51,587 [ZAP-daemon] INFO  ExtensionPassiveScan - loaded passive scan rule: Password Autocomplete in Browser
2017-03-24 13:47:51,587 [ZAP-daemon] INFO  ExtensionPassiveScan - loaded passive scan rule: Private IP Disclosure
2017-03-24 13:47:51,587 [ZAP-daemon] INFO  ExtensionPassiveScan - loaded passive scan rule: Session ID in URL Rewrite
2017-03-24 13:47:51,587 [ZAP-daemon] INFO  ExtensionPassiveScan - loaded passive scan rule: X-Content-Type-Options Header Missing
2017-03-24 13:47:51,589 [ZAP-daemon] INFO  ExtensionPassiveScan - loaded passive scan rule: X-Frame-Options Header Not Set
2017-03-24 13:47:51,614 [ZAP-daemon] INFO  ExtensionLoader - Initializing Allows you to view and manage alerts
2017-03-24 13:47:51,615 [ZAP-daemon] INFO  ExtensionLoader - Initializing Active scanner, heavily based on the original Paros active scanner, but with additional tests added
2017-03-24 13:47:51,622 [ZAP-daemon] INFO  ExtensionLoader - Initializing Spider used for automatically finding URIs on a site
2017-03-24 13:47:51,629 [ZAP-daemon] INFO  ExtensionLoader - Initializing A set of common popup menus for miscellaneous tasks
2017-03-24 13:47:51,630 [ZAP-daemon] INFO  ExtensionLoader - Initializing Forced browsing of files and directories using code from the OWASP DirBuster tool
2017-03-24 13:47:51,630 [ZAP-daemon] INFO  ExtensionLoader - Initializing ExtensionManualRequest
2017-03-24 13:47:51,631 [ZAP-daemon] INFO  ExtensionLoader - Initializing Compares 2 sessions and generates an HTML file showing the differences
2017-03-24 13:47:51,631 [ZAP-daemon] INFO  ExtensionLoader - Initializing Invoke external applications passing context related information such as URLs and parameters
2017-03-24 13:47:51,631 [ZAP-daemon] INFO  ExtensionLoader - Initializing Handles anti cross site request forgery (CSRF) tokens
2017-03-24 13:47:51,634 [ZAP-daemon] INFO  ExtensionLoader - Initializing ExtensionAuthentication
2017-03-24 13:47:52,623 [ZAP-daemon] INFO  ExtensionAuthentication - Loaded authentication method types: [Form-based Authentication, HTTP/NTLM Authentication, Manual Authentication, Script-based Authentication]
2017-03-24 13:47:52,625 [ZAP-daemon] INFO  ExtensionLoader - Initializing Creates a dynamic SSL certificate to allow SSL communications to be intercepted without warnings being generated by the browser
2017-03-24 13:47:52,654 [ZAP-daemon] INFO  ExtensionLoader - Initializing Logs errors to the Output tab in development mode only
2017-03-24 13:47:52,654 [ZAP-daemon] INFO  ExtensionLoader - Initializing ExtensionUserManagement
2017-03-24 13:47:52,655 [ZAP-daemon] INFO  ExtensionLoader - Initializing Summarise and analyse FORM and URL parameters as well as cookies
2017-03-24 13:47:52,656 [ZAP-daemon] INFO  ExtensionLoader - Initializing Script integration
2017-03-24 13:47:52,671 [ZAP-daemon] INFO  ExtensionLoader - Initializing Scripting console, supports all JSR 223 scripting languages
2017-03-24 13:47:52,671 [ZAP-daemon] INFO  ExtensionLoader - Initializing ExtensionForcedUser
2017-03-24 13:47:52,671 [ZAP-daemon] INFO  ExtensionLoader - Initializing Extension handling HTTP sessions
2017-03-24 13:47:52,672 [ZAP-daemon] INFO  ExtensionLoader - Initializing Zest is a specialized scripting language from Mozilla specifically designed to be used in security tools
2017-03-24 13:47:53,187 [ZAP-daemon] INFO  ExtensionLoader - Initializing ExtensionDiff
2017-03-24 13:47:53,187 [ZAP-daemon] INFO  ExtensionLoader - Initializing ExtensionRequestPostTableView
2017-03-24 13:47:53,187 [ZAP-daemon] INFO  ExtensionLoader - Initializing ExtensionSessionManagement
2017-03-24 13:47:53,432 [ZAP-daemon] INFO  ExtensionSessionManagement - Loaded session management method types: [Cookie-based Session Management, HTTP Authentication Session Management]
2017-03-24 13:47:53,432 [ZAP-daemon] INFO  ExtensionLoader - Initializing ExtensionHttpPanelRequestFormTableView
2017-03-24 13:47:53,433 [ZAP-daemon] INFO  ExtensionLoader - Initializing Capture messages from WebSockets with the ability to set breakpoints.
2017-03-24 13:47:53,440 [ZAP-daemon] INFO  ExtensionLoader - Initializing Summarise and analyse FORM and URL parameters as well as cookies
2017-03-24 13:47:53,441 [ZAP-daemon] INFO  ExtensionLoader - Initializing ExtensionAuthorization
2017-03-24 13:47:53,441 [ZAP-daemon] INFO  ExtensionLoader - Initializing AJAX Spider, uses Crawljax
2017-03-24 13:47:53,442 [ZAP-daemon] INFO  ExtensionLoader - Initializing Handles adding Global Excluded URLs
2017-03-24 13:47:53,442 [ZAP-daemon] INFO  ExtensionLoader - Initializing Adds menu item to refresh the Sites tree
2017-03-24 13:47:53,442 [ZAP-daemon] INFO  ExtensionLoader - Initializing Adds support for configurable keyboard shortcuts for all of the ZAP menus.
2017-03-24 13:47:53,443 [ZAP-daemon] INFO  ExtensionLoader - Initializing OWASP ZAP User Guide
2017-03-24 13:47:53,443 [ZAP-daemon] INFO  ExtensionLoader - Initializing ExtensionReport
2017-03-24 13:47:53,443 [ZAP-daemon] INFO  ExtensionLoader - Initializing Allows you to configure which extensions are loaded when ZAP starts 
2017-03-24 13:47:53,443 [ZAP-daemon] INFO  ExtensionLoader - Initializing ExtensionHttpPanelComponentonentAll
2017-03-24 13:47:53,443 [ZAP-daemon] INFO  ExtensionLoader - Initializing ExtensionHttpPanelHexView
2017-03-24 13:47:53,443 [ZAP-daemon] INFO  ExtensionLoader - Initializing ExtensionHttpPanelImageView
2017-03-24 13:47:53,444 [ZAP-daemon] INFO  ExtensionLoader - Initializing ExtensionHttpPanelLargeRequestView
2017-03-24 13:47:53,444 [ZAP-daemon] INFO  ExtensionLoader - Initializing ExtensionHttpPanelLargeResponseView
2017-03-24 13:47:53,444 [ZAP-daemon] INFO  ExtensionLoader - Initializing ExtensionHttpPanelRequestQueryCookieTableView
2017-03-24 13:47:53,444 [ZAP-daemon] INFO  ExtensionLoader - Initializing ExtensionHttpPanelSyntaxHighlightTextView
2017-03-24 13:47:53,444 [ZAP-daemon] INFO  ExtensionLoader - Initializing Statistics
2017-03-24 13:47:53,445 [ZAP-daemon] INFO  ExtensionStats - Start recording in memory stats
2017-03-24 13:47:53,445 [ZAP-daemon] INFO  ExtensionLoader - Initializing Context alert rules filter
2017-03-24 13:47:53,447 [ZAP-daemon] INFO  ExtensionLoader - Initializing Active Scan Rules
2017-03-24 13:47:53,447 [ZAP-daemon] INFO  ExtensionLoader - Initializing Translations of the core language files
2017-03-24 13:47:53,447 [ZAP-daemon] INFO  ExtensionLoader - Initializing Provides the foundation for concrete message types (for example, HTTP, WebSockets) expose fuzzer implementations.
2017-03-24 13:47:53,448 [ZAP-daemon] INFO  ExtensionLoader - Initializing Allows to fuzz HTTP messages.
2017-03-24 13:47:53,449 [ZAP-daemon] INFO  ExtensionLoader - Initializing The ZAP Getting Started Guide
2017-03-24 13:47:53,449 [ZAP-daemon] INFO  ExtensionLoader - Initializing The Online menu links
2017-03-24 13:47:53,449 [ZAP-daemon] INFO  ExtensionLoader - Initializing Passive Scan Rules
2017-03-24 13:47:53,449 [ZAP-daemon] INFO  ExtensionLoader - Initializing Quick Start panel 
2017-03-24 13:47:53,449 [ZAP-daemon] INFO  ExtensionLoader - Initializing ExtensionSaveRawHttpMessage
2017-03-24 13:47:53,450 [ZAP-daemon] INFO  ExtensionLoader - Initializing Provides WebDrivers to control several browsers using Selenium and includes HtmlUnit browser.
2017-03-24 13:47:53,451 [ZAP-daemon] INFO  ExtensionLoader - Initializing Tips and Tricks
2017-03-24 13:47:53,451 [ZAP-daemon] INFO  ExtensionLoader - Initializing Allows to fuzz WebSocket messages.
2017-03-24 13:47:53,711 [ZAP-daemon] INFO  DaemonBootstrap - ZAP is now listening on 127.178.33.222:12059
2017-03-24 13:47:56,421 [ZAP-ProxyThread-1] INFO  ExtensionDynSSL - Creating new root CA certificate
2017-03-24 13:47:57,111 [ZAP-ProxyThread-1] INFO  ExtensionDynSSL - New root CA certificate created
2017-03-24 13:48:20,951 [Thread-7] INFO  SpiderThread - Starting spidering scan on SpiderApi-0 at Fri Mar 24 13:48:20 NZDT 2017
2017-03-24 13:48:20,954 [Thread-7] INFO  Spider - Spider initializing...
2017-03-24 13:48:20,974 [Thread-7] INFO  Spider - Starting spider...
2017-03-24 13:48:42,196 [pool-3-thread-2] INFO  Spider - Spidering process is complete. Shutting down...
2017-03-24 13:48:42,197 [Thread-9] INFO  SpiderThread - Spider scanning complete: true
2017-03-24 13:49:17,610 [Thread-10] INFO  ENGINE - dataFileCache commit start
2017-03-24 13:49:18,317 [Thread-10] INFO  ENGINE - dataFileCache commit end
2017-03-24 13:49:18,416 [Thread-10] INFO  ENGINE - Database closed
2017-03-24 13:49:18,531 [Thread-10] INFO  CoreAPI - OWASP ZAP 2.5.0 terminated.
