15-Mar-2017 18:54:32.608 INFO [main] org.apache.catalina.startup.VersionLoggerListener.log Server version:        Apache Tomcat/9.0.0.M17
15-Mar-2017 18:54:32.617 INFO [main] org.apache.catalina.startup.VersionLoggerListener.log Server built:          Jan 10 2017 20:59:20 UTC
15-Mar-2017 18:54:32.618 INFO [main] org.apache.catalina.startup.VersionLoggerListener.log Server number:         9.0.0.0
15-Mar-2017 18:54:32.618 INFO [main] org.apache.catalina.startup.VersionLoggerListener.log OS Name:               Windows 10
15-Mar-2017 18:54:32.618 INFO [main] org.apache.catalina.startup.VersionLoggerListener.log OS Version:            10.0
15-Mar-2017 18:54:32.618 INFO [main] org.apache.catalina.startup.VersionLoggerListener.log Architecture:          amd64
15-Mar-2017 18:54:32.618 INFO [main] org.apache.catalina.startup.VersionLoggerListener.log Java Home:             C:\Program Files\Java\jre1.8.0_121
15-Mar-2017 18:54:32.618 INFO [main] org.apache.catalina.startup.VersionLoggerListener.log JVM Version:           1.8.0_121-b13
15-Mar-2017 18:54:32.618 INFO [main] org.apache.catalina.startup.VersionLoggerListener.log JVM Vendor:            Oracle Corporation
15-Mar-2017 18:54:32.619 INFO [main] org.apache.catalina.startup.VersionLoggerListener.log CATALINA_BASE:         D:\the test build\apache-tomcat-9.0.0.M17
15-Mar-2017 18:54:32.619 INFO [main] org.apache.catalina.startup.VersionLoggerListener.log CATALINA_HOME:         D:\the test build\apache-tomcat-9.0.0.M17
15-Mar-2017 18:54:32.620 INFO [main] org.apache.catalina.startup.VersionLoggerListener.log Command line argument: -Djava.util.logging.config.file=D:\the test build\apache-tomcat-9.0.0.M17\conf\logging.properties
15-Mar-2017 18:54:32.620 INFO [main] org.apache.catalina.startup.VersionLoggerListener.log Command line argument: -Djava.util.logging.manager=org.apache.juli.ClassLoaderLogManager
15-Mar-2017 18:54:32.620 INFO [main] org.apache.catalina.startup.VersionLoggerListener.log Command line argument: -Djdk.tls.ephemeralDHKeySize=2048
15-Mar-2017 18:54:32.620 INFO [main] org.apache.catalina.startup.VersionLoggerListener.log Command line argument: -Djava.protocol.handler.pkgs=org.apache.catalina.webresources
15-Mar-2017 18:54:32.620 INFO [main] org.apache.catalina.startup.VersionLoggerListener.log Command line argument: -Dcatalina.base=D:\the test build\apache-tomcat-9.0.0.M17
15-Mar-2017 18:54:32.620 INFO [main] org.apache.catalina.startup.VersionLoggerListener.log Command line argument: -Dcatalina.home=D:\the test build\apache-tomcat-9.0.0.M17
15-Mar-2017 18:54:32.621 INFO [main] org.apache.catalina.startup.VersionLoggerListener.log Command line argument: -Djava.io.tmpdir=D:\the test build\apache-tomcat-9.0.0.M17\temp
15-Mar-2017 18:54:32.621 INFO [main] org.apache.catalina.core.AprLifecycleListener.lifecycleEvent The APR based Apache Tomcat Native library which allows optimal performance in production environments was not found on the java.library.path: C:\Program Files\Java\jre1.8.0_121\bin;C:\WINDOWS\Sun\Java\bin;C:\WINDOWS\system32;C:\WINDOWS;C:\ProgramData\Oracle\Java\javapath;C:\WINDOWS\system32;C:\WINDOWS;C:\WINDOWS\System32\Wbem;C:\WINDOWS\System32\WindowsPowerShell\v1.0\;C:\Program Files (x86)\MiKTeX 2.9\miktex\bin\;C:\MinGW\bin\gcc.exe;C:\Program Files\Microsoft\Web Platform Installer\;C:\Program Files (x86)\Microsoft ASP.NET\ASP.NET Web Pages\v1.0\;C:\Program Files (x86)\Windows Kits\8.0\Windows Performance Toolkit\;C:\Program Files\Microsoft SQL Server\110\Tools\Binn\;C:\Program Files (x86)\Windows Live\Shared;C:\Program Files (x86)\NVIDIA Corporation\PhysX\Common;C:\Users\vivid160\Anaconda3;C:\Users\vivid160\Anaconda3\Scripts;C:\Users\vivid160\Anaconda3\Library\bin;C:\Users\vivid160\AppData\Local\Microsoft\WindowsApps;C:\MinGW\bin;.
15-Mar-2017 18:54:32.739 INFO [main] org.apache.coyote.AbstractProtocol.init Initializing ProtocolHandler ["http-nio-8080"]
15-Mar-2017 18:54:32.848 INFO [main] org.apache.tomcat.util.net.NioSelectorPool.getSharedSelector Using a shared selector for servlet write/read
15-Mar-2017 18:54:32.851 INFO [main] org.apache.coyote.AbstractProtocol.init Initializing ProtocolHandler ["ajp-nio-8009"]
15-Mar-2017 18:54:32.853 INFO [main] org.apache.tomcat.util.net.NioSelectorPool.getSharedSelector Using a shared selector for servlet write/read
15-Mar-2017 18:54:32.853 INFO [main] org.apache.catalina.startup.Catalina.load Initialization processed in 664 ms
15-Mar-2017 18:54:32.877 INFO [main] org.apache.catalina.core.StandardService.startInternal Starting service Catalina
15-Mar-2017 18:54:32.877 INFO [main] org.apache.catalina.core.StandardEngine.startInternal Starting Servlet Engine: Apache Tomcat/9.0.0.M17
15-Mar-2017 18:54:32.915 INFO [localhost-startStop-1] org.apache.catalina.startup.HostConfig.deployWAR Deploying web application archive D:\the test build\apache-tomcat-9.0.0.M17\webapps\bodgeit.war
15-Mar-2017 18:54:33.329 INFO [localhost-startStop-1] org.apache.jasper.servlet.TldScanner.scanJars At least one JAR was scanned for TLDs yet contained no TLDs. Enable debug logging for this logger for a complete list of JARs that were scanned but no TLDs were found in them. Skipping unneeded JARs during scanning can improve startup time and JSP compilation time.
15-Mar-2017 18:54:33.533 INFO [localhost-startStop-1] org.apache.catalina.startup.HostConfig.deployWAR Deployment of web application archive D:\the test build\apache-tomcat-9.0.0.M17\webapps\bodgeit.war has finished in 618 ms
15-Mar-2017 18:54:33.534 INFO [localhost-startStop-1] org.apache.catalina.startup.HostConfig.deployDirectory Deploying web application directory D:\the test build\apache-tomcat-9.0.0.M17\webapps\ROOT
15-Mar-2017 18:54:33.551 INFO [localhost-startStop-1] org.apache.catalina.startup.HostConfig.deployDirectory Deployment of web application directory D:\the test build\apache-tomcat-9.0.0.M17\webapps\ROOT has finished in 17 ms
15-Mar-2017 18:54:33.551 INFO [localhost-startStop-1] org.apache.catalina.startup.HostConfig.deployDirectory Deploying web application directory D:\the test build\apache-tomcat-9.0.0.M17\webapps\docs
15-Mar-2017 18:54:33.568 INFO [localhost-startStop-1] org.apache.catalina.startup.HostConfig.deployDirectory Deployment of web application directory D:\the test build\apache-tomcat-9.0.0.M17\webapps\docs has finished in 17 ms
15-Mar-2017 18:54:33.568 INFO [localhost-startStop-1] org.apache.catalina.startup.HostConfig.deployDirectory Deploying web application directory D:\the test build\apache-tomcat-9.0.0.M17\webapps\examples
15-Mar-2017 18:54:34.100 INFO [localhost-startStop-1] org.apache.catalina.startup.HostConfig.deployDirectory Deployment of web application directory D:\the test build\apache-tomcat-9.0.0.M17\webapps\examples has finished in 531 ms
15-Mar-2017 18:54:34.100 INFO [localhost-startStop-1] org.apache.catalina.startup.HostConfig.deployDirectory Deploying web application directory D:\the test build\apache-tomcat-9.0.0.M17\webapps\host-manager
15-Mar-2017 18:54:34.128 INFO [localhost-startStop-1] org.apache.catalina.startup.HostConfig.deployDirectory Deployment of web application directory D:\the test build\apache-tomcat-9.0.0.M17\webapps\host-manager has finished in 28 ms
15-Mar-2017 18:54:34.129 INFO [localhost-startStop-1] org.apache.catalina.startup.HostConfig.deployDirectory Deploying web application directory D:\the test build\apache-tomcat-9.0.0.M17\webapps\manager
15-Mar-2017 18:54:34.152 INFO [localhost-startStop-1] org.apache.catalina.startup.HostConfig.deployDirectory Deployment of web application directory D:\the test build\apache-tomcat-9.0.0.M17\webapps\manager has finished in 24 ms
15-Mar-2017 18:54:34.155 INFO [main] org.apache.coyote.AbstractProtocol.start Starting ProtocolHandler [http-nio-8080]
15-Mar-2017 18:54:34.160 INFO [main] org.apache.coyote.AbstractProtocol.start Starting ProtocolHandler [ajp-nio-8009]
15-Mar-2017 18:54:34.162 INFO [main] org.apache.catalina.startup.Catalina.start Server startup in 1307 ms
15-Mar-2017 22:18:47.066 INFO [main] org.apache.catalina.core.StandardServer.await A valid shutdown command was received via the shutdown port. Stopping the Server instance.
15-Mar-2017 22:18:47.066 INFO [main] org.apache.coyote.AbstractProtocol.pause Pausing ProtocolHandler ["http-nio-8080"]
15-Mar-2017 22:18:47.191 INFO [main] org.apache.coyote.AbstractProtocol.pause Pausing ProtocolHandler ["ajp-nio-8009"]
15-Mar-2017 22:18:47.331 INFO [main] org.apache.catalina.core.StandardService.stopInternal Stopping service Catalina
15-Mar-2017 22:18:47.362 WARNING [localhost-startStop-2] org.apache.catalina.loader.WebappClassLoaderBase.clearReferencesJdbc The web application [bodgeit] registered the JDBC driver [org.hsqldb.jdbcDriver] but failed to unregister it when the web application was stopped. To prevent a memory leak, the JDBC Driver has been forcibly unregistered.
15-Mar-2017 22:18:47.378 INFO [main] org.apache.coyote.AbstractProtocol.stop Stopping ProtocolHandler ["http-nio-8080"]
15-Mar-2017 22:18:47.378 INFO [main] org.apache.coyote.AbstractProtocol.stop Stopping ProtocolHandler ["ajp-nio-8009"]
15-Mar-2017 22:18:47.378 INFO [main] org.apache.coyote.AbstractProtocol.destroy Destroying ProtocolHandler ["http-nio-8080"]
15-Mar-2017 22:18:47.378 INFO [main] org.apache.coyote.AbstractProtocol.destroy Destroying ProtocolHandler ["ajp-nio-8009"]
