24-Mar-2017 11:21:53.207 INFO [main] org.apache.catalina.startup.VersionLoggerListener.log Server version:        Apache Tomcat/9.0.0.M17
24-Mar-2017 11:21:53.209 INFO [main] org.apache.catalina.startup.VersionLoggerListener.log Server built:          Jan 10 2017 20:59:20 UTC
24-Mar-2017 11:21:53.210 INFO [main] org.apache.catalina.startup.VersionLoggerListener.log Server number:         9.0.0.0
24-Mar-2017 11:21:53.210 INFO [main] org.apache.catalina.startup.VersionLoggerListener.log OS Name:               Windows 8.1
24-Mar-2017 11:21:53.211 INFO [main] org.apache.catalina.startup.VersionLoggerListener.log OS Version:            6.3
24-Mar-2017 11:21:53.211 INFO [main] org.apache.catalina.startup.VersionLoggerListener.log Architecture:          amd64
24-Mar-2017 11:21:53.212 INFO [main] org.apache.catalina.startup.VersionLoggerListener.log Java Home:             C:\Program Files\Java\jre1.8.0_45
24-Mar-2017 11:21:53.212 INFO [main] org.apache.catalina.startup.VersionLoggerListener.log JVM Version:           1.8.0_45-b14
24-Mar-2017 11:21:53.212 INFO [main] org.apache.catalina.startup.VersionLoggerListener.log JVM Vendor:            Oracle Corporation
24-Mar-2017 11:21:53.212 INFO [main] org.apache.catalina.startup.VersionLoggerListener.log CATALINA_BASE:         G:\the test build\apache-tomcat-9.0.0.M17
24-Mar-2017 11:21:53.212 INFO [main] org.apache.catalina.startup.VersionLoggerListener.log CATALINA_HOME:         G:\the test build\apache-tomcat-9.0.0.M17
24-Mar-2017 11:21:53.212 INFO [main] org.apache.catalina.startup.VersionLoggerListener.log Command line argument: -Djava.util.logging.config.file=G:\the test build\apache-tomcat-9.0.0.M17\conf\logging.properties
24-Mar-2017 11:21:53.213 INFO [main] org.apache.catalina.startup.VersionLoggerListener.log Command line argument: -Djava.util.logging.manager=org.apache.juli.ClassLoaderLogManager
24-Mar-2017 11:21:53.213 INFO [main] org.apache.catalina.startup.VersionLoggerListener.log Command line argument: -Djdk.tls.ephemeralDHKeySize=2048
24-Mar-2017 11:21:53.214 INFO [main] org.apache.catalina.startup.VersionLoggerListener.log Command line argument: -Djava.protocol.handler.pkgs=org.apache.catalina.webresources
24-Mar-2017 11:21:53.214 INFO [main] org.apache.catalina.startup.VersionLoggerListener.log Command line argument: -Dcatalina.base=G:\the test build\apache-tomcat-9.0.0.M17
24-Mar-2017 11:21:53.215 INFO [main] org.apache.catalina.startup.VersionLoggerListener.log Command line argument: -Dcatalina.home=G:\the test build\apache-tomcat-9.0.0.M17
24-Mar-2017 11:21:53.215 INFO [main] org.apache.catalina.startup.VersionLoggerListener.log Command line argument: -Djava.io.tmpdir=G:\the test build\apache-tomcat-9.0.0.M17\temp
24-Mar-2017 11:21:53.216 INFO [main] org.apache.catalina.core.AprLifecycleListener.lifecycleEvent The APR based Apache Tomcat Native library which allows optimal performance in production environments was not found on the java.library.path: C:\Program Files\Java\jre1.8.0_45\bin;C:\WINDOWS\Sun\Java\bin;C:\WINDOWS\system32;C:\WINDOWS;C:\ProgramData\Oracle\Java\javapath;C:\Program Files (x86)\PC Connectivity Solution\;C:\Program Files\Common Files\Microsoft Shared\Windows Live;C:\Program Files (x86)\Common Files\Microsoft Shared\Windows Live;C:\Program Files (x86)\HP SimplePass 2011\x64;C:\Program Files (x86)\HP SimplePass 2011\;;C:\Program Files\Broadcom\Broadcom 802.11\Driver;C:\WINDOWS\system32;C:\WINDOWS;C:\WINDOWS\System32\Wbem;C:\WINDOWS\System32\WindowsPowerShell\v1.0\;C:\Program Files (x86)\Windows Live\Shared;C:\Program Files (x86)\ATI Technologies\ATI.ACE\Core-Static;C:\Program Files\WIDCOMM\Bluetooth Software\;C:\Program Files\WIDCOMM\Bluetooth Software\syswow64;C:\Program Files\Broadcom\WHL\;C:\Program Files\Broadcom\WHL\syswow64;C:\Program Files\Broadcom\WHL\SysWow64\;C:\Program Files\Broadcom\WHL\SysWow64\syswow64;C:\Program Files (x86)\Intel\Services\IPT\;C:\Program Files\Microsoft\Web Platform Installer\;C:\Program Files (x86)\Microsoft ASP.NET\ASP.NET Web Pages\v1.0\;C:\Program Files\Microsoft SQL Server\110\Tools\Binn\;C:\Program Files (x86)\Windows Kits\8.0\Windows Performance Toolkit\;C:\Program Files (x86)\MiKTeX 2.9\miktex\bin\;C:\Users\colin\AppData\Local\Microsoft\WindowsApps;C:\Users\colin\Downloads\WinPython-64bit-3.4.4.3Qt5\python-3.4.4.amd64;;.
24-Mar-2017 11:21:54.000 INFO [main] org.apache.coyote.AbstractProtocol.init Initializing ProtocolHandler ["http-nio-8080"]
24-Mar-2017 11:21:54.560 INFO [main] org.apache.tomcat.util.net.NioSelectorPool.getSharedSelector Using a shared selector for servlet write/read
24-Mar-2017 11:21:54.564 INFO [main] org.apache.coyote.AbstractProtocol.init Initializing ProtocolHandler ["ajp-nio-8009"]
24-Mar-2017 11:21:54.568 INFO [main] org.apache.tomcat.util.net.NioSelectorPool.getSharedSelector Using a shared selector for servlet write/read
24-Mar-2017 11:21:54.569 INFO [main] org.apache.catalina.startup.Catalina.load Initialization processed in 3057 ms
24-Mar-2017 11:21:54.701 INFO [main] org.apache.catalina.core.StandardService.startInternal Starting service Catalina
24-Mar-2017 11:21:54.701 INFO [main] org.apache.catalina.core.StandardEngine.startInternal Starting Servlet Engine: Apache Tomcat/9.0.0.M17
24-Mar-2017 11:21:54.757 INFO [localhost-startStop-1] org.apache.catalina.startup.HostConfig.deployWAR Deploying web application archive G:\the test build\apache-tomcat-9.0.0.M17\webapps\bodgeit.war
24-Mar-2017 11:21:56.720 INFO [localhost-startStop-1] org.apache.jasper.servlet.TldScanner.scanJars At least one JAR was scanned for TLDs yet contained no TLDs. Enable debug logging for this logger for a complete list of JARs that were scanned but no TLDs were found in them. Skipping unneeded JARs during scanning can improve startup time and JSP compilation time.
24-Mar-2017 11:21:56.971 INFO [localhost-startStop-1] org.apache.catalina.util.SessionIdGeneratorBase.createSecureRandom Creation of SecureRandom instance for session ID generation using [SHA1PRNG] took [163] milliseconds.
24-Mar-2017 11:21:57.781 INFO [localhost-startStop-1] org.apache.catalina.startup.HostConfig.deployWAR Deployment of web application archive G:\the test build\apache-tomcat-9.0.0.M17\webapps\bodgeit.war has finished in 3,024 ms
24-Mar-2017 11:21:57.783 INFO [localhost-startStop-1] org.apache.catalina.startup.HostConfig.deployDirectory Deploying web application directory G:\the test build\apache-tomcat-9.0.0.M17\webapps\ROOT
24-Mar-2017 11:21:57.868 INFO [localhost-startStop-1] org.apache.catalina.startup.HostConfig.deployDirectory Deployment of web application directory G:\the test build\apache-tomcat-9.0.0.M17\webapps\ROOT has finished in 85 ms
24-Mar-2017 11:21:57.868 INFO [localhost-startStop-1] org.apache.catalina.startup.HostConfig.deployDirectory Deploying web application directory G:\the test build\apache-tomcat-9.0.0.M17\webapps\docs
24-Mar-2017 11:21:57.912 INFO [localhost-startStop-1] org.apache.catalina.startup.HostConfig.deployDirectory Deployment of web application directory G:\the test build\apache-tomcat-9.0.0.M17\webapps\docs has finished in 43 ms
24-Mar-2017 11:21:57.912 INFO [localhost-startStop-1] org.apache.catalina.startup.HostConfig.deployDirectory Deploying web application directory G:\the test build\apache-tomcat-9.0.0.M17\webapps\examples
24-Mar-2017 11:21:58.874 INFO [localhost-startStop-1] org.apache.catalina.startup.HostConfig.deployDirectory Deployment of web application directory G:\the test build\apache-tomcat-9.0.0.M17\webapps\examples has finished in 962 ms
24-Mar-2017 11:21:58.875 INFO [localhost-startStop-1] org.apache.catalina.startup.HostConfig.deployDirectory Deploying web application directory G:\the test build\apache-tomcat-9.0.0.M17\webapps\host-manager
24-Mar-2017 11:21:58.952 INFO [localhost-startStop-1] org.apache.catalina.startup.HostConfig.deployDirectory Deployment of web application directory G:\the test build\apache-tomcat-9.0.0.M17\webapps\host-manager has finished in 78 ms
24-Mar-2017 11:21:58.952 INFO [localhost-startStop-1] org.apache.catalina.startup.HostConfig.deployDirectory Deploying web application directory G:\the test build\apache-tomcat-9.0.0.M17\webapps\manager
24-Mar-2017 11:21:59.020 INFO [localhost-startStop-1] org.apache.catalina.startup.HostConfig.deployDirectory Deployment of web application directory G:\the test build\apache-tomcat-9.0.0.M17\webapps\manager has finished in 68 ms
24-Mar-2017 11:21:59.035 INFO [main] org.apache.coyote.AbstractProtocol.start Starting ProtocolHandler [http-nio-8080]
24-Mar-2017 11:21:59.056 INFO [main] org.apache.coyote.AbstractProtocol.start Starting ProtocolHandler [ajp-nio-8009]
24-Mar-2017 11:21:59.060 INFO [main] org.apache.catalina.startup.Catalina.start Server startup in 4490 ms
24-Mar-2017 13:21:36.739 INFO [main] org.apache.catalina.startup.VersionLoggerListener.log Server version:        Apache Tomcat/9.0.0.M17
24-Mar-2017 13:21:36.742 INFO [main] org.apache.catalina.startup.VersionLoggerListener.log Server built:          Jan 10 2017 20:59:20 UTC
24-Mar-2017 13:21:36.742 INFO [main] org.apache.catalina.startup.VersionLoggerListener.log Server number:         9.0.0.0
24-Mar-2017 13:21:36.742 INFO [main] org.apache.catalina.startup.VersionLoggerListener.log OS Name:               Windows 8.1
24-Mar-2017 13:21:36.743 INFO [main] org.apache.catalina.startup.VersionLoggerListener.log OS Version:            6.3
24-Mar-2017 13:21:36.743 INFO [main] org.apache.catalina.startup.VersionLoggerListener.log Architecture:          amd64
24-Mar-2017 13:21:36.743 INFO [main] org.apache.catalina.startup.VersionLoggerListener.log Java Home:             C:\Program Files\Java\jre1.8.0_45
24-Mar-2017 13:21:36.743 INFO [main] org.apache.catalina.startup.VersionLoggerListener.log JVM Version:           1.8.0_45-b14
24-Mar-2017 13:21:36.743 INFO [main] org.apache.catalina.startup.VersionLoggerListener.log JVM Vendor:            Oracle Corporation
24-Mar-2017 13:21:36.743 INFO [main] org.apache.catalina.startup.VersionLoggerListener.log CATALINA_BASE:         G:\the test build\apache-tomcat-9.0.0.M17
24-Mar-2017 13:21:36.743 INFO [main] org.apache.catalina.startup.VersionLoggerListener.log CATALINA_HOME:         G:\the test build\apache-tomcat-9.0.0.M17
24-Mar-2017 13:21:36.744 INFO [main] org.apache.catalina.startup.VersionLoggerListener.log Command line argument: -Djava.util.logging.config.file=G:\the test build\apache-tomcat-9.0.0.M17\conf\logging.properties
24-Mar-2017 13:21:36.744 INFO [main] org.apache.catalina.startup.VersionLoggerListener.log Command line argument: -Djava.util.logging.manager=org.apache.juli.ClassLoaderLogManager
24-Mar-2017 13:21:36.745 INFO [main] org.apache.catalina.startup.VersionLoggerListener.log Command line argument: -Djdk.tls.ephemeralDHKeySize=2048
24-Mar-2017 13:21:36.746 INFO [main] org.apache.catalina.startup.VersionLoggerListener.log Command line argument: -Djava.protocol.handler.pkgs=org.apache.catalina.webresources
24-Mar-2017 13:21:36.747 INFO [main] org.apache.catalina.startup.VersionLoggerListener.log Command line argument: -Dcatalina.base=G:\the test build\apache-tomcat-9.0.0.M17
24-Mar-2017 13:21:36.748 INFO [main] org.apache.catalina.startup.VersionLoggerListener.log Command line argument: -Dcatalina.home=G:\the test build\apache-tomcat-9.0.0.M17
24-Mar-2017 13:21:36.749 INFO [main] org.apache.catalina.startup.VersionLoggerListener.log Command line argument: -Djava.io.tmpdir=G:\the test build\apache-tomcat-9.0.0.M17\temp
24-Mar-2017 13:21:36.749 INFO [main] org.apache.catalina.core.AprLifecycleListener.lifecycleEvent The APR based Apache Tomcat Native library which allows optimal performance in production environments was not found on the java.library.path: C:\Program Files\Java\jre1.8.0_45\bin;C:\WINDOWS\Sun\Java\bin;C:\WINDOWS\system32;C:\WINDOWS;C:\ProgramData\Oracle\Java\javapath;C:\Program Files (x86)\PC Connectivity Solution\;C:\Program Files\Common Files\Microsoft Shared\Windows Live;C:\Program Files (x86)\Common Files\Microsoft Shared\Windows Live;C:\Program Files (x86)\HP SimplePass 2011\x64;C:\Program Files (x86)\HP SimplePass 2011\;;C:\Program Files\Broadcom\Broadcom 802.11\Driver;C:\WINDOWS\system32;C:\WINDOWS;C:\WINDOWS\System32\Wbem;C:\WINDOWS\System32\WindowsPowerShell\v1.0\;C:\Program Files (x86)\Windows Live\Shared;C:\Program Files (x86)\ATI Technologies\ATI.ACE\Core-Static;C:\Program Files\WIDCOMM\Bluetooth Software\;C:\Program Files\WIDCOMM\Bluetooth Software\syswow64;C:\Program Files\Broadcom\WHL\;C:\Program Files\Broadcom\WHL\syswow64;C:\Program Files\Broadcom\WHL\SysWow64\;C:\Program Files\Broadcom\WHL\SysWow64\syswow64;C:\Program Files (x86)\Intel\Services\IPT\;C:\Program Files\Microsoft\Web Platform Installer\;C:\Program Files (x86)\Microsoft ASP.NET\ASP.NET Web Pages\v1.0\;C:\Program Files\Microsoft SQL Server\110\Tools\Binn\;C:\Program Files (x86)\Windows Kits\8.0\Windows Performance Toolkit\;C:\Program Files (x86)\MiKTeX 2.9\miktex\bin\;C:\Users\colin\AppData\Local\Microsoft\WindowsApps;C:\Users\colin\Downloads\WinPython-64bit-3.4.4.3Qt5\python-3.4.4.amd64;;.
24-Mar-2017 13:21:36.978 INFO [main] org.apache.coyote.AbstractProtocol.init Initializing ProtocolHandler ["http-nio-8080"]
24-Mar-2017 13:21:37.125 INFO [main] org.apache.tomcat.util.net.NioSelectorPool.getSharedSelector Using a shared selector for servlet write/read
24-Mar-2017 13:21:37.129 INFO [main] org.apache.coyote.AbstractProtocol.init Initializing ProtocolHandler ["ajp-nio-8009"]
24-Mar-2017 13:21:37.132 INFO [main] org.apache.tomcat.util.net.NioSelectorPool.getSharedSelector Using a shared selector for servlet write/read
24-Mar-2017 13:21:37.132 INFO [main] org.apache.catalina.startup.Catalina.load Initialization processed in 1319 ms
24-Mar-2017 13:21:37.181 INFO [main] org.apache.catalina.core.StandardService.startInternal Starting service Catalina
24-Mar-2017 13:21:37.181 INFO [main] org.apache.catalina.core.StandardEngine.startInternal Starting Servlet Engine: Apache Tomcat/9.0.0.M17
24-Mar-2017 13:21:37.236 INFO [localhost-startStop-1] org.apache.catalina.startup.HostConfig.deployWAR Deploying web application archive G:\the test build\apache-tomcat-9.0.0.M17\webapps\bodgeit.war
24-Mar-2017 13:21:38.133 INFO [localhost-startStop-1] org.apache.jasper.servlet.TldScanner.scanJars At least one JAR was scanned for TLDs yet contained no TLDs. Enable debug logging for this logger for a complete list of JARs that were scanned but no TLDs were found in them. Skipping unneeded JARs during scanning can improve startup time and JSP compilation time.
24-Mar-2017 13:21:38.333 INFO [localhost-startStop-1] org.apache.catalina.util.SessionIdGeneratorBase.createSecureRandom Creation of SecureRandom instance for session ID generation using [SHA1PRNG] took [153] milliseconds.
24-Mar-2017 13:21:38.777 INFO [localhost-startStop-1] org.apache.catalina.startup.HostConfig.deployWAR Deployment of web application archive G:\the test build\apache-tomcat-9.0.0.M17\webapps\bodgeit.war has finished in 1,541 ms
24-Mar-2017 13:21:38.778 INFO [localhost-startStop-1] org.apache.catalina.startup.HostConfig.deployDirectory Deploying web application directory G:\the test build\apache-tomcat-9.0.0.M17\webapps\ROOT
24-Mar-2017 13:21:38.832 INFO [localhost-startStop-1] org.apache.catalina.startup.HostConfig.deployDirectory Deployment of web application directory G:\the test build\apache-tomcat-9.0.0.M17\webapps\ROOT has finished in 54 ms
24-Mar-2017 13:21:38.832 INFO [localhost-startStop-1] org.apache.catalina.startup.HostConfig.deployDirectory Deploying web application directory G:\the test build\apache-tomcat-9.0.0.M17\webapps\docs
24-Mar-2017 13:21:38.876 INFO [localhost-startStop-1] org.apache.catalina.startup.HostConfig.deployDirectory Deployment of web application directory G:\the test build\apache-tomcat-9.0.0.M17\webapps\docs has finished in 44 ms
24-Mar-2017 13:21:38.877 INFO [localhost-startStop-1] org.apache.catalina.startup.HostConfig.deployDirectory Deploying web application directory G:\the test build\apache-tomcat-9.0.0.M17\webapps\examples
24-Mar-2017 13:21:39.516 INFO [localhost-startStop-1] org.apache.catalina.startup.HostConfig.deployDirectory Deployment of web application directory G:\the test build\apache-tomcat-9.0.0.M17\webapps\examples has finished in 639 ms
24-Mar-2017 13:21:39.517 INFO [localhost-startStop-1] org.apache.catalina.startup.HostConfig.deployDirectory Deploying web application directory G:\the test build\apache-tomcat-9.0.0.M17\webapps\host-manager
24-Mar-2017 13:21:39.596 INFO [localhost-startStop-1] org.apache.catalina.startup.HostConfig.deployDirectory Deployment of web application directory G:\the test build\apache-tomcat-9.0.0.M17\webapps\host-manager has finished in 80 ms
24-Mar-2017 13:21:39.596 INFO [localhost-startStop-1] org.apache.catalina.startup.HostConfig.deployDirectory Deploying web application directory G:\the test build\apache-tomcat-9.0.0.M17\webapps\manager
24-Mar-2017 13:21:39.654 INFO [localhost-startStop-1] org.apache.catalina.startup.HostConfig.deployDirectory Deployment of web application directory G:\the test build\apache-tomcat-9.0.0.M17\webapps\manager has finished in 58 ms
24-Mar-2017 13:21:39.660 INFO [main] org.apache.coyote.AbstractProtocol.start Starting ProtocolHandler [http-nio-8080]
24-Mar-2017 13:21:39.676 INFO [main] org.apache.coyote.AbstractProtocol.start Starting ProtocolHandler [ajp-nio-8009]
24-Mar-2017 13:21:39.680 INFO [main] org.apache.catalina.startup.Catalina.start Server startup in 2547 ms
