22-Mar-2017 17:15:40.180 INFO [main] org.apache.catalina.startup.VersionLoggerListener.log Server version:        Apache Tomcat/9.0.0.M17
22-Mar-2017 17:15:40.182 INFO [main] org.apache.catalina.startup.VersionLoggerListener.log Server built:          Jan 10 2017 20:59:20 UTC
22-Mar-2017 17:15:40.183 INFO [main] org.apache.catalina.startup.VersionLoggerListener.log Server number:         9.0.0.0
22-Mar-2017 17:15:40.183 INFO [main] org.apache.catalina.startup.VersionLoggerListener.log OS Name:               Windows 10
22-Mar-2017 17:15:40.183 INFO [main] org.apache.catalina.startup.VersionLoggerListener.log OS Version:            10.0
22-Mar-2017 17:15:40.183 INFO [main] org.apache.catalina.startup.VersionLoggerListener.log Architecture:          amd64
22-Mar-2017 17:15:40.183 INFO [main] org.apache.catalina.startup.VersionLoggerListener.log Java Home:             C:\Program Files\Java\jre1.8.0_121
22-Mar-2017 17:15:40.183 INFO [main] org.apache.catalina.startup.VersionLoggerListener.log JVM Version:           1.8.0_121-b13
22-Mar-2017 17:15:40.183 INFO [main] org.apache.catalina.startup.VersionLoggerListener.log JVM Vendor:            Oracle Corporation
22-Mar-2017 17:15:40.183 INFO [main] org.apache.catalina.startup.VersionLoggerListener.log CATALINA_BASE:         D:\the test build\apache-tomcat-9.0.0.M17
22-Mar-2017 17:15:40.183 INFO [main] org.apache.catalina.startup.VersionLoggerListener.log CATALINA_HOME:         D:\the test build\apache-tomcat-9.0.0.M17
22-Mar-2017 17:15:40.184 INFO [main] org.apache.catalina.startup.VersionLoggerListener.log Command line argument: -Djava.util.logging.config.file=D:\the test build\apache-tomcat-9.0.0.M17\conf\logging.properties
22-Mar-2017 17:15:40.184 INFO [main] org.apache.catalina.startup.VersionLoggerListener.log Command line argument: -Djava.util.logging.manager=org.apache.juli.ClassLoaderLogManager
22-Mar-2017 17:15:40.184 INFO [main] org.apache.catalina.startup.VersionLoggerListener.log Command line argument: -Djdk.tls.ephemeralDHKeySize=2048
22-Mar-2017 17:15:40.184 INFO [main] org.apache.catalina.startup.VersionLoggerListener.log Command line argument: -Djava.protocol.handler.pkgs=org.apache.catalina.webresources
22-Mar-2017 17:15:40.184 INFO [main] org.apache.catalina.startup.VersionLoggerListener.log Command line argument: -Dcatalina.base=D:\the test build\apache-tomcat-9.0.0.M17
22-Mar-2017 17:15:40.184 INFO [main] org.apache.catalina.startup.VersionLoggerListener.log Command line argument: -Dcatalina.home=D:\the test build\apache-tomcat-9.0.0.M17
22-Mar-2017 17:15:40.185 INFO [main] org.apache.catalina.startup.VersionLoggerListener.log Command line argument: -Djava.io.tmpdir=D:\the test build\apache-tomcat-9.0.0.M17\temp
22-Mar-2017 17:15:40.186 INFO [main] org.apache.catalina.core.AprLifecycleListener.lifecycleEvent The APR based Apache Tomcat Native library which allows optimal performance in production environments was not found on the java.library.path: C:\Program Files\Java\jre1.8.0_121\bin;C:\WINDOWS\Sun\Java\bin;C:\WINDOWS\system32;C:\WINDOWS;C:\ProgramData\Oracle\Java\javapath;C:\WINDOWS\system32;C:\WINDOWS;C:\WINDOWS\System32\Wbem;C:\WINDOWS\System32\WindowsPowerShell\v1.0\;C:\Program Files (x86)\MiKTeX 2.9\miktex\bin\;C:\MinGW\bin\gcc.exe;C:\Program Files\Microsoft\Web Platform Installer\;C:\Program Files (x86)\Microsoft ASP.NET\ASP.NET Web Pages\v1.0\;C:\Program Files (x86)\Windows Kits\8.0\Windows Performance Toolkit\;C:\Program Files\Microsoft SQL Server\110\Tools\Binn\;C:\Program Files (x86)\Windows Live\Shared;C:\Program Files (x86)\NVIDIA Corporation\PhysX\Common;C:\Users\vivid160\Anaconda3;C:\Users\vivid160\Anaconda3\Scripts;C:\Users\vivid160\Anaconda3\Library\bin;C:\Users\vivid160\AppData\Local\Microsoft\WindowsApps;C:\MinGW\bin;.
22-Mar-2017 17:15:40.300 INFO [main] org.apache.coyote.AbstractProtocol.init Initializing ProtocolHandler ["http-nio-8080"]
22-Mar-2017 17:15:40.455 INFO [main] org.apache.tomcat.util.net.NioSelectorPool.getSharedSelector Using a shared selector for servlet write/read
22-Mar-2017 17:15:40.458 INFO [main] org.apache.coyote.AbstractProtocol.init Initializing ProtocolHandler ["ajp-nio-8009"]
22-Mar-2017 17:15:40.460 INFO [main] org.apache.tomcat.util.net.NioSelectorPool.getSharedSelector Using a shared selector for servlet write/read
22-Mar-2017 17:15:40.460 INFO [main] org.apache.catalina.startup.Catalina.load Initialization processed in 687 ms
22-Mar-2017 17:15:40.486 INFO [main] org.apache.catalina.core.StandardService.startInternal Starting service Catalina
22-Mar-2017 17:15:40.486 INFO [main] org.apache.catalina.core.StandardEngine.startInternal Starting Servlet Engine: Apache Tomcat/9.0.0.M17
22-Mar-2017 17:15:40.529 INFO [localhost-startStop-1] org.apache.catalina.startup.HostConfig.deployWAR Deploying web application archive D:\the test build\apache-tomcat-9.0.0.M17\webapps\bodgeit.war
22-Mar-2017 17:15:40.979 INFO [localhost-startStop-1] org.apache.jasper.servlet.TldScanner.scanJars At least one JAR was scanned for TLDs yet contained no TLDs. Enable debug logging for this logger for a complete list of JARs that were scanned but no TLDs were found in them. Skipping unneeded JARs during scanning can improve startup time and JSP compilation time.
22-Mar-2017 17:15:41.300 INFO [localhost-startStop-1] org.apache.catalina.startup.HostConfig.deployWAR Deployment of web application archive D:\the test build\apache-tomcat-9.0.0.M17\webapps\bodgeit.war has finished in 770 ms
22-Mar-2017 17:15:41.300 INFO [localhost-startStop-1] org.apache.catalina.startup.HostConfig.deployDirectory Deploying web application directory D:\the test build\apache-tomcat-9.0.0.M17\webapps\ROOT
22-Mar-2017 17:15:41.320 INFO [localhost-startStop-1] org.apache.catalina.startup.HostConfig.deployDirectory Deployment of web application directory D:\the test build\apache-tomcat-9.0.0.M17\webapps\ROOT has finished in 20 ms
22-Mar-2017 17:15:41.320 INFO [localhost-startStop-1] org.apache.catalina.startup.HostConfig.deployDirectory Deploying web application directory D:\the test build\apache-tomcat-9.0.0.M17\webapps\docs
22-Mar-2017 17:15:41.340 INFO [localhost-startStop-1] org.apache.catalina.startup.HostConfig.deployDirectory Deployment of web application directory D:\the test build\apache-tomcat-9.0.0.M17\webapps\docs has finished in 20 ms
22-Mar-2017 17:15:41.340 INFO [localhost-startStop-1] org.apache.catalina.startup.HostConfig.deployDirectory Deploying web application directory D:\the test build\apache-tomcat-9.0.0.M17\webapps\examples
22-Mar-2017 17:15:41.972 INFO [localhost-startStop-1] org.apache.catalina.startup.HostConfig.deployDirectory Deployment of web application directory D:\the test build\apache-tomcat-9.0.0.M17\webapps\examples has finished in 632 ms
22-Mar-2017 17:15:41.973 INFO [localhost-startStop-1] org.apache.catalina.startup.HostConfig.deployDirectory Deploying web application directory D:\the test build\apache-tomcat-9.0.0.M17\webapps\host-manager
22-Mar-2017 17:15:42.010 INFO [localhost-startStop-1] org.apache.catalina.startup.HostConfig.deployDirectory Deployment of web application directory D:\the test build\apache-tomcat-9.0.0.M17\webapps\host-manager has finished in 37 ms
22-Mar-2017 17:15:42.010 INFO [localhost-startStop-1] org.apache.catalina.startup.HostConfig.deployDirectory Deploying web application directory D:\the test build\apache-tomcat-9.0.0.M17\webapps\manager
22-Mar-2017 17:15:42.039 INFO [localhost-startStop-1] org.apache.catalina.startup.HostConfig.deployDirectory Deployment of web application directory D:\the test build\apache-tomcat-9.0.0.M17\webapps\manager has finished in 29 ms
22-Mar-2017 17:15:42.041 INFO [main] org.apache.coyote.AbstractProtocol.start Starting ProtocolHandler [http-nio-8080]
22-Mar-2017 17:15:42.046 INFO [main] org.apache.coyote.AbstractProtocol.start Starting ProtocolHandler [ajp-nio-8009]
22-Mar-2017 17:15:42.047 INFO [main] org.apache.catalina.startup.Catalina.start Server startup in 1587 ms
22-Mar-2017 22:22:41.253 INFO [main] org.apache.catalina.core.StandardServer.await A valid shutdown command was received via the shutdown port. Stopping the Server instance.
22-Mar-2017 22:22:41.253 INFO [main] org.apache.coyote.AbstractProtocol.pause Pausing ProtocolHandler ["http-nio-8080"]
22-Mar-2017 22:22:41.367 INFO [main] org.apache.coyote.AbstractProtocol.pause Pausing ProtocolHandler ["ajp-nio-8009"]
22-Mar-2017 22:22:41.489 INFO [main] org.apache.catalina.core.StandardService.stopInternal Stopping service Catalina
22-Mar-2017 22:22:41.513 WARNING [localhost-startStop-2] org.apache.catalina.loader.WebappClassLoaderBase.clearReferencesJdbc The web application [bodgeit] registered the JDBC driver [org.hsqldb.jdbcDriver] but failed to unregister it when the web application was stopped. To prevent a memory leak, the JDBC Driver has been forcibly unregistered.
22-Mar-2017 22:22:41.522 INFO [main] org.apache.coyote.AbstractProtocol.stop Stopping ProtocolHandler ["http-nio-8080"]
22-Mar-2017 22:22:41.524 INFO [main] org.apache.coyote.AbstractProtocol.stop Stopping ProtocolHandler ["ajp-nio-8009"]
22-Mar-2017 22:22:41.525 INFO [main] org.apache.coyote.AbstractProtocol.destroy Destroying ProtocolHandler ["http-nio-8080"]
22-Mar-2017 22:22:41.526 INFO [main] org.apache.coyote.AbstractProtocol.destroy Destroying ProtocolHandler ["ajp-nio-8009"]
