31-Mar-2017 13:33:47.400 INFO [main] org.apache.catalina.startup.VersionLoggerListener.log Server version:        Apache Tomcat/9.0.0.M17
31-Mar-2017 13:33:47.403 INFO [main] org.apache.catalina.startup.VersionLoggerListener.log Server built:          Jan 10 2017 20:59:20 UTC
31-Mar-2017 13:33:47.404 INFO [main] org.apache.catalina.startup.VersionLoggerListener.log Server number:         9.0.0.0
31-Mar-2017 13:33:47.404 INFO [main] org.apache.catalina.startup.VersionLoggerListener.log OS Name:               Windows 8.1
31-Mar-2017 13:33:47.404 INFO [main] org.apache.catalina.startup.VersionLoggerListener.log OS Version:            6.3
31-Mar-2017 13:33:47.404 INFO [main] org.apache.catalina.startup.VersionLoggerListener.log Architecture:          amd64
31-Mar-2017 13:33:47.405 INFO [main] org.apache.catalina.startup.VersionLoggerListener.log Java Home:             C:\Program Files\Java\jre1.8.0_45
31-Mar-2017 13:33:47.405 INFO [main] org.apache.catalina.startup.VersionLoggerListener.log JVM Version:           1.8.0_45-b14
31-Mar-2017 13:33:47.405 INFO [main] org.apache.catalina.startup.VersionLoggerListener.log JVM Vendor:            Oracle Corporation
31-Mar-2017 13:33:47.406 INFO [main] org.apache.catalina.startup.VersionLoggerListener.log CATALINA_BASE:         G:\the test build\apache-tomcat-9.0.0.M17
31-Mar-2017 13:33:47.406 INFO [main] org.apache.catalina.startup.VersionLoggerListener.log CATALINA_HOME:         G:\the test build\apache-tomcat-9.0.0.M17
31-Mar-2017 13:33:47.407 INFO [main] org.apache.catalina.startup.VersionLoggerListener.log Command line argument: -Djava.util.logging.config.file=G:\the test build\apache-tomcat-9.0.0.M17\conf\logging.properties
31-Mar-2017 13:33:47.407 INFO [main] org.apache.catalina.startup.VersionLoggerListener.log Command line argument: -Djava.util.logging.manager=org.apache.juli.ClassLoaderLogManager
31-Mar-2017 13:33:47.408 INFO [main] org.apache.catalina.startup.VersionLoggerListener.log Command line argument: -Djdk.tls.ephemeralDHKeySize=2048
31-Mar-2017 13:33:47.408 INFO [main] org.apache.catalina.startup.VersionLoggerListener.log Command line argument: -Djava.protocol.handler.pkgs=org.apache.catalina.webresources
31-Mar-2017 13:33:47.409 INFO [main] org.apache.catalina.startup.VersionLoggerListener.log Command line argument: -Dcatalina.base=G:\the test build\apache-tomcat-9.0.0.M17
31-Mar-2017 13:33:47.410 INFO [main] org.apache.catalina.startup.VersionLoggerListener.log Command line argument: -Dcatalina.home=G:\the test build\apache-tomcat-9.0.0.M17
31-Mar-2017 13:33:47.410 INFO [main] org.apache.catalina.startup.VersionLoggerListener.log Command line argument: -Djava.io.tmpdir=G:\the test build\apache-tomcat-9.0.0.M17\temp
31-Mar-2017 13:33:47.411 INFO [main] org.apache.catalina.core.AprLifecycleListener.lifecycleEvent The APR based Apache Tomcat Native library which allows optimal performance in production environments was not found on the java.library.path: C:\Program Files\Java\jre1.8.0_45\bin;C:\WINDOWS\Sun\Java\bin;C:\WINDOWS\system32;C:\WINDOWS;C:\ProgramData\Oracle\Java\javapath;C:\Program Files (x86)\PC Connectivity Solution\;C:\Program Files\Common Files\Microsoft Shared\Windows Live;C:\Program Files (x86)\Common Files\Microsoft Shared\Windows Live;C:\Program Files (x86)\HP SimplePass 2011\x64;C:\Program Files (x86)\HP SimplePass 2011\;;C:\Program Files\Broadcom\Broadcom 802.11\Driver;C:\WINDOWS\system32;C:\WINDOWS;C:\WINDOWS\System32\Wbem;C:\WINDOWS\System32\WindowsPowerShell\v1.0\;C:\Program Files (x86)\Windows Live\Shared;C:\Program Files (x86)\ATI Technologies\ATI.ACE\Core-Static;C:\Program Files\WIDCOMM\Bluetooth Software\;C:\Program Files\WIDCOMM\Bluetooth Software\syswow64;C:\Program Files\Broadcom\WHL\;C:\Program Files\Broadcom\WHL\syswow64;C:\Program Files\Broadcom\WHL\SysWow64\;C:\Program Files\Broadcom\WHL\SysWow64\syswow64;C:\Program Files (x86)\Intel\Services\IPT\;C:\Program Files\Microsoft\Web Platform Installer\;C:\Program Files (x86)\Microsoft ASP.NET\ASP.NET Web Pages\v1.0\;C:\Program Files\Microsoft SQL Server\110\Tools\Binn\;C:\Program Files (x86)\Windows Kits\8.0\Windows Performance Toolkit\;C:\Program Files (x86)\MiKTeX 2.9\miktex\bin\;C:\Users\colin\AppData\Local\Microsoft\WindowsApps;C:\Users\colin\Downloads\WinPython-64bit-3.4.4.3Qt5\python-3.4.4.amd64;;.
31-Mar-2017 13:33:47.759 INFO [main] org.apache.coyote.AbstractProtocol.init Initializing ProtocolHandler ["http-nio-8080"]
31-Mar-2017 13:33:47.987 INFO [main] org.apache.tomcat.util.net.NioSelectorPool.getSharedSelector Using a shared selector for servlet write/read
31-Mar-2017 13:33:47.991 INFO [main] org.apache.coyote.AbstractProtocol.init Initializing ProtocolHandler ["ajp-nio-8009"]
31-Mar-2017 13:33:47.995 INFO [main] org.apache.tomcat.util.net.NioSelectorPool.getSharedSelector Using a shared selector for servlet write/read
31-Mar-2017 13:33:47.996 INFO [main] org.apache.catalina.startup.Catalina.load Initialization processed in 1758 ms
31-Mar-2017 13:33:48.061 INFO [main] org.apache.catalina.core.StandardService.startInternal Starting service Catalina
31-Mar-2017 13:33:48.062 INFO [main] org.apache.catalina.core.StandardEngine.startInternal Starting Servlet Engine: Apache Tomcat/9.0.0.M17
31-Mar-2017 13:33:48.121 INFO [localhost-startStop-1] org.apache.catalina.startup.HostConfig.deployWAR Deploying web application archive G:\the test build\apache-tomcat-9.0.0.M17\webapps\bodgeit.war
31-Mar-2017 13:33:49.133 INFO [localhost-startStop-1] org.apache.jasper.servlet.TldScanner.scanJars At least one JAR was scanned for TLDs yet contained no TLDs. Enable debug logging for this logger for a complete list of JARs that were scanned but no TLDs were found in them. Skipping unneeded JARs during scanning can improve startup time and JSP compilation time.
31-Mar-2017 13:33:49.297 INFO [localhost-startStop-1] org.apache.catalina.util.SessionIdGeneratorBase.createSecureRandom Creation of SecureRandom instance for session ID generation using [SHA1PRNG] took [121] milliseconds.
31-Mar-2017 13:33:49.744 INFO [localhost-startStop-1] org.apache.catalina.startup.HostConfig.deployWAR Deployment of web application archive G:\the test build\apache-tomcat-9.0.0.M17\webapps\bodgeit.war has finished in 1,623 ms
31-Mar-2017 13:33:49.746 INFO [localhost-startStop-1] org.apache.catalina.startup.HostConfig.deployDirectory Deploying web application directory G:\the test build\apache-tomcat-9.0.0.M17\webapps\ROOT
31-Mar-2017 13:33:49.792 INFO [localhost-startStop-1] org.apache.catalina.startup.HostConfig.deployDirectory Deployment of web application directory G:\the test build\apache-tomcat-9.0.0.M17\webapps\ROOT has finished in 46 ms
31-Mar-2017 13:33:49.792 INFO [localhost-startStop-1] org.apache.catalina.startup.HostConfig.deployDirectory Deploying web application directory G:\the test build\apache-tomcat-9.0.0.M17\webapps\docs
31-Mar-2017 13:33:49.834 INFO [localhost-startStop-1] org.apache.catalina.startup.HostConfig.deployDirectory Deployment of web application directory G:\the test build\apache-tomcat-9.0.0.M17\webapps\docs has finished in 42 ms
31-Mar-2017 13:33:49.835 INFO [localhost-startStop-1] org.apache.catalina.startup.HostConfig.deployDirectory Deploying web application directory G:\the test build\apache-tomcat-9.0.0.M17\webapps\examples
31-Mar-2017 13:33:50.664 INFO [localhost-startStop-1] org.apache.catalina.startup.HostConfig.deployDirectory Deployment of web application directory G:\the test build\apache-tomcat-9.0.0.M17\webapps\examples has finished in 829 ms
31-Mar-2017 13:33:50.664 INFO [localhost-startStop-1] org.apache.catalina.startup.HostConfig.deployDirectory Deploying web application directory G:\the test build\apache-tomcat-9.0.0.M17\webapps\host-manager
31-Mar-2017 13:33:50.720 INFO [localhost-startStop-1] org.apache.catalina.startup.HostConfig.deployDirectory Deployment of web application directory G:\the test build\apache-tomcat-9.0.0.M17\webapps\host-manager has finished in 56 ms
31-Mar-2017 13:33:50.720 INFO [localhost-startStop-1] org.apache.catalina.startup.HostConfig.deployDirectory Deploying web application directory G:\the test build\apache-tomcat-9.0.0.M17\webapps\manager
31-Mar-2017 13:33:50.775 INFO [localhost-startStop-1] org.apache.catalina.startup.HostConfig.deployDirectory Deployment of web application directory G:\the test build\apache-tomcat-9.0.0.M17\webapps\manager has finished in 55 ms
31-Mar-2017 13:33:50.783 INFO [main] org.apache.coyote.AbstractProtocol.start Starting ProtocolHandler [http-nio-8080]
31-Mar-2017 13:33:50.796 INFO [main] org.apache.coyote.AbstractProtocol.start Starting ProtocolHandler [ajp-nio-8009]
31-Mar-2017 13:33:50.801 INFO [main] org.apache.catalina.startup.Catalina.start Server startup in 2805 ms
