24-Feb-2017 01:32:11.139 INFO [main] org.apache.catalina.core.StandardServer.await A valid shutdown command was received via the shutdown port. Stopping the Server instance.
24-Feb-2017 01:32:12.560 INFO [main] org.apache.coyote.AbstractProtocol.pause Pausing ProtocolHandler ["http-nio-8080"]
24-Feb-2017 01:32:13.357 INFO [main] org.apache.coyote.AbstractProtocol.pause Pausing ProtocolHandler ["ajp-nio-8009"]
24-Feb-2017 01:32:13.541 INFO [main] org.apache.catalina.core.StandardService.stopInternal Stopping service Catalina
24-Feb-2017 01:32:16.279 WARNING [localhost-startStop-2] org.apache.catalina.loader.WebappClassLoaderBase.clearReferencesJdbc The web application [bodgeit] registered the JDBC driver [org.hsqldb.jdbcDriver] but failed to unregister it when the web application was stopped. To prevent a memory leak, the JDBC Driver has been forcibly unregistered.
24-Feb-2017 01:32:17.637 INFO [main] org.apache.coyote.AbstractProtocol.stop Stopping ProtocolHandler ["http-nio-8080"]
24-Feb-2017 01:32:17.958 INFO [main] org.apache.coyote.AbstractProtocol.stop Stopping ProtocolHandler ["ajp-nio-8009"]
24-Feb-2017 01:32:17.980 INFO [main] org.apache.coyote.AbstractProtocol.destroy Destroying ProtocolHandler ["http-nio-8080"]
24-Feb-2017 01:32:17.982 INFO [main] org.apache.coyote.AbstractProtocol.destroy Destroying ProtocolHandler ["ajp-nio-8009"]
24-Feb-2017 18:48:02.315 INFO [main] org.apache.catalina.startup.VersionLoggerListener.log Server version:        Apache Tomcat/9.0.0.M17
24-Feb-2017 18:48:02.320 INFO [main] org.apache.catalina.startup.VersionLoggerListener.log Server built:          Jan 10 2017 20:59:20 UTC
24-Feb-2017 18:48:02.320 INFO [main] org.apache.catalina.startup.VersionLoggerListener.log Server number:         9.0.0.0
24-Feb-2017 18:48:02.321 INFO [main] org.apache.catalina.startup.VersionLoggerListener.log OS Name:               Windows 8.1
24-Feb-2017 18:48:02.321 INFO [main] org.apache.catalina.startup.VersionLoggerListener.log OS Version:            6.3
24-Feb-2017 18:48:02.321 INFO [main] org.apache.catalina.startup.VersionLoggerListener.log Architecture:          amd64
24-Feb-2017 18:48:02.321 INFO [main] org.apache.catalina.startup.VersionLoggerListener.log Java Home:             C:\Program Files\Java\jre1.8.0_45
24-Feb-2017 18:48:02.321 INFO [main] org.apache.catalina.startup.VersionLoggerListener.log JVM Version:           1.8.0_45-b14
24-Feb-2017 18:48:02.322 INFO [main] org.apache.catalina.startup.VersionLoggerListener.log JVM Vendor:            Oracle Corporation
24-Feb-2017 18:48:02.322 INFO [main] org.apache.catalina.startup.VersionLoggerListener.log CATALINA_BASE:         G:\the test build\apache-tomcat-9.0.0.M17
24-Feb-2017 18:48:02.322 INFO [main] org.apache.catalina.startup.VersionLoggerListener.log CATALINA_HOME:         G:\the test build\apache-tomcat-9.0.0.M17
24-Feb-2017 18:48:02.322 INFO [main] org.apache.catalina.startup.VersionLoggerListener.log Command line argument: -Djava.util.logging.config.file=G:\the test build\apache-tomcat-9.0.0.M17\conf\logging.properties
24-Feb-2017 18:48:02.322 INFO [main] org.apache.catalina.startup.VersionLoggerListener.log Command line argument: -Djava.util.logging.manager=org.apache.juli.ClassLoaderLogManager
24-Feb-2017 18:48:02.323 INFO [main] org.apache.catalina.startup.VersionLoggerListener.log Command line argument: -Djdk.tls.ephemeralDHKeySize=2048
24-Feb-2017 18:48:02.324 INFO [main] org.apache.catalina.startup.VersionLoggerListener.log Command line argument: -Djava.protocol.handler.pkgs=org.apache.catalina.webresources
24-Feb-2017 18:48:02.324 INFO [main] org.apache.catalina.startup.VersionLoggerListener.log Command line argument: -Dcatalina.base=G:\the test build\apache-tomcat-9.0.0.M17
24-Feb-2017 18:48:02.325 INFO [main] org.apache.catalina.startup.VersionLoggerListener.log Command line argument: -Dcatalina.home=G:\the test build\apache-tomcat-9.0.0.M17
24-Feb-2017 18:48:02.326 INFO [main] org.apache.catalina.startup.VersionLoggerListener.log Command line argument: -Djava.io.tmpdir=G:\the test build\apache-tomcat-9.0.0.M17\temp
24-Feb-2017 18:48:02.327 INFO [main] org.apache.catalina.core.AprLifecycleListener.lifecycleEvent The APR based Apache Tomcat Native library which allows optimal performance in production environments was not found on the java.library.path: C:\Program Files\Java\jre1.8.0_45\bin;C:\WINDOWS\Sun\Java\bin;C:\WINDOWS\system32;C:\WINDOWS;C:\ProgramData\Oracle\Java\javapath;C:\Program Files (x86)\PC Connectivity Solution\;C:\Program Files\Common Files\Microsoft Shared\Windows Live;C:\Program Files (x86)\Common Files\Microsoft Shared\Windows Live;C:\Program Files (x86)\HP SimplePass 2011\x64;C:\Program Files (x86)\HP SimplePass 2011\;;C:\Program Files\Broadcom\Broadcom 802.11\Driver;C:\WINDOWS\system32;C:\WINDOWS;C:\WINDOWS\System32\Wbem;C:\WINDOWS\System32\WindowsPowerShell\v1.0\;C:\Program Files (x86)\Windows Live\Shared;C:\Program Files (x86)\ATI Technologies\ATI.ACE\Core-Static;C:\Program Files\WIDCOMM\Bluetooth Software\;C:\Program Files\WIDCOMM\Bluetooth Software\syswow64;C:\Program Files\Broadcom\WHL\;C:\Program Files\Broadcom\WHL\syswow64;C:\Program Files\Broadcom\WHL\SysWow64\;C:\Program Files\Broadcom\WHL\SysWow64\syswow64;C:\Program Files (x86)\Intel\Services\IPT\;C:\Program Files\Microsoft\Web Platform Installer\;C:\Program Files (x86)\Microsoft ASP.NET\ASP.NET Web Pages\v1.0\;C:\Program Files\Microsoft SQL Server\110\Tools\Binn\;C:\Program Files (x86)\Windows Kits\8.0\Windows Performance Toolkit\;C:\Program Files (x86)\MiKTeX 2.9\miktex\bin\;C:\Users\colin\AppData\Local\Microsoft\WindowsApps;;.
24-Feb-2017 18:48:02.553 INFO [main] org.apache.coyote.AbstractProtocol.init Initializing ProtocolHandler ["http-nio-8080"]
24-Feb-2017 18:48:02.666 INFO [main] org.apache.tomcat.util.net.NioSelectorPool.getSharedSelector Using a shared selector for servlet write/read
24-Feb-2017 18:48:02.670 INFO [main] org.apache.coyote.AbstractProtocol.init Initializing ProtocolHandler ["ajp-nio-8009"]
24-Feb-2017 18:48:02.673 INFO [main] org.apache.tomcat.util.net.NioSelectorPool.getSharedSelector Using a shared selector for servlet write/read
24-Feb-2017 18:48:02.673 INFO [main] org.apache.catalina.startup.Catalina.load Initialization processed in 1023 ms
24-Feb-2017 18:48:02.712 INFO [main] org.apache.catalina.core.StandardService.startInternal Starting service Catalina
24-Feb-2017 18:48:02.712 INFO [main] org.apache.catalina.core.StandardEngine.startInternal Starting Servlet Engine: Apache Tomcat/9.0.0.M17
24-Feb-2017 18:48:02.770 INFO [localhost-startStop-1] org.apache.catalina.startup.HostConfig.deployWAR Deploying web application archive G:\the test build\apache-tomcat-9.0.0.M17\webapps\bodgeit.war
24-Feb-2017 18:48:03.694 INFO [localhost-startStop-1] org.apache.jasper.servlet.TldScanner.scanJars At least one JAR was scanned for TLDs yet contained no TLDs. Enable debug logging for this logger for a complete list of JARs that were scanned but no TLDs were found in them. Skipping unneeded JARs during scanning can improve startup time and JSP compilation time.
24-Feb-2017 18:48:03.868 INFO [localhost-startStop-1] org.apache.catalina.util.SessionIdGeneratorBase.createSecureRandom Creation of SecureRandom instance for session ID generation using [SHA1PRNG] took [137] milliseconds.
24-Feb-2017 18:48:04.307 INFO [localhost-startStop-1] org.apache.catalina.startup.HostConfig.deployWAR Deployment of web application archive G:\the test build\apache-tomcat-9.0.0.M17\webapps\bodgeit.war has finished in 1,537 ms
24-Feb-2017 18:48:04.308 INFO [localhost-startStop-1] org.apache.catalina.startup.HostConfig.deployDirectory Deploying web application directory G:\the test build\apache-tomcat-9.0.0.M17\webapps\ROOT
24-Feb-2017 18:48:04.366 INFO [localhost-startStop-1] org.apache.catalina.startup.HostConfig.deployDirectory Deployment of web application directory G:\the test build\apache-tomcat-9.0.0.M17\webapps\ROOT has finished in 57 ms
24-Feb-2017 18:48:04.366 INFO [localhost-startStop-1] org.apache.catalina.startup.HostConfig.deployDirectory Deploying web application directory G:\the test build\apache-tomcat-9.0.0.M17\webapps\docs
24-Feb-2017 18:48:04.412 INFO [localhost-startStop-1] org.apache.catalina.startup.HostConfig.deployDirectory Deployment of web application directory G:\the test build\apache-tomcat-9.0.0.M17\webapps\docs has finished in 46 ms
24-Feb-2017 18:48:04.413 INFO [localhost-startStop-1] org.apache.catalina.startup.HostConfig.deployDirectory Deploying web application directory G:\the test build\apache-tomcat-9.0.0.M17\webapps\examples
24-Feb-2017 18:48:05.187 INFO [localhost-startStop-1] org.apache.catalina.startup.HostConfig.deployDirectory Deployment of web application directory G:\the test build\apache-tomcat-9.0.0.M17\webapps\examples has finished in 774 ms
24-Feb-2017 18:48:05.187 INFO [localhost-startStop-1] org.apache.catalina.startup.HostConfig.deployDirectory Deploying web application directory G:\the test build\apache-tomcat-9.0.0.M17\webapps\host-manager
24-Feb-2017 18:48:05.249 INFO [localhost-startStop-1] org.apache.catalina.startup.HostConfig.deployDirectory Deployment of web application directory G:\the test build\apache-tomcat-9.0.0.M17\webapps\host-manager has finished in 62 ms
24-Feb-2017 18:48:05.249 INFO [localhost-startStop-1] org.apache.catalina.startup.HostConfig.deployDirectory Deploying web application directory G:\the test build\apache-tomcat-9.0.0.M17\webapps\manager
24-Feb-2017 18:48:05.302 INFO [localhost-startStop-1] org.apache.catalina.startup.HostConfig.deployDirectory Deployment of web application directory G:\the test build\apache-tomcat-9.0.0.M17\webapps\manager has finished in 52 ms
24-Feb-2017 18:48:05.312 INFO [main] org.apache.coyote.AbstractProtocol.start Starting ProtocolHandler [http-nio-8080]
24-Feb-2017 18:48:05.328 INFO [main] org.apache.coyote.AbstractProtocol.start Starting ProtocolHandler [ajp-nio-8009]
24-Feb-2017 18:48:05.332 INFO [main] org.apache.catalina.startup.Catalina.start Server startup in 2658 ms
24-Feb-2017 23:53:22.688 INFO [main] org.apache.catalina.core.StandardServer.await A valid shutdown command was received via the shutdown port. Stopping the Server instance.
24-Feb-2017 23:53:22.704 INFO [main] org.apache.coyote.AbstractProtocol.pause Pausing ProtocolHandler ["http-nio-8080"]
24-Feb-2017 23:53:22.883 INFO [main] org.apache.coyote.AbstractProtocol.pause Pausing ProtocolHandler ["ajp-nio-8009"]
24-Feb-2017 23:53:23.020 INFO [main] org.apache.catalina.core.StandardService.stopInternal Stopping service Catalina
24-Feb-2017 23:53:23.136 WARNING [localhost-startStop-2] org.apache.catalina.loader.WebappClassLoaderBase.clearReferencesJdbc The web application [bodgeit] registered the JDBC driver [org.hsqldb.jdbcDriver] but failed to unregister it when the web application was stopped. To prevent a memory leak, the JDBC Driver has been forcibly unregistered.
24-Feb-2017 23:53:23.167 INFO [main] org.apache.coyote.AbstractProtocol.stop Stopping ProtocolHandler ["http-nio-8080"]
24-Feb-2017 23:53:23.167 INFO [main] org.apache.coyote.AbstractProtocol.stop Stopping ProtocolHandler ["ajp-nio-8009"]
24-Feb-2017 23:53:23.185 INFO [main] org.apache.coyote.AbstractProtocol.destroy Destroying ProtocolHandler ["http-nio-8080"]
24-Feb-2017 23:53:23.189 INFO [main] org.apache.coyote.AbstractProtocol.destroy Destroying ProtocolHandler ["ajp-nio-8009"]
