16-Mar-2017 11:58:35.527 INFO [main] org.apache.catalina.startup.VersionLoggerListener.log Server version:        Apache Tomcat/9.0.0.M17
16-Mar-2017 11:58:35.530 INFO [main] org.apache.catalina.startup.VersionLoggerListener.log Server built:          Jan 10 2017 20:59:20 UTC
16-Mar-2017 11:58:35.530 INFO [main] org.apache.catalina.startup.VersionLoggerListener.log Server number:         9.0.0.0
16-Mar-2017 11:58:35.531 INFO [main] org.apache.catalina.startup.VersionLoggerListener.log OS Name:               Windows 8.1
16-Mar-2017 11:58:35.531 INFO [main] org.apache.catalina.startup.VersionLoggerListener.log OS Version:            6.3
16-Mar-2017 11:58:35.531 INFO [main] org.apache.catalina.startup.VersionLoggerListener.log Architecture:          amd64
16-Mar-2017 11:58:35.532 INFO [main] org.apache.catalina.startup.VersionLoggerListener.log Java Home:             C:\Program Files\Java\jre1.8.0_45
16-Mar-2017 11:58:35.532 INFO [main] org.apache.catalina.startup.VersionLoggerListener.log JVM Version:           1.8.0_45-b14
16-Mar-2017 11:58:35.532 INFO [main] org.apache.catalina.startup.VersionLoggerListener.log JVM Vendor:            Oracle Corporation
16-Mar-2017 11:58:35.532 INFO [main] org.apache.catalina.startup.VersionLoggerListener.log CATALINA_BASE:         G:\the test build\apache-tomcat-9.0.0.M17
16-Mar-2017 11:58:35.533 INFO [main] org.apache.catalina.startup.VersionLoggerListener.log CATALINA_HOME:         G:\the test build\apache-tomcat-9.0.0.M17
16-Mar-2017 11:58:35.533 INFO [main] org.apache.catalina.startup.VersionLoggerListener.log Command line argument: -Djava.util.logging.config.file=G:\the test build\apache-tomcat-9.0.0.M17\conf\logging.properties
16-Mar-2017 11:58:35.534 INFO [main] org.apache.catalina.startup.VersionLoggerListener.log Command line argument: -Djava.util.logging.manager=org.apache.juli.ClassLoaderLogManager
16-Mar-2017 11:58:35.535 INFO [main] org.apache.catalina.startup.VersionLoggerListener.log Command line argument: -Djdk.tls.ephemeralDHKeySize=2048
16-Mar-2017 11:58:35.535 INFO [main] org.apache.catalina.startup.VersionLoggerListener.log Command line argument: -Djava.protocol.handler.pkgs=org.apache.catalina.webresources
16-Mar-2017 11:58:35.536 INFO [main] org.apache.catalina.startup.VersionLoggerListener.log Command line argument: -Dcatalina.base=G:\the test build\apache-tomcat-9.0.0.M17
16-Mar-2017 11:58:35.537 INFO [main] org.apache.catalina.startup.VersionLoggerListener.log Command line argument: -Dcatalina.home=G:\the test build\apache-tomcat-9.0.0.M17
16-Mar-2017 11:58:35.538 INFO [main] org.apache.catalina.startup.VersionLoggerListener.log Command line argument: -Djava.io.tmpdir=G:\the test build\apache-tomcat-9.0.0.M17\temp
16-Mar-2017 11:58:35.538 INFO [main] org.apache.catalina.core.AprLifecycleListener.lifecycleEvent The APR based Apache Tomcat Native library which allows optimal performance in production environments was not found on the java.library.path: C:\Program Files\Java\jre1.8.0_45\bin;C:\WINDOWS\Sun\Java\bin;C:\WINDOWS\system32;C:\WINDOWS;C:\ProgramData\Oracle\Java\javapath;C:\Program Files (x86)\PC Connectivity Solution\;C:\Program Files\Common Files\Microsoft Shared\Windows Live;C:\Program Files (x86)\Common Files\Microsoft Shared\Windows Live;C:\Program Files (x86)\HP SimplePass 2011\x64;C:\Program Files (x86)\HP SimplePass 2011\;;C:\Program Files\Broadcom\Broadcom 802.11\Driver;C:\WINDOWS\system32;C:\WINDOWS;C:\WINDOWS\System32\Wbem;C:\WINDOWS\System32\WindowsPowerShell\v1.0\;C:\Program Files (x86)\Windows Live\Shared;C:\Program Files (x86)\ATI Technologies\ATI.ACE\Core-Static;C:\Program Files\WIDCOMM\Bluetooth Software\;C:\Program Files\WIDCOMM\Bluetooth Software\syswow64;C:\Program Files\Broadcom\WHL\;C:\Program Files\Broadcom\WHL\syswow64;C:\Program Files\Broadcom\WHL\SysWow64\;C:\Program Files\Broadcom\WHL\SysWow64\syswow64;C:\Program Files (x86)\Intel\Services\IPT\;C:\Program Files\Microsoft\Web Platform Installer\;C:\Program Files (x86)\Microsoft ASP.NET\ASP.NET Web Pages\v1.0\;C:\Program Files\Microsoft SQL Server\110\Tools\Binn\;C:\Program Files (x86)\Windows Kits\8.0\Windows Performance Toolkit\;C:\Program Files (x86)\MiKTeX 2.9\miktex\bin\;C:\Users\colin\AppData\Local\Microsoft\WindowsApps;;.
16-Mar-2017 11:58:35.881 INFO [main] org.apache.coyote.AbstractProtocol.init Initializing ProtocolHandler ["http-nio-8080"]
16-Mar-2017 11:58:35.984 INFO [main] org.apache.tomcat.util.net.NioSelectorPool.getSharedSelector Using a shared selector for servlet write/read
16-Mar-2017 11:58:35.988 INFO [main] org.apache.coyote.AbstractProtocol.init Initializing ProtocolHandler ["ajp-nio-8009"]
16-Mar-2017 11:58:35.991 INFO [main] org.apache.tomcat.util.net.NioSelectorPool.getSharedSelector Using a shared selector for servlet write/read
16-Mar-2017 11:58:35.992 INFO [main] org.apache.catalina.startup.Catalina.load Initialization processed in 1148 ms
16-Mar-2017 11:58:36.032 INFO [main] org.apache.catalina.core.StandardService.startInternal Starting service Catalina
16-Mar-2017 11:58:36.033 INFO [main] org.apache.catalina.core.StandardEngine.startInternal Starting Servlet Engine: Apache Tomcat/9.0.0.M17
16-Mar-2017 11:58:36.083 INFO [localhost-startStop-1] org.apache.catalina.startup.HostConfig.deployWAR Deploying web application archive G:\the test build\apache-tomcat-9.0.0.M17\webapps\bodgeit.war
16-Mar-2017 11:58:36.815 INFO [localhost-startStop-1] org.apache.jasper.servlet.TldScanner.scanJars At least one JAR was scanned for TLDs yet contained no TLDs. Enable debug logging for this logger for a complete list of JARs that were scanned but no TLDs were found in them. Skipping unneeded JARs during scanning can improve startup time and JSP compilation time.
16-Mar-2017 11:58:36.997 INFO [localhost-startStop-1] org.apache.catalina.util.SessionIdGeneratorBase.createSecureRandom Creation of SecureRandom instance for session ID generation using [SHA1PRNG] took [147] milliseconds.
16-Mar-2017 11:58:37.430 INFO [localhost-startStop-1] org.apache.catalina.startup.HostConfig.deployWAR Deployment of web application archive G:\the test build\apache-tomcat-9.0.0.M17\webapps\bodgeit.war has finished in 1,347 ms
16-Mar-2017 11:58:37.431 INFO [localhost-startStop-1] org.apache.catalina.startup.HostConfig.deployDirectory Deploying web application directory G:\the test build\apache-tomcat-9.0.0.M17\webapps\ROOT
16-Mar-2017 11:58:37.474 INFO [localhost-startStop-1] org.apache.catalina.startup.HostConfig.deployDirectory Deployment of web application directory G:\the test build\apache-tomcat-9.0.0.M17\webapps\ROOT has finished in 43 ms
16-Mar-2017 11:58:37.475 INFO [localhost-startStop-1] org.apache.catalina.startup.HostConfig.deployDirectory Deploying web application directory G:\the test build\apache-tomcat-9.0.0.M17\webapps\docs
16-Mar-2017 11:58:37.517 INFO [localhost-startStop-1] org.apache.catalina.startup.HostConfig.deployDirectory Deployment of web application directory G:\the test build\apache-tomcat-9.0.0.M17\webapps\docs has finished in 42 ms
16-Mar-2017 11:58:37.517 INFO [localhost-startStop-1] org.apache.catalina.startup.HostConfig.deployDirectory Deploying web application directory G:\the test build\apache-tomcat-9.0.0.M17\webapps\examples
16-Mar-2017 11:58:38.326 INFO [localhost-startStop-1] org.apache.catalina.startup.HostConfig.deployDirectory Deployment of web application directory G:\the test build\apache-tomcat-9.0.0.M17\webapps\examples has finished in 809 ms
16-Mar-2017 11:58:38.327 INFO [localhost-startStop-1] org.apache.catalina.startup.HostConfig.deployDirectory Deploying web application directory G:\the test build\apache-tomcat-9.0.0.M17\webapps\host-manager
16-Mar-2017 11:58:38.384 INFO [localhost-startStop-1] org.apache.catalina.startup.HostConfig.deployDirectory Deployment of web application directory G:\the test build\apache-tomcat-9.0.0.M17\webapps\host-manager has finished in 57 ms
16-Mar-2017 11:58:38.385 INFO [localhost-startStop-1] org.apache.catalina.startup.HostConfig.deployDirectory Deploying web application directory G:\the test build\apache-tomcat-9.0.0.M17\webapps\manager
16-Mar-2017 11:58:38.435 INFO [localhost-startStop-1] org.apache.catalina.startup.HostConfig.deployDirectory Deployment of web application directory G:\the test build\apache-tomcat-9.0.0.M17\webapps\manager has finished in 50 ms
16-Mar-2017 11:58:38.443 INFO [main] org.apache.coyote.AbstractProtocol.start Starting ProtocolHandler [http-nio-8080]
16-Mar-2017 11:58:38.458 INFO [main] org.apache.coyote.AbstractProtocol.start Starting ProtocolHandler [ajp-nio-8009]
16-Mar-2017 11:58:38.464 INFO [main] org.apache.catalina.startup.Catalina.start Server startup in 2470 ms
16-Mar-2017 13:53:15.478 INFO [main] org.apache.catalina.core.StandardServer.await A valid shutdown command was received via the shutdown port. Stopping the Server instance.
16-Mar-2017 13:53:15.609 INFO [main] org.apache.coyote.AbstractProtocol.pause Pausing ProtocolHandler ["http-nio-8080"]
16-Mar-2017 13:53:15.817 INFO [main] org.apache.coyote.AbstractProtocol.pause Pausing ProtocolHandler ["ajp-nio-8009"]
16-Mar-2017 13:53:15.966 INFO [main] org.apache.catalina.core.StandardService.stopInternal Stopping service Catalina
16-Mar-2017 13:53:16.450 WARNING [localhost-startStop-2] org.apache.catalina.loader.WebappClassLoaderBase.clearReferencesJdbc The web application [bodgeit] registered the JDBC driver [org.hsqldb.jdbcDriver] but failed to unregister it when the web application was stopped. To prevent a memory leak, the JDBC Driver has been forcibly unregistered.
16-Mar-2017 13:53:16.548 INFO [main] org.apache.coyote.AbstractProtocol.stop Stopping ProtocolHandler ["http-nio-8080"]
16-Mar-2017 13:53:16.595 INFO [main] org.apache.coyote.AbstractProtocol.stop Stopping ProtocolHandler ["ajp-nio-8009"]
16-Mar-2017 13:53:16.598 INFO [main] org.apache.coyote.AbstractProtocol.destroy Destroying ProtocolHandler ["http-nio-8080"]
16-Mar-2017 13:53:16.600 INFO [main] org.apache.coyote.AbstractProtocol.destroy Destroying ProtocolHandler ["ajp-nio-8009"]
