01-Apr-2017 12:02:45.843 INFO [main] org.apache.catalina.startup.VersionLoggerListener.log Server version:        Apache Tomcat/9.0.0.M17
01-Apr-2017 12:02:45.844 INFO [main] org.apache.catalina.startup.VersionLoggerListener.log Server built:          Jan 10 2017 20:59:20 UTC
01-Apr-2017 12:02:45.845 INFO [main] org.apache.catalina.startup.VersionLoggerListener.log Server number:         9.0.0.0
01-Apr-2017 12:02:45.845 INFO [main] org.apache.catalina.startup.VersionLoggerListener.log OS Name:               Windows 10
01-Apr-2017 12:02:45.845 INFO [main] org.apache.catalina.startup.VersionLoggerListener.log OS Version:            10.0
01-Apr-2017 12:02:45.845 INFO [main] org.apache.catalina.startup.VersionLoggerListener.log Architecture:          amd64
01-Apr-2017 12:02:45.845 INFO [main] org.apache.catalina.startup.VersionLoggerListener.log Java Home:             C:\Program Files\Java\jre1.8.0_121
01-Apr-2017 12:02:45.845 INFO [main] org.apache.catalina.startup.VersionLoggerListener.log JVM Version:           1.8.0_121-b13
01-Apr-2017 12:02:45.845 INFO [main] org.apache.catalina.startup.VersionLoggerListener.log JVM Vendor:            Oracle Corporation
01-Apr-2017 12:02:45.846 INFO [main] org.apache.catalina.startup.VersionLoggerListener.log CATALINA_BASE:         D:\the test build\apache-tomcat-9.0.0.M17
01-Apr-2017 12:02:45.846 INFO [main] org.apache.catalina.startup.VersionLoggerListener.log CATALINA_HOME:         D:\the test build\apache-tomcat-9.0.0.M17
01-Apr-2017 12:02:45.846 INFO [main] org.apache.catalina.startup.VersionLoggerListener.log Command line argument: -Djava.util.logging.config.file=D:\the test build\apache-tomcat-9.0.0.M17\conf\logging.properties
01-Apr-2017 12:02:45.846 INFO [main] org.apache.catalina.startup.VersionLoggerListener.log Command line argument: -Djava.util.logging.manager=org.apache.juli.ClassLoaderLogManager
01-Apr-2017 12:02:45.846 INFO [main] org.apache.catalina.startup.VersionLoggerListener.log Command line argument: -Djdk.tls.ephemeralDHKeySize=2048
01-Apr-2017 12:02:45.846 INFO [main] org.apache.catalina.startup.VersionLoggerListener.log Command line argument: -Djava.protocol.handler.pkgs=org.apache.catalina.webresources
01-Apr-2017 12:02:45.846 INFO [main] org.apache.catalina.startup.VersionLoggerListener.log Command line argument: -Dcatalina.base=D:\the test build\apache-tomcat-9.0.0.M17
01-Apr-2017 12:02:45.846 INFO [main] org.apache.catalina.startup.VersionLoggerListener.log Command line argument: -Dcatalina.home=D:\the test build\apache-tomcat-9.0.0.M17
01-Apr-2017 12:02:45.847 INFO [main] org.apache.catalina.startup.VersionLoggerListener.log Command line argument: -Djava.io.tmpdir=D:\the test build\apache-tomcat-9.0.0.M17\temp
01-Apr-2017 12:02:45.847 INFO [main] org.apache.catalina.core.AprLifecycleListener.lifecycleEvent The APR based Apache Tomcat Native library which allows optimal performance in production environments was not found on the java.library.path: C:\Program Files\Java\jre1.8.0_121\bin;C:\WINDOWS\Sun\Java\bin;C:\WINDOWS\system32;C:\WINDOWS;C:\ProgramData\Oracle\Java\javapath;C:\WINDOWS\system32;C:\WINDOWS;C:\WINDOWS\System32\Wbem;C:\WINDOWS\System32\WindowsPowerShell\v1.0\;C:\Program Files (x86)\MiKTeX 2.9\miktex\bin\;C:\MinGW\bin\gcc.exe;C:\Program Files\Microsoft\Web Platform Installer\;C:\Program Files (x86)\Microsoft ASP.NET\ASP.NET Web Pages\v1.0\;C:\Program Files (x86)\Windows Kits\8.0\Windows Performance Toolkit\;C:\Program Files\Microsoft SQL Server\110\Tools\Binn\;C:\Program Files (x86)\Windows Live\Shared;C:\Program Files (x86)\NVIDIA Corporation\PhysX\Common;C:\Users\vivid160\Anaconda3;C:\Users\vivid160\Anaconda3\Scripts;C:\Users\vivid160\Anaconda3\Library\bin;C:\Users\vivid160\AppData\Local\Microsoft\WindowsApps;C:\MinGW\bin;.
01-Apr-2017 12:02:45.942 INFO [main] org.apache.coyote.AbstractProtocol.init Initializing ProtocolHandler ["http-nio-8080"]
01-Apr-2017 12:02:46.053 INFO [main] org.apache.tomcat.util.net.NioSelectorPool.getSharedSelector Using a shared selector for servlet write/read
01-Apr-2017 12:02:46.055 INFO [main] org.apache.coyote.AbstractProtocol.init Initializing ProtocolHandler ["ajp-nio-8009"]
01-Apr-2017 12:02:46.057 INFO [main] org.apache.tomcat.util.net.NioSelectorPool.getSharedSelector Using a shared selector for servlet write/read
01-Apr-2017 12:02:46.058 INFO [main] org.apache.catalina.startup.Catalina.load Initialization processed in 636 ms
01-Apr-2017 12:02:46.084 INFO [main] org.apache.catalina.core.StandardService.startInternal Starting service Catalina
01-Apr-2017 12:02:46.084 INFO [main] org.apache.catalina.core.StandardEngine.startInternal Starting Servlet Engine: Apache Tomcat/9.0.0.M17
01-Apr-2017 12:02:46.122 INFO [localhost-startStop-1] org.apache.catalina.startup.HostConfig.deployWAR Deploying web application archive D:\the test build\apache-tomcat-9.0.0.M17\webapps\bodgeit.war
01-Apr-2017 12:02:46.531 INFO [localhost-startStop-1] org.apache.jasper.servlet.TldScanner.scanJars At least one JAR was scanned for TLDs yet contained no TLDs. Enable debug logging for this logger for a complete list of JARs that were scanned but no TLDs were found in them. Skipping unneeded JARs during scanning can improve startup time and JSP compilation time.
01-Apr-2017 12:02:46.734 INFO [localhost-startStop-1] org.apache.catalina.startup.HostConfig.deployWAR Deployment of web application archive D:\the test build\apache-tomcat-9.0.0.M17\webapps\bodgeit.war has finished in 612 ms
01-Apr-2017 12:02:46.735 INFO [localhost-startStop-1] org.apache.catalina.startup.HostConfig.deployDirectory Deploying web application directory D:\the test build\apache-tomcat-9.0.0.M17\webapps\ROOT
01-Apr-2017 12:02:46.752 INFO [localhost-startStop-1] org.apache.catalina.startup.HostConfig.deployDirectory Deployment of web application directory D:\the test build\apache-tomcat-9.0.0.M17\webapps\ROOT has finished in 17 ms
01-Apr-2017 12:02:46.752 INFO [localhost-startStop-1] org.apache.catalina.startup.HostConfig.deployDirectory Deploying web application directory D:\the test build\apache-tomcat-9.0.0.M17\webapps\docs
01-Apr-2017 12:02:46.769 INFO [localhost-startStop-1] org.apache.catalina.startup.HostConfig.deployDirectory Deployment of web application directory D:\the test build\apache-tomcat-9.0.0.M17\webapps\docs has finished in 17 ms
01-Apr-2017 12:02:46.769 INFO [localhost-startStop-1] org.apache.catalina.startup.HostConfig.deployDirectory Deploying web application directory D:\the test build\apache-tomcat-9.0.0.M17\webapps\examples
01-Apr-2017 12:02:47.287 INFO [localhost-startStop-1] org.apache.catalina.startup.HostConfig.deployDirectory Deployment of web application directory D:\the test build\apache-tomcat-9.0.0.M17\webapps\examples has finished in 518 ms
01-Apr-2017 12:02:47.287 INFO [localhost-startStop-1] org.apache.catalina.startup.HostConfig.deployDirectory Deploying web application directory D:\the test build\apache-tomcat-9.0.0.M17\webapps\host-manager
01-Apr-2017 12:02:47.315 INFO [localhost-startStop-1] org.apache.catalina.startup.HostConfig.deployDirectory Deployment of web application directory D:\the test build\apache-tomcat-9.0.0.M17\webapps\host-manager has finished in 28 ms
01-Apr-2017 12:02:47.316 INFO [localhost-startStop-1] org.apache.catalina.startup.HostConfig.deployDirectory Deploying web application directory D:\the test build\apache-tomcat-9.0.0.M17\webapps\manager
01-Apr-2017 12:02:47.339 INFO [localhost-startStop-1] org.apache.catalina.startup.HostConfig.deployDirectory Deployment of web application directory D:\the test build\apache-tomcat-9.0.0.M17\webapps\manager has finished in 23 ms
01-Apr-2017 12:02:47.341 INFO [main] org.apache.coyote.AbstractProtocol.start Starting ProtocolHandler [http-nio-8080]
01-Apr-2017 12:02:47.348 INFO [main] org.apache.coyote.AbstractProtocol.start Starting ProtocolHandler [ajp-nio-8009]
01-Apr-2017 12:02:47.350 INFO [main] org.apache.catalina.startup.Catalina.start Server startup in 1292 ms
01-Apr-2017 12:04:09.080 INFO [http-nio-8080-exec-4] org.apache.tomcat.util.http.Parameters.processParameters Invalid chunk starting at byte [0] and ending at byte [1] with a value of [=] ignored
 Note: further occurrences of Parameter errors will be logged at DEBUG level.
01-Apr-2017 12:57:42.650 INFO [main] org.apache.catalina.core.StandardServer.await A valid shutdown command was received via the shutdown port. Stopping the Server instance.
01-Apr-2017 12:57:42.651 INFO [main] org.apache.coyote.AbstractProtocol.pause Pausing ProtocolHandler ["http-nio-8080"]
01-Apr-2017 12:57:42.750 INFO [main] org.apache.coyote.AbstractProtocol.pause Pausing ProtocolHandler ["ajp-nio-8009"]
01-Apr-2017 12:57:42.860 INFO [main] org.apache.catalina.core.StandardService.stopInternal Stopping service Catalina
01-Apr-2017 12:57:51.273 WARNING [localhost-startStop-2] org.apache.catalina.loader.WebappClassLoaderBase.clearReferencesJdbc The web application [bodgeit] registered the JDBC driver [org.hsqldb.jdbcDriver] but failed to unregister it when the web application was stopped. To prevent a memory leak, the JDBC Driver has been forcibly unregistered.
01-Apr-2017 12:57:51.283 INFO [main] org.apache.coyote.AbstractProtocol.stop Stopping ProtocolHandler ["http-nio-8080"]
01-Apr-2017 12:57:51.284 INFO [main] org.apache.coyote.AbstractProtocol.stop Stopping ProtocolHandler ["ajp-nio-8009"]
01-Apr-2017 12:57:51.285 INFO [main] org.apache.coyote.AbstractProtocol.destroy Destroying ProtocolHandler ["http-nio-8080"]
01-Apr-2017 12:57:51.287 INFO [main] org.apache.coyote.AbstractProtocol.destroy Destroying ProtocolHandler ["ajp-nio-8009"]
01-Apr-2017 12:57:53.615 INFO [main] org.apache.catalina.startup.VersionLoggerListener.log Server version:        Apache Tomcat/9.0.0.M17
01-Apr-2017 12:57:53.617 INFO [main] org.apache.catalina.startup.VersionLoggerListener.log Server built:          Jan 10 2017 20:59:20 UTC
01-Apr-2017 12:57:53.617 INFO [main] org.apache.catalina.startup.VersionLoggerListener.log Server number:         9.0.0.0
01-Apr-2017 12:57:53.617 INFO [main] org.apache.catalina.startup.VersionLoggerListener.log OS Name:               Windows 10
01-Apr-2017 12:57:53.617 INFO [main] org.apache.catalina.startup.VersionLoggerListener.log OS Version:            10.0
01-Apr-2017 12:57:53.617 INFO [main] org.apache.catalina.startup.VersionLoggerListener.log Architecture:          amd64
01-Apr-2017 12:57:53.617 INFO [main] org.apache.catalina.startup.VersionLoggerListener.log Java Home:             C:\Program Files\Java\jre1.8.0_121
01-Apr-2017 12:57:53.617 INFO [main] org.apache.catalina.startup.VersionLoggerListener.log JVM Version:           1.8.0_121-b13
01-Apr-2017 12:57:53.618 INFO [main] org.apache.catalina.startup.VersionLoggerListener.log JVM Vendor:            Oracle Corporation
01-Apr-2017 12:57:53.618 INFO [main] org.apache.catalina.startup.VersionLoggerListener.log CATALINA_BASE:         D:\the test build\apache-tomcat-9.0.0.M17
01-Apr-2017 12:57:53.618 INFO [main] org.apache.catalina.startup.VersionLoggerListener.log CATALINA_HOME:         D:\the test build\apache-tomcat-9.0.0.M17
01-Apr-2017 12:57:53.618 INFO [main] org.apache.catalina.startup.VersionLoggerListener.log Command line argument: -Djava.util.logging.config.file=D:\the test build\apache-tomcat-9.0.0.M17\conf\logging.properties
01-Apr-2017 12:57:53.619 INFO [main] org.apache.catalina.startup.VersionLoggerListener.log Command line argument: -Djava.util.logging.manager=org.apache.juli.ClassLoaderLogManager
01-Apr-2017 12:57:53.619 INFO [main] org.apache.catalina.startup.VersionLoggerListener.log Command line argument: -Djdk.tls.ephemeralDHKeySize=2048
01-Apr-2017 12:57:53.619 INFO [main] org.apache.catalina.startup.VersionLoggerListener.log Command line argument: -Djava.protocol.handler.pkgs=org.apache.catalina.webresources
01-Apr-2017 12:57:53.619 INFO [main] org.apache.catalina.startup.VersionLoggerListener.log Command line argument: -Dcatalina.base=D:\the test build\apache-tomcat-9.0.0.M17
01-Apr-2017 12:57:53.619 INFO [main] org.apache.catalina.startup.VersionLoggerListener.log Command line argument: -Dcatalina.home=D:\the test build\apache-tomcat-9.0.0.M17
01-Apr-2017 12:57:53.620 INFO [main] org.apache.catalina.startup.VersionLoggerListener.log Command line argument: -Djava.io.tmpdir=D:\the test build\apache-tomcat-9.0.0.M17\temp
01-Apr-2017 12:57:53.620 INFO [main] org.apache.catalina.core.AprLifecycleListener.lifecycleEvent The APR based Apache Tomcat Native library which allows optimal performance in production environments was not found on the java.library.path: C:\Program Files\Java\jre1.8.0_121\bin;C:\WINDOWS\Sun\Java\bin;C:\WINDOWS\system32;C:\WINDOWS;C:\ProgramData\Oracle\Java\javapath;C:\WINDOWS\system32;C:\WINDOWS;C:\WINDOWS\System32\Wbem;C:\WINDOWS\System32\WindowsPowerShell\v1.0\;C:\Program Files (x86)\MiKTeX 2.9\miktex\bin\;C:\MinGW\bin\gcc.exe;C:\Program Files\Microsoft\Web Platform Installer\;C:\Program Files (x86)\Microsoft ASP.NET\ASP.NET Web Pages\v1.0\;C:\Program Files (x86)\Windows Kits\8.0\Windows Performance Toolkit\;C:\Program Files\Microsoft SQL Server\110\Tools\Binn\;C:\Program Files (x86)\Windows Live\Shared;C:\Program Files (x86)\NVIDIA Corporation\PhysX\Common;C:\Users\vivid160\Anaconda3;C:\Users\vivid160\Anaconda3\Scripts;C:\Users\vivid160\Anaconda3\Library\bin;C:\Users\vivid160\AppData\Local\Microsoft\WindowsApps;C:\MinGW\bin;.
01-Apr-2017 12:57:53.711 INFO [main] org.apache.coyote.AbstractProtocol.init Initializing ProtocolHandler ["http-nio-8080"]
01-Apr-2017 12:57:53.816 INFO [main] org.apache.tomcat.util.net.NioSelectorPool.getSharedSelector Using a shared selector for servlet write/read
01-Apr-2017 12:57:53.818 INFO [main] org.apache.coyote.AbstractProtocol.init Initializing ProtocolHandler ["ajp-nio-8009"]
01-Apr-2017 12:57:53.820 INFO [main] org.apache.tomcat.util.net.NioSelectorPool.getSharedSelector Using a shared selector for servlet write/read
01-Apr-2017 12:57:53.820 INFO [main] org.apache.catalina.startup.Catalina.load Initialization processed in 466 ms
01-Apr-2017 12:57:53.837 INFO [main] org.apache.catalina.core.StandardService.startInternal Starting service Catalina
01-Apr-2017 12:57:53.837 INFO [main] org.apache.catalina.core.StandardEngine.startInternal Starting Servlet Engine: Apache Tomcat/9.0.0.M17
01-Apr-2017 12:57:53.855 INFO [localhost-startStop-1] org.apache.catalina.startup.HostConfig.deployWAR Deploying web application archive D:\the test build\apache-tomcat-9.0.0.M17\webapps\bodgeit.war
01-Apr-2017 12:57:54.139 INFO [localhost-startStop-1] org.apache.jasper.servlet.TldScanner.scanJars At least one JAR was scanned for TLDs yet contained no TLDs. Enable debug logging for this logger for a complete list of JARs that were scanned but no TLDs were found in them. Skipping unneeded JARs during scanning can improve startup time and JSP compilation time.
01-Apr-2017 12:57:54.418 INFO [localhost-startStop-1] org.apache.catalina.startup.HostConfig.deployWAR Deployment of web application archive D:\the test build\apache-tomcat-9.0.0.M17\webapps\bodgeit.war has finished in 562 ms
01-Apr-2017 12:57:54.418 INFO [localhost-startStop-1] org.apache.catalina.startup.HostConfig.deployDirectory Deploying web application directory D:\the test build\apache-tomcat-9.0.0.M17\webapps\ROOT
01-Apr-2017 12:57:54.432 INFO [localhost-startStop-1] org.apache.catalina.startup.HostConfig.deployDirectory Deployment of web application directory D:\the test build\apache-tomcat-9.0.0.M17\webapps\ROOT has finished in 14 ms
01-Apr-2017 12:57:54.433 INFO [localhost-startStop-1] org.apache.catalina.startup.HostConfig.deployDirectory Deploying web application directory D:\the test build\apache-tomcat-9.0.0.M17\webapps\docs
01-Apr-2017 12:57:54.448 INFO [localhost-startStop-1] org.apache.catalina.startup.HostConfig.deployDirectory Deployment of web application directory D:\the test build\apache-tomcat-9.0.0.M17\webapps\docs has finished in 14 ms
01-Apr-2017 12:57:54.448 INFO [localhost-startStop-1] org.apache.catalina.startup.HostConfig.deployDirectory Deploying web application directory D:\the test build\apache-tomcat-9.0.0.M17\webapps\examples
01-Apr-2017 12:57:54.648 INFO [localhost-startStop-1] org.apache.catalina.startup.HostConfig.deployDirectory Deployment of web application directory D:\the test build\apache-tomcat-9.0.0.M17\webapps\examples has finished in 200 ms
01-Apr-2017 12:57:54.649 INFO [localhost-startStop-1] org.apache.catalina.startup.HostConfig.deployDirectory Deploying web application directory D:\the test build\apache-tomcat-9.0.0.M17\webapps\host-manager
01-Apr-2017 12:57:54.669 INFO [localhost-startStop-1] org.apache.catalina.startup.HostConfig.deployDirectory Deployment of web application directory D:\the test build\apache-tomcat-9.0.0.M17\webapps\host-manager has finished in 20 ms
01-Apr-2017 12:57:54.669 INFO [localhost-startStop-1] org.apache.catalina.startup.HostConfig.deployDirectory Deploying web application directory D:\the test build\apache-tomcat-9.0.0.M17\webapps\manager
01-Apr-2017 12:57:54.690 INFO [localhost-startStop-1] org.apache.catalina.startup.HostConfig.deployDirectory Deployment of web application directory D:\the test build\apache-tomcat-9.0.0.M17\webapps\manager has finished in 21 ms
01-Apr-2017 12:57:54.692 INFO [main] org.apache.coyote.AbstractProtocol.start Starting ProtocolHandler [http-nio-8080]
01-Apr-2017 12:57:54.698 INFO [main] org.apache.coyote.AbstractProtocol.start Starting ProtocolHandler [ajp-nio-8009]
01-Apr-2017 12:57:54.700 INFO [main] org.apache.catalina.startup.Catalina.start Server startup in 879 ms
01-Apr-2017 12:59:13.450 INFO [http-nio-8080-exec-10] org.apache.tomcat.util.http.Parameters.processParameters Invalid chunk starting at byte [0] and ending at byte [1] with a value of [=] ignored
 Note: further occurrences of Parameter errors will be logged at DEBUG level.
