23-Feb-2017 00:23:33.948 SEVERE [http-nio-8080-exec-1] org.apache.catalina.core.StandardWrapperValve.invoke Servlet.service() for servlet [jsp] in context with path [/bodgeit] threw exception [java.lang.NullPointerException] with root cause
 java.lang.NullPointerException
	at java.util.regex.Matcher.getTextLength(Unknown Source)
	at java.util.regex.Matcher.reset(Unknown Source)
	at java.util.regex.Matcher.<init>(Unknown Source)
	at java.util.regex.Pattern.matcher(Unknown Source)
	at com.thebodgeitstore.util.AES.hexStringToByteArray(Unknown Source)
	at com.thebodgeitstore.util.AES.decryptCrt(Unknown Source)
	at org.apache.jsp.advanced_jsp._jspService(advanced_jsp.java:175)
	at org.apache.jasper.runtime.HttpJspBase.service(HttpJspBase.java:70)
	at javax.servlet.http.HttpServlet.service(HttpServlet.java:729)
	at org.apache.jasper.servlet.JspServletWrapper.service(JspServletWrapper.java:443)
	at org.apache.jasper.servlet.JspServlet.serviceJspFile(JspServlet.java:385)
	at org.apache.jasper.servlet.JspServlet.service(JspServlet.java:329)
	at javax.servlet.http.HttpServlet.service(HttpServlet.java:729)
	at org.apache.catalina.core.ApplicationFilterChain.internalDoFilter(ApplicationFilterChain.java:230)
	at org.apache.catalina.core.ApplicationFilterChain.doFilter(ApplicationFilterChain.java:165)
	at org.apache.tomcat.websocket.server.WsFilter.doFilter(WsFilter.java:53)
	at org.apache.catalina.core.ApplicationFilterChain.internalDoFilter(ApplicationFilterChain.java:192)
	at org.apache.catalina.core.ApplicationFilterChain.doFilter(ApplicationFilterChain.java:165)
	at org.apache.catalina.core.StandardWrapperValve.invoke(StandardWrapperValve.java:199)
	at org.apache.catalina.core.StandardContextValve.invoke(StandardContextValve.java:96)
	at org.apache.catalina.authenticator.AuthenticatorBase.invoke(AuthenticatorBase.java:474)
	at org.apache.catalina.core.StandardHostValve.invoke(StandardHostValve.java:140)
	at org.apache.catalina.valves.ErrorReportValve.invoke(ErrorReportValve.java:79)
	at org.apache.catalina.valves.AbstractAccessLogValve.invoke(AbstractAccessLogValve.java:624)
	at org.apache.catalina.core.StandardEngineValve.invoke(StandardEngineValve.java:87)
	at org.apache.catalina.connector.CoyoteAdapter.service(CoyoteAdapter.java:349)
	at org.apache.coyote.http11.Http11Processor.service(Http11Processor.java:495)
	at org.apache.coyote.AbstractProcessorLight.process(AbstractProcessorLight.java:66)
	at org.apache.coyote.AbstractProtocol$ConnectionHandler.process(AbstractProtocol.java:767)
	at org.apache.tomcat.util.net.NioEndpoint$SocketProcessor.doRun(NioEndpoint.java:1347)
	at org.apache.tomcat.util.net.SocketProcessorBase.run(SocketProcessorBase.java:49)
	at java.util.concurrent.ThreadPoolExecutor.runWorker(Unknown Source)
	at java.util.concurrent.ThreadPoolExecutor$Worker.run(Unknown Source)
	at org.apache.tomcat.util.threads.TaskThread$WrappingRunnable.run(TaskThread.java:61)
	at java.lang.Thread.run(Unknown Source)

23-Feb-2017 00:23:33.965 SEVERE [http-nio-8080-exec-1] org.apache.catalina.core.StandardWrapperValve.invoke Servlet.service() for servlet [jsp] in context with path [/bodgeit] threw exception [java.lang.IllegalArgumentException: Bad arguments] with root cause
 java.lang.IllegalArgumentException: Bad arguments
	at javax.crypto.Cipher.doFinal(Cipher.java:2219)
	at com.thebodgeitstore.util.AES.decryptCrt(Unknown Source)
	at org.apache.jsp.advanced_jsp._jspService(advanced_jsp.java:175)
	at org.apache.jasper.runtime.HttpJspBase.service(HttpJspBase.java:70)
	at javax.servlet.http.HttpServlet.service(HttpServlet.java:729)
	at org.apache.jasper.servlet.JspServletWrapper.service(JspServletWrapper.java:443)
	at org.apache.jasper.servlet.JspServlet.serviceJspFile(JspServlet.java:385)
	at org.apache.jasper.servlet.JspServlet.service(JspServlet.java:329)
	at javax.servlet.http.HttpServlet.service(HttpServlet.java:729)
	at org.apache.catalina.core.ApplicationFilterChain.internalDoFilter(ApplicationFilterChain.java:230)
	at org.apache.catalina.core.ApplicationFilterChain.doFilter(ApplicationFilterChain.java:165)
	at org.apache.tomcat.websocket.server.WsFilter.doFilter(WsFilter.java:53)
	at org.apache.catalina.core.ApplicationFilterChain.internalDoFilter(ApplicationFilterChain.java:192)
	at org.apache.catalina.core.ApplicationFilterChain.doFilter(ApplicationFilterChain.java:165)
	at org.apache.catalina.core.StandardWrapperValve.invoke(StandardWrapperValve.java:199)
	at org.apache.catalina.core.StandardContextValve.invoke(StandardContextValve.java:96)
	at org.apache.catalina.authenticator.AuthenticatorBase.invoke(AuthenticatorBase.java:474)
	at org.apache.catalina.core.StandardHostValve.invoke(StandardHostValve.java:140)
	at org.apache.catalina.valves.ErrorReportValve.invoke(ErrorReportValve.java:79)
	at org.apache.catalina.valves.AbstractAccessLogValve.invoke(AbstractAccessLogValve.java:624)
	at org.apache.catalina.core.StandardEngineValve.invoke(StandardEngineValve.java:87)
	at org.apache.catalina.connector.CoyoteAdapter.service(CoyoteAdapter.java:349)
	at org.apache.coyote.http11.Http11Processor.service(Http11Processor.java:495)
	at org.apache.coyote.AbstractProcessorLight.process(AbstractProcessorLight.java:66)
	at org.apache.coyote.AbstractProtocol$ConnectionHandler.process(AbstractProtocol.java:767)
	at org.apache.tomcat.util.net.NioEndpoint$SocketProcessor.doRun(NioEndpoint.java:1347)
	at org.apache.tomcat.util.net.SocketProcessorBase.run(SocketProcessorBase.java:49)
	at java.util.concurrent.ThreadPoolExecutor.runWorker(Unknown Source)
	at java.util.concurrent.ThreadPoolExecutor$Worker.run(Unknown Source)
	at org.apache.tomcat.util.threads.TaskThread$WrappingRunnable.run(TaskThread.java:61)
	at java.lang.Thread.run(Unknown Source)

23-Feb-2017 00:29:19.600 SEVERE [http-nio-8080-exec-2] org.apache.catalina.core.StandardWrapperValve.invoke Servlet.service() for servlet [jsp] in context with path [/bodgeit] threw exception [java.lang.IllegalArgumentException: Bad arguments] with root cause
 java.lang.IllegalArgumentException: Bad arguments
	at javax.crypto.Cipher.doFinal(Cipher.java:2219)
	at com.thebodgeitstore.util.AES.decryptCrt(Unknown Source)
	at org.apache.jsp.advanced_jsp._jspService(advanced_jsp.java:175)
	at org.apache.jasper.runtime.HttpJspBase.service(HttpJspBase.java:70)
	at javax.servlet.http.HttpServlet.service(HttpServlet.java:729)
	at org.apache.jasper.servlet.JspServletWrapper.service(JspServletWrapper.java:443)
	at org.apache.jasper.servlet.JspServlet.serviceJspFile(JspServlet.java:385)
	at org.apache.jasper.servlet.JspServlet.service(JspServlet.java:329)
	at javax.servlet.http.HttpServlet.service(HttpServlet.java:729)
	at org.apache.catalina.core.ApplicationFilterChain.internalDoFilter(ApplicationFilterChain.java:230)
	at org.apache.catalina.core.ApplicationFilterChain.doFilter(ApplicationFilterChain.java:165)
	at org.apache.tomcat.websocket.server.WsFilter.doFilter(WsFilter.java:53)
	at org.apache.catalina.core.ApplicationFilterChain.internalDoFilter(ApplicationFilterChain.java:192)
	at org.apache.catalina.core.ApplicationFilterChain.doFilter(ApplicationFilterChain.java:165)
	at org.apache.catalina.core.StandardWrapperValve.invoke(StandardWrapperValve.java:199)
	at org.apache.catalina.core.StandardContextValve.invoke(StandardContextValve.java:96)
	at org.apache.catalina.authenticator.AuthenticatorBase.invoke(AuthenticatorBase.java:474)
	at org.apache.catalina.core.StandardHostValve.invoke(StandardHostValve.java:140)
	at org.apache.catalina.valves.ErrorReportValve.invoke(ErrorReportValve.java:79)
	at org.apache.catalina.valves.AbstractAccessLogValve.invoke(AbstractAccessLogValve.java:624)
	at org.apache.catalina.core.StandardEngineValve.invoke(StandardEngineValve.java:87)
	at org.apache.catalina.connector.CoyoteAdapter.service(CoyoteAdapter.java:349)
	at org.apache.coyote.http11.Http11Processor.service(Http11Processor.java:495)
	at org.apache.coyote.AbstractProcessorLight.process(AbstractProcessorLight.java:66)
	at org.apache.coyote.AbstractProtocol$ConnectionHandler.process(AbstractProtocol.java:767)
	at org.apache.tomcat.util.net.NioEndpoint$SocketProcessor.doRun(NioEndpoint.java:1347)
	at org.apache.tomcat.util.net.SocketProcessorBase.run(SocketProcessorBase.java:49)
	at java.util.concurrent.ThreadPoolExecutor.runWorker(Unknown Source)
	at java.util.concurrent.ThreadPoolExecutor$Worker.run(Unknown Source)
	at org.apache.tomcat.util.threads.TaskThread$WrappingRunnable.run(TaskThread.java:61)
	at java.lang.Thread.run(Unknown Source)

23-Feb-2017 00:29:19.600 SEVERE [http-nio-8080-exec-10] org.apache.catalina.core.StandardWrapperValve.invoke Servlet.service() for servlet [jsp] in context with path [/bodgeit] threw exception [java.lang.NullPointerException] with root cause
 java.lang.NullPointerException
	at java.util.regex.Matcher.getTextLength(Unknown Source)
	at java.util.regex.Matcher.reset(Unknown Source)
	at java.util.regex.Matcher.<init>(Unknown Source)
	at java.util.regex.Pattern.matcher(Unknown Source)
	at com.thebodgeitstore.util.AES.hexStringToByteArray(Unknown Source)
	at com.thebodgeitstore.util.AES.decryptCrt(Unknown Source)
	at org.apache.jsp.advanced_jsp._jspService(advanced_jsp.java:175)
	at org.apache.jasper.runtime.HttpJspBase.service(HttpJspBase.java:70)
	at javax.servlet.http.HttpServlet.service(HttpServlet.java:729)
	at org.apache.jasper.servlet.JspServletWrapper.service(JspServletWrapper.java:443)
	at org.apache.jasper.servlet.JspServlet.serviceJspFile(JspServlet.java:385)
	at org.apache.jasper.servlet.JspServlet.service(JspServlet.java:329)
	at javax.servlet.http.HttpServlet.service(HttpServlet.java:729)
	at org.apache.catalina.core.ApplicationFilterChain.internalDoFilter(ApplicationFilterChain.java:230)
	at org.apache.catalina.core.ApplicationFilterChain.doFilter(ApplicationFilterChain.java:165)
	at org.apache.tomcat.websocket.server.WsFilter.doFilter(WsFilter.java:53)
	at org.apache.catalina.core.ApplicationFilterChain.internalDoFilter(ApplicationFilterChain.java:192)
	at org.apache.catalina.core.ApplicationFilterChain.doFilter(ApplicationFilterChain.java:165)
	at org.apache.catalina.core.StandardWrapperValve.invoke(StandardWrapperValve.java:199)
	at org.apache.catalina.core.StandardContextValve.invoke(StandardContextValve.java:96)
	at org.apache.catalina.authenticator.AuthenticatorBase.invoke(AuthenticatorBase.java:474)
	at org.apache.catalina.core.StandardHostValve.invoke(StandardHostValve.java:140)
	at org.apache.catalina.valves.ErrorReportValve.invoke(ErrorReportValve.java:79)
	at org.apache.catalina.valves.AbstractAccessLogValve.invoke(AbstractAccessLogValve.java:624)
	at org.apache.catalina.core.StandardEngineValve.invoke(StandardEngineValve.java:87)
	at org.apache.catalina.connector.CoyoteAdapter.service(CoyoteAdapter.java:349)
	at org.apache.coyote.http11.Http11Processor.service(Http11Processor.java:495)
	at org.apache.coyote.AbstractProcessorLight.process(AbstractProcessorLight.java:66)
	at org.apache.coyote.AbstractProtocol$ConnectionHandler.process(AbstractProtocol.java:767)
	at org.apache.tomcat.util.net.NioEndpoint$SocketProcessor.doRun(NioEndpoint.java:1347)
	at org.apache.tomcat.util.net.SocketProcessorBase.run(SocketProcessorBase.java:49)
	at java.util.concurrent.ThreadPoolExecutor.runWorker(Unknown Source)
	at java.util.concurrent.ThreadPoolExecutor$Worker.run(Unknown Source)
	at org.apache.tomcat.util.threads.TaskThread$WrappingRunnable.run(TaskThread.java:61)
	at java.lang.Thread.run(Unknown Source)

23-Feb-2017 00:51:08.841 SEVERE [http-nio-8080-exec-6] org.apache.catalina.core.StandardWrapperValve.invoke Servlet.service() for servlet [jsp] in context with path [/bodgeit] threw exception [java.lang.NullPointerException] with root cause
 java.lang.NullPointerException
	at java.util.regex.Matcher.getTextLength(Unknown Source)
	at java.util.regex.Matcher.reset(Unknown Source)
	at java.util.regex.Matcher.<init>(Unknown Source)
	at java.util.regex.Pattern.matcher(Unknown Source)
	at com.thebodgeitstore.util.AES.hexStringToByteArray(Unknown Source)
	at com.thebodgeitstore.util.AES.decryptCrt(Unknown Source)
	at org.apache.jsp.advanced_jsp._jspService(advanced_jsp.java:175)
	at org.apache.jasper.runtime.HttpJspBase.service(HttpJspBase.java:70)
	at javax.servlet.http.HttpServlet.service(HttpServlet.java:729)
	at org.apache.jasper.servlet.JspServletWrapper.service(JspServletWrapper.java:443)
	at org.apache.jasper.servlet.JspServlet.serviceJspFile(JspServlet.java:385)
	at org.apache.jasper.servlet.JspServlet.service(JspServlet.java:329)
	at javax.servlet.http.HttpServlet.service(HttpServlet.java:729)
	at org.apache.catalina.core.ApplicationFilterChain.internalDoFilter(ApplicationFilterChain.java:230)
	at org.apache.catalina.core.ApplicationFilterChain.doFilter(ApplicationFilterChain.java:165)
	at org.apache.tomcat.websocket.server.WsFilter.doFilter(WsFilter.java:53)
	at org.apache.catalina.core.ApplicationFilterChain.internalDoFilter(ApplicationFilterChain.java:192)
	at org.apache.catalina.core.ApplicationFilterChain.doFilter(ApplicationFilterChain.java:165)
	at org.apache.catalina.core.StandardWrapperValve.invoke(StandardWrapperValve.java:199)
	at org.apache.catalina.core.StandardContextValve.invoke(StandardContextValve.java:96)
	at org.apache.catalina.authenticator.AuthenticatorBase.invoke(AuthenticatorBase.java:474)
	at org.apache.catalina.core.StandardHostValve.invoke(StandardHostValve.java:140)
	at org.apache.catalina.valves.ErrorReportValve.invoke(ErrorReportValve.java:79)
	at org.apache.catalina.valves.AbstractAccessLogValve.invoke(AbstractAccessLogValve.java:624)
	at org.apache.catalina.core.StandardEngineValve.invoke(StandardEngineValve.java:87)
	at org.apache.catalina.connector.CoyoteAdapter.service(CoyoteAdapter.java:349)
	at org.apache.coyote.http11.Http11Processor.service(Http11Processor.java:495)
	at org.apache.coyote.AbstractProcessorLight.process(AbstractProcessorLight.java:66)
	at org.apache.coyote.AbstractProtocol$ConnectionHandler.process(AbstractProtocol.java:767)
	at org.apache.tomcat.util.net.NioEndpoint$SocketProcessor.doRun(NioEndpoint.java:1347)
	at org.apache.tomcat.util.net.SocketProcessorBase.run(SocketProcessorBase.java:49)
	at java.util.concurrent.ThreadPoolExecutor.runWorker(Unknown Source)
	at java.util.concurrent.ThreadPoolExecutor$Worker.run(Unknown Source)
	at org.apache.tomcat.util.threads.TaskThread$WrappingRunnable.run(TaskThread.java:61)
	at java.lang.Thread.run(Unknown Source)

23-Feb-2017 00:51:08.848 SEVERE [http-nio-8080-exec-10] org.apache.catalina.core.StandardWrapperValve.invoke Servlet.service() for servlet [jsp] in context with path [/bodgeit] threw exception [java.lang.IllegalArgumentException: Bad arguments] with root cause
 java.lang.IllegalArgumentException: Bad arguments
	at javax.crypto.Cipher.doFinal(Cipher.java:2219)
	at com.thebodgeitstore.util.AES.decryptCrt(Unknown Source)
	at org.apache.jsp.advanced_jsp._jspService(advanced_jsp.java:175)
	at org.apache.jasper.runtime.HttpJspBase.service(HttpJspBase.java:70)
	at javax.servlet.http.HttpServlet.service(HttpServlet.java:729)
	at org.apache.jasper.servlet.JspServletWrapper.service(JspServletWrapper.java:443)
	at org.apache.jasper.servlet.JspServlet.serviceJspFile(JspServlet.java:385)
	at org.apache.jasper.servlet.JspServlet.service(JspServlet.java:329)
	at javax.servlet.http.HttpServlet.service(HttpServlet.java:729)
	at org.apache.catalina.core.ApplicationFilterChain.internalDoFilter(ApplicationFilterChain.java:230)
	at org.apache.catalina.core.ApplicationFilterChain.doFilter(ApplicationFilterChain.java:165)
	at org.apache.tomcat.websocket.server.WsFilter.doFilter(WsFilter.java:53)
	at org.apache.catalina.core.ApplicationFilterChain.internalDoFilter(ApplicationFilterChain.java:192)
	at org.apache.catalina.core.ApplicationFilterChain.doFilter(ApplicationFilterChain.java:165)
	at org.apache.catalina.core.StandardWrapperValve.invoke(StandardWrapperValve.java:199)
	at org.apache.catalina.core.StandardContextValve.invoke(StandardContextValve.java:96)
	at org.apache.catalina.authenticator.AuthenticatorBase.invoke(AuthenticatorBase.java:474)
	at org.apache.catalina.core.StandardHostValve.invoke(StandardHostValve.java:140)
	at org.apache.catalina.valves.ErrorReportValve.invoke(ErrorReportValve.java:79)
	at org.apache.catalina.valves.AbstractAccessLogValve.invoke(AbstractAccessLogValve.java:624)
	at org.apache.catalina.core.StandardEngineValve.invoke(StandardEngineValve.java:87)
	at org.apache.catalina.connector.CoyoteAdapter.service(CoyoteAdapter.java:349)
	at org.apache.coyote.http11.Http11Processor.service(Http11Processor.java:495)
	at org.apache.coyote.AbstractProcessorLight.process(AbstractProcessorLight.java:66)
	at org.apache.coyote.AbstractProtocol$ConnectionHandler.process(AbstractProtocol.java:767)
	at org.apache.tomcat.util.net.NioEndpoint$SocketProcessor.doRun(NioEndpoint.java:1347)
	at org.apache.tomcat.util.net.SocketProcessorBase.run(SocketProcessorBase.java:49)
	at java.util.concurrent.ThreadPoolExecutor.runWorker(Unknown Source)
	at java.util.concurrent.ThreadPoolExecutor$Worker.run(Unknown Source)
	at org.apache.tomcat.util.threads.TaskThread$WrappingRunnable.run(TaskThread.java:61)
	at java.lang.Thread.run(Unknown Source)

23-Feb-2017 00:55:32.543 SEVERE [http-nio-8080-exec-2] org.apache.catalina.core.StandardWrapperValve.invoke Servlet.service() for servlet [jsp] in context with path [/bodgeit] threw exception [java.lang.NullPointerException] with root cause
 java.lang.NullPointerException
	at java.util.regex.Matcher.getTextLength(Unknown Source)
	at java.util.regex.Matcher.reset(Unknown Source)
	at java.util.regex.Matcher.<init>(Unknown Source)
	at java.util.regex.Pattern.matcher(Unknown Source)
	at com.thebodgeitstore.util.AES.hexStringToByteArray(Unknown Source)
	at com.thebodgeitstore.util.AES.decryptCrt(Unknown Source)
	at org.apache.jsp.advanced_jsp._jspService(advanced_jsp.java:175)
	at org.apache.jasper.runtime.HttpJspBase.service(HttpJspBase.java:70)
	at javax.servlet.http.HttpServlet.service(HttpServlet.java:729)
	at org.apache.jasper.servlet.JspServletWrapper.service(JspServletWrapper.java:443)
	at org.apache.jasper.servlet.JspServlet.serviceJspFile(JspServlet.java:385)
	at org.apache.jasper.servlet.JspServlet.service(JspServlet.java:329)
	at javax.servlet.http.HttpServlet.service(HttpServlet.java:729)
	at org.apache.catalina.core.ApplicationFilterChain.internalDoFilter(ApplicationFilterChain.java:230)
	at org.apache.catalina.core.ApplicationFilterChain.doFilter(ApplicationFilterChain.java:165)
	at org.apache.tomcat.websocket.server.WsFilter.doFilter(WsFilter.java:53)
	at org.apache.catalina.core.ApplicationFilterChain.internalDoFilter(ApplicationFilterChain.java:192)
	at org.apache.catalina.core.ApplicationFilterChain.doFilter(ApplicationFilterChain.java:165)
	at org.apache.catalina.core.StandardWrapperValve.invoke(StandardWrapperValve.java:199)
	at org.apache.catalina.core.StandardContextValve.invoke(StandardContextValve.java:96)
	at org.apache.catalina.authenticator.AuthenticatorBase.invoke(AuthenticatorBase.java:474)
	at org.apache.catalina.core.StandardHostValve.invoke(StandardHostValve.java:140)
	at org.apache.catalina.valves.ErrorReportValve.invoke(ErrorReportValve.java:79)
	at org.apache.catalina.valves.AbstractAccessLogValve.invoke(AbstractAccessLogValve.java:624)
	at org.apache.catalina.core.StandardEngineValve.invoke(StandardEngineValve.java:87)
	at org.apache.catalina.connector.CoyoteAdapter.service(CoyoteAdapter.java:349)
	at org.apache.coyote.http11.Http11Processor.service(Http11Processor.java:495)
	at org.apache.coyote.AbstractProcessorLight.process(AbstractProcessorLight.java:66)
	at org.apache.coyote.AbstractProtocol$ConnectionHandler.process(AbstractProtocol.java:767)
	at org.apache.tomcat.util.net.NioEndpoint$SocketProcessor.doRun(NioEndpoint.java:1347)
	at org.apache.tomcat.util.net.SocketProcessorBase.run(SocketProcessorBase.java:49)
	at java.util.concurrent.ThreadPoolExecutor.runWorker(Unknown Source)
	at java.util.concurrent.ThreadPoolExecutor$Worker.run(Unknown Source)
	at org.apache.tomcat.util.threads.TaskThread$WrappingRunnable.run(TaskThread.java:61)
	at java.lang.Thread.run(Unknown Source)

23-Feb-2017 00:55:32.548 SEVERE [http-nio-8080-exec-6] org.apache.catalina.core.StandardWrapperValve.invoke Servlet.service() for servlet [jsp] in context with path [/bodgeit] threw exception [java.lang.IllegalArgumentException: Bad arguments] with root cause
 java.lang.IllegalArgumentException: Bad arguments
	at javax.crypto.Cipher.doFinal(Cipher.java:2219)
	at com.thebodgeitstore.util.AES.decryptCrt(Unknown Source)
	at org.apache.jsp.advanced_jsp._jspService(advanced_jsp.java:175)
	at org.apache.jasper.runtime.HttpJspBase.service(HttpJspBase.java:70)
	at javax.servlet.http.HttpServlet.service(HttpServlet.java:729)
	at org.apache.jasper.servlet.JspServletWrapper.service(JspServletWrapper.java:443)
	at org.apache.jasper.servlet.JspServlet.serviceJspFile(JspServlet.java:385)
	at org.apache.jasper.servlet.JspServlet.service(JspServlet.java:329)
	at javax.servlet.http.HttpServlet.service(HttpServlet.java:729)
	at org.apache.catalina.core.ApplicationFilterChain.internalDoFilter(ApplicationFilterChain.java:230)
	at org.apache.catalina.core.ApplicationFilterChain.doFilter(ApplicationFilterChain.java:165)
	at org.apache.tomcat.websocket.server.WsFilter.doFilter(WsFilter.java:53)
	at org.apache.catalina.core.ApplicationFilterChain.internalDoFilter(ApplicationFilterChain.java:192)
	at org.apache.catalina.core.ApplicationFilterChain.doFilter(ApplicationFilterChain.java:165)
	at org.apache.catalina.core.StandardWrapperValve.invoke(StandardWrapperValve.java:199)
	at org.apache.catalina.core.StandardContextValve.invoke(StandardContextValve.java:96)
	at org.apache.catalina.authenticator.AuthenticatorBase.invoke(AuthenticatorBase.java:474)
	at org.apache.catalina.core.StandardHostValve.invoke(StandardHostValve.java:140)
	at org.apache.catalina.valves.ErrorReportValve.invoke(ErrorReportValve.java:79)
	at org.apache.catalina.valves.AbstractAccessLogValve.invoke(AbstractAccessLogValve.java:624)
	at org.apache.catalina.core.StandardEngineValve.invoke(StandardEngineValve.java:87)
	at org.apache.catalina.connector.CoyoteAdapter.service(CoyoteAdapter.java:349)
	at org.apache.coyote.http11.Http11Processor.service(Http11Processor.java:495)
	at org.apache.coyote.AbstractProcessorLight.process(AbstractProcessorLight.java:66)
	at org.apache.coyote.AbstractProtocol$ConnectionHandler.process(AbstractProtocol.java:767)
	at org.apache.tomcat.util.net.NioEndpoint$SocketProcessor.doRun(NioEndpoint.java:1347)
	at org.apache.tomcat.util.net.SocketProcessorBase.run(SocketProcessorBase.java:49)
	at java.util.concurrent.ThreadPoolExecutor.runWorker(Unknown Source)
	at java.util.concurrent.ThreadPoolExecutor$Worker.run(Unknown Source)
	at org.apache.tomcat.util.threads.TaskThread$WrappingRunnable.run(TaskThread.java:61)
	at java.lang.Thread.run(Unknown Source)

23-Feb-2017 12:01:31.175 SEVERE [http-nio-8080-exec-3] org.apache.catalina.core.StandardWrapperValve.invoke Servlet.service() for servlet [jsp] in context with path [/bodgeit] threw exception [java.lang.NullPointerException] with root cause
 java.lang.NullPointerException
	at java.util.regex.Matcher.getTextLength(Unknown Source)
	at java.util.regex.Matcher.reset(Unknown Source)
	at java.util.regex.Matcher.<init>(Unknown Source)
	at java.util.regex.Pattern.matcher(Unknown Source)
	at com.thebodgeitstore.util.AES.hexStringToByteArray(Unknown Source)
	at com.thebodgeitstore.util.AES.decryptCrt(Unknown Source)
	at org.apache.jsp.advanced_jsp._jspService(advanced_jsp.java:175)
	at org.apache.jasper.runtime.HttpJspBase.service(HttpJspBase.java:70)
	at javax.servlet.http.HttpServlet.service(HttpServlet.java:729)
	at org.apache.jasper.servlet.JspServletWrapper.service(JspServletWrapper.java:443)
	at org.apache.jasper.servlet.JspServlet.serviceJspFile(JspServlet.java:385)
	at org.apache.jasper.servlet.JspServlet.service(JspServlet.java:329)
	at javax.servlet.http.HttpServlet.service(HttpServlet.java:729)
	at org.apache.catalina.core.ApplicationFilterChain.internalDoFilter(ApplicationFilterChain.java:230)
	at org.apache.catalina.core.ApplicationFilterChain.doFilter(ApplicationFilterChain.java:165)
	at org.apache.tomcat.websocket.server.WsFilter.doFilter(WsFilter.java:53)
	at org.apache.catalina.core.ApplicationFilterChain.internalDoFilter(ApplicationFilterChain.java:192)
	at org.apache.catalina.core.ApplicationFilterChain.doFilter(ApplicationFilterChain.java:165)
	at org.apache.catalina.core.StandardWrapperValve.invoke(StandardWrapperValve.java:199)
	at org.apache.catalina.core.StandardContextValve.invoke(StandardContextValve.java:96)
	at org.apache.catalina.authenticator.AuthenticatorBase.invoke(AuthenticatorBase.java:474)
	at org.apache.catalina.core.StandardHostValve.invoke(StandardHostValve.java:140)
	at org.apache.catalina.valves.ErrorReportValve.invoke(ErrorReportValve.java:79)
	at org.apache.catalina.valves.AbstractAccessLogValve.invoke(AbstractAccessLogValve.java:624)
	at org.apache.catalina.core.StandardEngineValve.invoke(StandardEngineValve.java:87)
	at org.apache.catalina.connector.CoyoteAdapter.service(CoyoteAdapter.java:349)
	at org.apache.coyote.http11.Http11Processor.service(Http11Processor.java:495)
	at org.apache.coyote.AbstractProcessorLight.process(AbstractProcessorLight.java:66)
	at org.apache.coyote.AbstractProtocol$ConnectionHandler.process(AbstractProtocol.java:767)
	at org.apache.tomcat.util.net.NioEndpoint$SocketProcessor.doRun(NioEndpoint.java:1347)
	at org.apache.tomcat.util.net.SocketProcessorBase.run(SocketProcessorBase.java:49)
	at java.util.concurrent.ThreadPoolExecutor.runWorker(Unknown Source)
	at java.util.concurrent.ThreadPoolExecutor$Worker.run(Unknown Source)
	at org.apache.tomcat.util.threads.TaskThread$WrappingRunnable.run(TaskThread.java:61)
	at java.lang.Thread.run(Unknown Source)

23-Feb-2017 12:01:31.179 SEVERE [http-nio-8080-exec-8] org.apache.catalina.core.StandardWrapperValve.invoke Servlet.service() for servlet [jsp] in context with path [/bodgeit] threw exception [java.lang.IllegalArgumentException: Bad arguments] with root cause
 java.lang.IllegalArgumentException: Bad arguments
	at javax.crypto.Cipher.doFinal(Cipher.java:2219)
	at com.thebodgeitstore.util.AES.decryptCrt(Unknown Source)
	at org.apache.jsp.advanced_jsp._jspService(advanced_jsp.java:175)
	at org.apache.jasper.runtime.HttpJspBase.service(HttpJspBase.java:70)
	at javax.servlet.http.HttpServlet.service(HttpServlet.java:729)
	at org.apache.jasper.servlet.JspServletWrapper.service(JspServletWrapper.java:443)
	at org.apache.jasper.servlet.JspServlet.serviceJspFile(JspServlet.java:385)
	at org.apache.jasper.servlet.JspServlet.service(JspServlet.java:329)
	at javax.servlet.http.HttpServlet.service(HttpServlet.java:729)
	at org.apache.catalina.core.ApplicationFilterChain.internalDoFilter(ApplicationFilterChain.java:230)
	at org.apache.catalina.core.ApplicationFilterChain.doFilter(ApplicationFilterChain.java:165)
	at org.apache.tomcat.websocket.server.WsFilter.doFilter(WsFilter.java:53)
	at org.apache.catalina.core.ApplicationFilterChain.internalDoFilter(ApplicationFilterChain.java:192)
	at org.apache.catalina.core.ApplicationFilterChain.doFilter(ApplicationFilterChain.java:165)
	at org.apache.catalina.core.StandardWrapperValve.invoke(StandardWrapperValve.java:199)
	at org.apache.catalina.core.StandardContextValve.invoke(StandardContextValve.java:96)
	at org.apache.catalina.authenticator.AuthenticatorBase.invoke(AuthenticatorBase.java:474)
	at org.apache.catalina.core.StandardHostValve.invoke(StandardHostValve.java:140)
	at org.apache.catalina.valves.ErrorReportValve.invoke(ErrorReportValve.java:79)
	at org.apache.catalina.valves.AbstractAccessLogValve.invoke(AbstractAccessLogValve.java:624)
	at org.apache.catalina.core.StandardEngineValve.invoke(StandardEngineValve.java:87)
	at org.apache.catalina.connector.CoyoteAdapter.service(CoyoteAdapter.java:349)
	at org.apache.coyote.http11.Http11Processor.service(Http11Processor.java:495)
	at org.apache.coyote.AbstractProcessorLight.process(AbstractProcessorLight.java:66)
	at org.apache.coyote.AbstractProtocol$ConnectionHandler.process(AbstractProtocol.java:767)
	at org.apache.tomcat.util.net.NioEndpoint$SocketProcessor.doRun(NioEndpoint.java:1347)
	at org.apache.tomcat.util.net.SocketProcessorBase.run(SocketProcessorBase.java:49)
	at java.util.concurrent.ThreadPoolExecutor.runWorker(Unknown Source)
	at java.util.concurrent.ThreadPoolExecutor$Worker.run(Unknown Source)
	at org.apache.tomcat.util.threads.TaskThread$WrappingRunnable.run(TaskThread.java:61)
	at java.lang.Thread.run(Unknown Source)

23-Feb-2017 12:17:39.968 INFO [localhost-startStop-2] org.apache.catalina.core.ApplicationContext.log SessionListener: contextDestroyed()
23-Feb-2017 12:17:39.968 INFO [localhost-startStop-2] org.apache.catalina.core.ApplicationContext.log ContextListener: contextDestroyed()
23-Feb-2017 12:36:46.824 INFO [localhost-startStop-1] org.apache.catalina.core.ApplicationContext.log InitServlet init TheBodgeItStore :)
23-Feb-2017 12:36:48.361 INFO [localhost-startStop-1] org.apache.catalina.core.ApplicationContext.log ContextListener: contextInitialized()
23-Feb-2017 12:36:48.361 INFO [localhost-startStop-1] org.apache.catalina.core.ApplicationContext.log SessionListener: contextInitialized()
23-Feb-2017 12:36:55.468 SEVERE [http-nio-8080-exec-10] org.apache.catalina.core.StandardWrapperValve.invoke Servlet.service() for servlet [jsp] in context with path [/bodgeit] threw exception [java.lang.NullPointerException] with root cause
 java.lang.NullPointerException
	at java.util.regex.Matcher.getTextLength(Unknown Source)
	at java.util.regex.Matcher.reset(Unknown Source)
	at java.util.regex.Matcher.<init>(Unknown Source)
	at java.util.regex.Pattern.matcher(Unknown Source)
	at com.thebodgeitstore.util.AES.hexStringToByteArray(Unknown Source)
	at com.thebodgeitstore.util.AES.decryptCrt(Unknown Source)
	at org.apache.jsp.advanced_jsp._jspService(advanced_jsp.java:175)
	at org.apache.jasper.runtime.HttpJspBase.service(HttpJspBase.java:70)
	at javax.servlet.http.HttpServlet.service(HttpServlet.java:729)
	at org.apache.jasper.servlet.JspServletWrapper.service(JspServletWrapper.java:443)
	at org.apache.jasper.servlet.JspServlet.serviceJspFile(JspServlet.java:385)
	at org.apache.jasper.servlet.JspServlet.service(JspServlet.java:329)
	at javax.servlet.http.HttpServlet.service(HttpServlet.java:729)
	at org.apache.catalina.core.ApplicationFilterChain.internalDoFilter(ApplicationFilterChain.java:230)
	at org.apache.catalina.core.ApplicationFilterChain.doFilter(ApplicationFilterChain.java:165)
	at org.apache.tomcat.websocket.server.WsFilter.doFilter(WsFilter.java:53)
	at org.apache.catalina.core.ApplicationFilterChain.internalDoFilter(ApplicationFilterChain.java:192)
	at org.apache.catalina.core.ApplicationFilterChain.doFilter(ApplicationFilterChain.java:165)
	at org.apache.catalina.core.StandardWrapperValve.invoke(StandardWrapperValve.java:199)
	at org.apache.catalina.core.StandardContextValve.invoke(StandardContextValve.java:96)
	at org.apache.catalina.authenticator.AuthenticatorBase.invoke(AuthenticatorBase.java:474)
	at org.apache.catalina.core.StandardHostValve.invoke(StandardHostValve.java:140)
	at org.apache.catalina.valves.ErrorReportValve.invoke(ErrorReportValve.java:79)
	at org.apache.catalina.valves.AbstractAccessLogValve.invoke(AbstractAccessLogValve.java:624)
	at org.apache.catalina.core.StandardEngineValve.invoke(StandardEngineValve.java:87)
	at org.apache.catalina.connector.CoyoteAdapter.service(CoyoteAdapter.java:349)
	at org.apache.coyote.http11.Http11Processor.service(Http11Processor.java:495)
	at org.apache.coyote.AbstractProcessorLight.process(AbstractProcessorLight.java:66)
	at org.apache.coyote.AbstractProtocol$ConnectionHandler.process(AbstractProtocol.java:767)
	at org.apache.tomcat.util.net.NioEndpoint$SocketProcessor.doRun(NioEndpoint.java:1347)
	at org.apache.tomcat.util.net.SocketProcessorBase.run(SocketProcessorBase.java:49)
	at java.util.concurrent.ThreadPoolExecutor.runWorker(Unknown Source)
	at java.util.concurrent.ThreadPoolExecutor$Worker.run(Unknown Source)
	at org.apache.tomcat.util.threads.TaskThread$WrappingRunnable.run(TaskThread.java:61)
	at java.lang.Thread.run(Unknown Source)

23-Feb-2017 12:36:55.469 SEVERE [http-nio-8080-exec-5] org.apache.catalina.core.StandardWrapperValve.invoke Servlet.service() for servlet [jsp] in context with path [/bodgeit] threw exception [java.lang.IllegalArgumentException: Bad arguments] with root cause
 java.lang.IllegalArgumentException: Bad arguments
	at javax.crypto.Cipher.doFinal(Cipher.java:2219)
	at com.thebodgeitstore.util.AES.decryptCrt(Unknown Source)
	at org.apache.jsp.advanced_jsp._jspService(advanced_jsp.java:175)
	at org.apache.jasper.runtime.HttpJspBase.service(HttpJspBase.java:70)
	at javax.servlet.http.HttpServlet.service(HttpServlet.java:729)
	at org.apache.jasper.servlet.JspServletWrapper.service(JspServletWrapper.java:443)
	at org.apache.jasper.servlet.JspServlet.serviceJspFile(JspServlet.java:385)
	at org.apache.jasper.servlet.JspServlet.service(JspServlet.java:329)
	at javax.servlet.http.HttpServlet.service(HttpServlet.java:729)
	at org.apache.catalina.core.ApplicationFilterChain.internalDoFilter(ApplicationFilterChain.java:230)
	at org.apache.catalina.core.ApplicationFilterChain.doFilter(ApplicationFilterChain.java:165)
	at org.apache.tomcat.websocket.server.WsFilter.doFilter(WsFilter.java:53)
	at org.apache.catalina.core.ApplicationFilterChain.internalDoFilter(ApplicationFilterChain.java:192)
	at org.apache.catalina.core.ApplicationFilterChain.doFilter(ApplicationFilterChain.java:165)
	at org.apache.catalina.core.StandardWrapperValve.invoke(StandardWrapperValve.java:199)
	at org.apache.catalina.core.StandardContextValve.invoke(StandardContextValve.java:96)
	at org.apache.catalina.authenticator.AuthenticatorBase.invoke(AuthenticatorBase.java:474)
	at org.apache.catalina.core.StandardHostValve.invoke(StandardHostValve.java:140)
	at org.apache.catalina.valves.ErrorReportValve.invoke(ErrorReportValve.java:79)
	at org.apache.catalina.valves.AbstractAccessLogValve.invoke(AbstractAccessLogValve.java:624)
	at org.apache.catalina.core.StandardEngineValve.invoke(StandardEngineValve.java:87)
	at org.apache.catalina.connector.CoyoteAdapter.service(CoyoteAdapter.java:349)
	at org.apache.coyote.http11.Http11Processor.service(Http11Processor.java:495)
	at org.apache.coyote.AbstractProcessorLight.process(AbstractProcessorLight.java:66)
	at org.apache.coyote.AbstractProtocol$ConnectionHandler.process(AbstractProtocol.java:767)
	at org.apache.tomcat.util.net.NioEndpoint$SocketProcessor.doRun(NioEndpoint.java:1347)
	at org.apache.tomcat.util.net.SocketProcessorBase.run(SocketProcessorBase.java:49)
	at java.util.concurrent.ThreadPoolExecutor.runWorker(Unknown Source)
	at java.util.concurrent.ThreadPoolExecutor$Worker.run(Unknown Source)
	at org.apache.tomcat.util.threads.TaskThread$WrappingRunnable.run(TaskThread.java:61)
	at java.lang.Thread.run(Unknown Source)

23-Feb-2017 20:57:46.635 SEVERE [http-nio-8080-exec-1] org.apache.catalina.core.StandardWrapperValve.invoke Servlet.service() for servlet [jsp] in context with path [/bodgeit] threw exception [java.lang.IllegalArgumentException: Bad arguments] with root cause
 java.lang.IllegalArgumentException: Bad arguments
	at javax.crypto.Cipher.doFinal(Cipher.java:2219)
	at com.thebodgeitstore.util.AES.decryptCrt(Unknown Source)
	at org.apache.jsp.advanced_jsp._jspService(advanced_jsp.java:175)
	at org.apache.jasper.runtime.HttpJspBase.service(HttpJspBase.java:70)
	at javax.servlet.http.HttpServlet.service(HttpServlet.java:729)
	at org.apache.jasper.servlet.JspServletWrapper.service(JspServletWrapper.java:443)
	at org.apache.jasper.servlet.JspServlet.serviceJspFile(JspServlet.java:385)
	at org.apache.jasper.servlet.JspServlet.service(JspServlet.java:329)
	at javax.servlet.http.HttpServlet.service(HttpServlet.java:729)
	at org.apache.catalina.core.ApplicationFilterChain.internalDoFilter(ApplicationFilterChain.java:230)
	at org.apache.catalina.core.ApplicationFilterChain.doFilter(ApplicationFilterChain.java:165)
	at org.apache.tomcat.websocket.server.WsFilter.doFilter(WsFilter.java:53)
	at org.apache.catalina.core.ApplicationFilterChain.internalDoFilter(ApplicationFilterChain.java:192)
	at org.apache.catalina.core.ApplicationFilterChain.doFilter(ApplicationFilterChain.java:165)
	at org.apache.catalina.core.StandardWrapperValve.invoke(StandardWrapperValve.java:199)
	at org.apache.catalina.core.StandardContextValve.invoke(StandardContextValve.java:96)
	at org.apache.catalina.authenticator.AuthenticatorBase.invoke(AuthenticatorBase.java:474)
	at org.apache.catalina.core.StandardHostValve.invoke(StandardHostValve.java:140)
	at org.apache.catalina.valves.ErrorReportValve.invoke(ErrorReportValve.java:79)
	at org.apache.catalina.valves.AbstractAccessLogValve.invoke(AbstractAccessLogValve.java:624)
	at org.apache.catalina.core.StandardEngineValve.invoke(StandardEngineValve.java:87)
	at org.apache.catalina.connector.CoyoteAdapter.service(CoyoteAdapter.java:349)
	at org.apache.coyote.http11.Http11Processor.service(Http11Processor.java:495)
	at org.apache.coyote.AbstractProcessorLight.process(AbstractProcessorLight.java:66)
	at org.apache.coyote.AbstractProtocol$ConnectionHandler.process(AbstractProtocol.java:767)
	at org.apache.tomcat.util.net.NioEndpoint$SocketProcessor.doRun(NioEndpoint.java:1347)
	at org.apache.tomcat.util.net.SocketProcessorBase.run(SocketProcessorBase.java:49)
	at java.util.concurrent.ThreadPoolExecutor.runWorker(Unknown Source)
	at java.util.concurrent.ThreadPoolExecutor$Worker.run(Unknown Source)
	at org.apache.tomcat.util.threads.TaskThread$WrappingRunnable.run(TaskThread.java:61)
	at java.lang.Thread.run(Unknown Source)

23-Feb-2017 20:57:46.613 SEVERE [http-nio-8080-exec-5] org.apache.catalina.core.StandardWrapperValve.invoke Servlet.service() for servlet [jsp] in context with path [/bodgeit] threw exception [java.lang.NullPointerException] with root cause
 java.lang.NullPointerException
	at java.util.regex.Matcher.getTextLength(Unknown Source)
	at java.util.regex.Matcher.reset(Unknown Source)
	at java.util.regex.Matcher.<init>(Unknown Source)
	at java.util.regex.Pattern.matcher(Unknown Source)
	at com.thebodgeitstore.util.AES.hexStringToByteArray(Unknown Source)
	at com.thebodgeitstore.util.AES.decryptCrt(Unknown Source)
	at org.apache.jsp.advanced_jsp._jspService(advanced_jsp.java:175)
	at org.apache.jasper.runtime.HttpJspBase.service(HttpJspBase.java:70)
	at javax.servlet.http.HttpServlet.service(HttpServlet.java:729)
	at org.apache.jasper.servlet.JspServletWrapper.service(JspServletWrapper.java:443)
	at org.apache.jasper.servlet.JspServlet.serviceJspFile(JspServlet.java:385)
	at org.apache.jasper.servlet.JspServlet.service(JspServlet.java:329)
	at javax.servlet.http.HttpServlet.service(HttpServlet.java:729)
	at org.apache.catalina.core.ApplicationFilterChain.internalDoFilter(ApplicationFilterChain.java:230)
	at org.apache.catalina.core.ApplicationFilterChain.doFilter(ApplicationFilterChain.java:165)
	at org.apache.tomcat.websocket.server.WsFilter.doFilter(WsFilter.java:53)
	at org.apache.catalina.core.ApplicationFilterChain.internalDoFilter(ApplicationFilterChain.java:192)
	at org.apache.catalina.core.ApplicationFilterChain.doFilter(ApplicationFilterChain.java:165)
	at org.apache.catalina.core.StandardWrapperValve.invoke(StandardWrapperValve.java:199)
	at org.apache.catalina.core.StandardContextValve.invoke(StandardContextValve.java:96)
	at org.apache.catalina.authenticator.AuthenticatorBase.invoke(AuthenticatorBase.java:474)
	at org.apache.catalina.core.StandardHostValve.invoke(StandardHostValve.java:140)
	at org.apache.catalina.valves.ErrorReportValve.invoke(ErrorReportValve.java:79)
	at org.apache.catalina.valves.AbstractAccessLogValve.invoke(AbstractAccessLogValve.java:624)
	at org.apache.catalina.core.StandardEngineValve.invoke(StandardEngineValve.java:87)
	at org.apache.catalina.connector.CoyoteAdapter.service(CoyoteAdapter.java:349)
	at org.apache.coyote.http11.Http11Processor.service(Http11Processor.java:495)
	at org.apache.coyote.AbstractProcessorLight.process(AbstractProcessorLight.java:66)
	at org.apache.coyote.AbstractProtocol$ConnectionHandler.process(AbstractProtocol.java:767)
	at org.apache.tomcat.util.net.NioEndpoint$SocketProcessor.doRun(NioEndpoint.java:1347)
	at org.apache.tomcat.util.net.SocketProcessorBase.run(SocketProcessorBase.java:49)
	at java.util.concurrent.ThreadPoolExecutor.runWorker(Unknown Source)
	at java.util.concurrent.ThreadPoolExecutor$Worker.run(Unknown Source)
	at org.apache.tomcat.util.threads.TaskThread$WrappingRunnable.run(TaskThread.java:61)
	at java.lang.Thread.run(Unknown Source)

23-Feb-2017 21:01:20.197 SEVERE [http-nio-8080-exec-4] org.apache.catalina.core.StandardWrapperValve.invoke Servlet.service() for servlet [jsp] in context with path [/bodgeit] threw exception [java.lang.NullPointerException] with root cause
 java.lang.NullPointerException
	at java.util.regex.Matcher.getTextLength(Unknown Source)
	at java.util.regex.Matcher.reset(Unknown Source)
	at java.util.regex.Matcher.<init>(Unknown Source)
	at java.util.regex.Pattern.matcher(Unknown Source)
	at com.thebodgeitstore.util.AES.hexStringToByteArray(Unknown Source)
	at com.thebodgeitstore.util.AES.decryptCrt(Unknown Source)
	at org.apache.jsp.advanced_jsp._jspService(advanced_jsp.java:175)
	at org.apache.jasper.runtime.HttpJspBase.service(HttpJspBase.java:70)
	at javax.servlet.http.HttpServlet.service(HttpServlet.java:729)
	at org.apache.jasper.servlet.JspServletWrapper.service(JspServletWrapper.java:443)
	at org.apache.jasper.servlet.JspServlet.serviceJspFile(JspServlet.java:385)
	at org.apache.jasper.servlet.JspServlet.service(JspServlet.java:329)
	at javax.servlet.http.HttpServlet.service(HttpServlet.java:729)
	at org.apache.catalina.core.ApplicationFilterChain.internalDoFilter(ApplicationFilterChain.java:230)
	at org.apache.catalina.core.ApplicationFilterChain.doFilter(ApplicationFilterChain.java:165)
	at org.apache.tomcat.websocket.server.WsFilter.doFilter(WsFilter.java:53)
	at org.apache.catalina.core.ApplicationFilterChain.internalDoFilter(ApplicationFilterChain.java:192)
	at org.apache.catalina.core.ApplicationFilterChain.doFilter(ApplicationFilterChain.java:165)
	at org.apache.catalina.core.StandardWrapperValve.invoke(StandardWrapperValve.java:199)
	at org.apache.catalina.core.StandardContextValve.invoke(StandardContextValve.java:96)
	at org.apache.catalina.authenticator.AuthenticatorBase.invoke(AuthenticatorBase.java:474)
	at org.apache.catalina.core.StandardHostValve.invoke(StandardHostValve.java:140)
	at org.apache.catalina.valves.ErrorReportValve.invoke(ErrorReportValve.java:79)
	at org.apache.catalina.valves.AbstractAccessLogValve.invoke(AbstractAccessLogValve.java:624)
	at org.apache.catalina.core.StandardEngineValve.invoke(StandardEngineValve.java:87)
	at org.apache.catalina.connector.CoyoteAdapter.service(CoyoteAdapter.java:349)
	at org.apache.coyote.http11.Http11Processor.service(Http11Processor.java:495)
	at org.apache.coyote.AbstractProcessorLight.process(AbstractProcessorLight.java:66)
	at org.apache.coyote.AbstractProtocol$ConnectionHandler.process(AbstractProtocol.java:767)
	at org.apache.tomcat.util.net.NioEndpoint$SocketProcessor.doRun(NioEndpoint.java:1347)
	at org.apache.tomcat.util.net.SocketProcessorBase.run(SocketProcessorBase.java:49)
	at java.util.concurrent.ThreadPoolExecutor.runWorker(Unknown Source)
	at java.util.concurrent.ThreadPoolExecutor$Worker.run(Unknown Source)
	at org.apache.tomcat.util.threads.TaskThread$WrappingRunnable.run(TaskThread.java:61)
	at java.lang.Thread.run(Unknown Source)

23-Feb-2017 21:01:20.205 SEVERE [http-nio-8080-exec-4] org.apache.catalina.core.StandardWrapperValve.invoke Servlet.service() for servlet [jsp] in context with path [/bodgeit] threw exception [java.lang.IllegalArgumentException: Bad arguments] with root cause
 java.lang.IllegalArgumentException: Bad arguments
	at javax.crypto.Cipher.doFinal(Cipher.java:2219)
	at com.thebodgeitstore.util.AES.decryptCrt(Unknown Source)
	at org.apache.jsp.advanced_jsp._jspService(advanced_jsp.java:175)
	at org.apache.jasper.runtime.HttpJspBase.service(HttpJspBase.java:70)
	at javax.servlet.http.HttpServlet.service(HttpServlet.java:729)
	at org.apache.jasper.servlet.JspServletWrapper.service(JspServletWrapper.java:443)
	at org.apache.jasper.servlet.JspServlet.serviceJspFile(JspServlet.java:385)
	at org.apache.jasper.servlet.JspServlet.service(JspServlet.java:329)
	at javax.servlet.http.HttpServlet.service(HttpServlet.java:729)
	at org.apache.catalina.core.ApplicationFilterChain.internalDoFilter(ApplicationFilterChain.java:230)
	at org.apache.catalina.core.ApplicationFilterChain.doFilter(ApplicationFilterChain.java:165)
	at org.apache.tomcat.websocket.server.WsFilter.doFilter(WsFilter.java:53)
	at org.apache.catalina.core.ApplicationFilterChain.internalDoFilter(ApplicationFilterChain.java:192)
	at org.apache.catalina.core.ApplicationFilterChain.doFilter(ApplicationFilterChain.java:165)
	at org.apache.catalina.core.StandardWrapperValve.invoke(StandardWrapperValve.java:199)
	at org.apache.catalina.core.StandardContextValve.invoke(StandardContextValve.java:96)
	at org.apache.catalina.authenticator.AuthenticatorBase.invoke(AuthenticatorBase.java:474)
	at org.apache.catalina.core.StandardHostValve.invoke(StandardHostValve.java:140)
	at org.apache.catalina.valves.ErrorReportValve.invoke(ErrorReportValve.java:79)
	at org.apache.catalina.valves.AbstractAccessLogValve.invoke(AbstractAccessLogValve.java:624)
	at org.apache.catalina.core.StandardEngineValve.invoke(StandardEngineValve.java:87)
	at org.apache.catalina.connector.CoyoteAdapter.service(CoyoteAdapter.java:349)
	at org.apache.coyote.http11.Http11Processor.service(Http11Processor.java:495)
	at org.apache.coyote.AbstractProcessorLight.process(AbstractProcessorLight.java:66)
	at org.apache.coyote.AbstractProtocol$ConnectionHandler.process(AbstractProtocol.java:767)
	at org.apache.tomcat.util.net.NioEndpoint$SocketProcessor.doRun(NioEndpoint.java:1347)
	at org.apache.tomcat.util.net.SocketProcessorBase.run(SocketProcessorBase.java:49)
	at java.util.concurrent.ThreadPoolExecutor.runWorker(Unknown Source)
	at java.util.concurrent.ThreadPoolExecutor$Worker.run(Unknown Source)
	at org.apache.tomcat.util.threads.TaskThread$WrappingRunnable.run(TaskThread.java:61)
	at java.lang.Thread.run(Unknown Source)

23-Feb-2017 21:04:09.642 SEVERE [http-nio-8080-exec-6] org.apache.catalina.core.StandardWrapperValve.invoke Servlet.service() for servlet [jsp] in context with path [/bodgeit] threw exception [java.lang.NullPointerException] with root cause
 java.lang.NullPointerException
	at java.util.regex.Matcher.getTextLength(Unknown Source)
	at java.util.regex.Matcher.reset(Unknown Source)
	at java.util.regex.Matcher.<init>(Unknown Source)
	at java.util.regex.Pattern.matcher(Unknown Source)
	at com.thebodgeitstore.util.AES.hexStringToByteArray(Unknown Source)
	at com.thebodgeitstore.util.AES.decryptCrt(Unknown Source)
	at org.apache.jsp.advanced_jsp._jspService(advanced_jsp.java:175)
	at org.apache.jasper.runtime.HttpJspBase.service(HttpJspBase.java:70)
	at javax.servlet.http.HttpServlet.service(HttpServlet.java:729)
	at org.apache.jasper.servlet.JspServletWrapper.service(JspServletWrapper.java:443)
	at org.apache.jasper.servlet.JspServlet.serviceJspFile(JspServlet.java:385)
	at org.apache.jasper.servlet.JspServlet.service(JspServlet.java:329)
	at javax.servlet.http.HttpServlet.service(HttpServlet.java:729)
	at org.apache.catalina.core.ApplicationFilterChain.internalDoFilter(ApplicationFilterChain.java:230)
	at org.apache.catalina.core.ApplicationFilterChain.doFilter(ApplicationFilterChain.java:165)
	at org.apache.tomcat.websocket.server.WsFilter.doFilter(WsFilter.java:53)
	at org.apache.catalina.core.ApplicationFilterChain.internalDoFilter(ApplicationFilterChain.java:192)
	at org.apache.catalina.core.ApplicationFilterChain.doFilter(ApplicationFilterChain.java:165)
	at org.apache.catalina.core.StandardWrapperValve.invoke(StandardWrapperValve.java:199)
	at org.apache.catalina.core.StandardContextValve.invoke(StandardContextValve.java:96)
	at org.apache.catalina.authenticator.AuthenticatorBase.invoke(AuthenticatorBase.java:474)
	at org.apache.catalina.core.StandardHostValve.invoke(StandardHostValve.java:140)
	at org.apache.catalina.valves.ErrorReportValve.invoke(ErrorReportValve.java:79)
	at org.apache.catalina.valves.AbstractAccessLogValve.invoke(AbstractAccessLogValve.java:624)
	at org.apache.catalina.core.StandardEngineValve.invoke(StandardEngineValve.java:87)
	at org.apache.catalina.connector.CoyoteAdapter.service(CoyoteAdapter.java:349)
	at org.apache.coyote.http11.Http11Processor.service(Http11Processor.java:495)
	at org.apache.coyote.AbstractProcessorLight.process(AbstractProcessorLight.java:66)
	at org.apache.coyote.AbstractProtocol$ConnectionHandler.process(AbstractProtocol.java:767)
	at org.apache.tomcat.util.net.NioEndpoint$SocketProcessor.doRun(NioEndpoint.java:1347)
	at org.apache.tomcat.util.net.SocketProcessorBase.run(SocketProcessorBase.java:49)
	at java.util.concurrent.ThreadPoolExecutor.runWorker(Unknown Source)
	at java.util.concurrent.ThreadPoolExecutor$Worker.run(Unknown Source)
	at org.apache.tomcat.util.threads.TaskThread$WrappingRunnable.run(TaskThread.java:61)
	at java.lang.Thread.run(Unknown Source)

23-Feb-2017 21:04:09.781 SEVERE [http-nio-8080-exec-9] org.apache.catalina.core.StandardWrapperValve.invoke Servlet.service() for servlet [jsp] in context with path [/bodgeit] threw exception [java.lang.IllegalArgumentException: Bad arguments] with root cause
 java.lang.IllegalArgumentException: Bad arguments
	at javax.crypto.Cipher.doFinal(Cipher.java:2219)
	at com.thebodgeitstore.util.AES.decryptCrt(Unknown Source)
	at org.apache.jsp.advanced_jsp._jspService(advanced_jsp.java:175)
	at org.apache.jasper.runtime.HttpJspBase.service(HttpJspBase.java:70)
	at javax.servlet.http.HttpServlet.service(HttpServlet.java:729)
	at org.apache.jasper.servlet.JspServletWrapper.service(JspServletWrapper.java:443)
	at org.apache.jasper.servlet.JspServlet.serviceJspFile(JspServlet.java:385)
	at org.apache.jasper.servlet.JspServlet.service(JspServlet.java:329)
	at javax.servlet.http.HttpServlet.service(HttpServlet.java:729)
	at org.apache.catalina.core.ApplicationFilterChain.internalDoFilter(ApplicationFilterChain.java:230)
	at org.apache.catalina.core.ApplicationFilterChain.doFilter(ApplicationFilterChain.java:165)
	at org.apache.tomcat.websocket.server.WsFilter.doFilter(WsFilter.java:53)
	at org.apache.catalina.core.ApplicationFilterChain.internalDoFilter(ApplicationFilterChain.java:192)
	at org.apache.catalina.core.ApplicationFilterChain.doFilter(ApplicationFilterChain.java:165)
	at org.apache.catalina.core.StandardWrapperValve.invoke(StandardWrapperValve.java:199)
	at org.apache.catalina.core.StandardContextValve.invoke(StandardContextValve.java:96)
	at org.apache.catalina.authenticator.AuthenticatorBase.invoke(AuthenticatorBase.java:474)
	at org.apache.catalina.core.StandardHostValve.invoke(StandardHostValve.java:140)
	at org.apache.catalina.valves.ErrorReportValve.invoke(ErrorReportValve.java:79)
	at org.apache.catalina.valves.AbstractAccessLogValve.invoke(AbstractAccessLogValve.java:624)
	at org.apache.catalina.core.StandardEngineValve.invoke(StandardEngineValve.java:87)
	at org.apache.catalina.connector.CoyoteAdapter.service(CoyoteAdapter.java:349)
	at org.apache.coyote.http11.Http11Processor.service(Http11Processor.java:495)
	at org.apache.coyote.AbstractProcessorLight.process(AbstractProcessorLight.java:66)
	at org.apache.coyote.AbstractProtocol$ConnectionHandler.process(AbstractProtocol.java:767)
	at org.apache.tomcat.util.net.NioEndpoint$SocketProcessor.doRun(NioEndpoint.java:1347)
	at org.apache.tomcat.util.net.SocketProcessorBase.run(SocketProcessorBase.java:49)
	at java.util.concurrent.ThreadPoolExecutor.runWorker(Unknown Source)
	at java.util.concurrent.ThreadPoolExecutor$Worker.run(Unknown Source)
	at org.apache.tomcat.util.threads.TaskThread$WrappingRunnable.run(TaskThread.java:61)
	at java.lang.Thread.run(Unknown Source)

23-Feb-2017 23:57:15.687 SEVERE [http-nio-8080-exec-1] org.apache.catalina.core.StandardWrapperValve.invoke Servlet.service() for servlet [jsp] in context with path [/bodgeit] threw exception [java.lang.NullPointerException] with root cause
 java.lang.NullPointerException
	at java.util.regex.Matcher.getTextLength(Unknown Source)
	at java.util.regex.Matcher.reset(Unknown Source)
	at java.util.regex.Matcher.<init>(Unknown Source)
	at java.util.regex.Pattern.matcher(Unknown Source)
	at com.thebodgeitstore.util.AES.hexStringToByteArray(Unknown Source)
	at com.thebodgeitstore.util.AES.decryptCrt(Unknown Source)
	at org.apache.jsp.advanced_jsp._jspService(advanced_jsp.java:175)
	at org.apache.jasper.runtime.HttpJspBase.service(HttpJspBase.java:70)
	at javax.servlet.http.HttpServlet.service(HttpServlet.java:729)
	at org.apache.jasper.servlet.JspServletWrapper.service(JspServletWrapper.java:443)
	at org.apache.jasper.servlet.JspServlet.serviceJspFile(JspServlet.java:385)
	at org.apache.jasper.servlet.JspServlet.service(JspServlet.java:329)
	at javax.servlet.http.HttpServlet.service(HttpServlet.java:729)
	at org.apache.catalina.core.ApplicationFilterChain.internalDoFilter(ApplicationFilterChain.java:230)
	at org.apache.catalina.core.ApplicationFilterChain.doFilter(ApplicationFilterChain.java:165)
	at org.apache.tomcat.websocket.server.WsFilter.doFilter(WsFilter.java:53)
	at org.apache.catalina.core.ApplicationFilterChain.internalDoFilter(ApplicationFilterChain.java:192)
	at org.apache.catalina.core.ApplicationFilterChain.doFilter(ApplicationFilterChain.java:165)
	at org.apache.catalina.core.StandardWrapperValve.invoke(StandardWrapperValve.java:199)
	at org.apache.catalina.core.StandardContextValve.invoke(StandardContextValve.java:96)
	at org.apache.catalina.authenticator.AuthenticatorBase.invoke(AuthenticatorBase.java:474)
	at org.apache.catalina.core.StandardHostValve.invoke(StandardHostValve.java:140)
	at org.apache.catalina.valves.ErrorReportValve.invoke(ErrorReportValve.java:79)
	at org.apache.catalina.valves.AbstractAccessLogValve.invoke(AbstractAccessLogValve.java:624)
	at org.apache.catalina.core.StandardEngineValve.invoke(StandardEngineValve.java:87)
	at org.apache.catalina.connector.CoyoteAdapter.service(CoyoteAdapter.java:349)
	at org.apache.coyote.http11.Http11Processor.service(Http11Processor.java:495)
	at org.apache.coyote.AbstractProcessorLight.process(AbstractProcessorLight.java:66)
	at org.apache.coyote.AbstractProtocol$ConnectionHandler.process(AbstractProtocol.java:767)
	at org.apache.tomcat.util.net.NioEndpoint$SocketProcessor.doRun(NioEndpoint.java:1347)
	at org.apache.tomcat.util.net.SocketProcessorBase.run(SocketProcessorBase.java:49)
	at java.util.concurrent.ThreadPoolExecutor.runWorker(Unknown Source)
	at java.util.concurrent.ThreadPoolExecutor$Worker.run(Unknown Source)
	at org.apache.tomcat.util.threads.TaskThread$WrappingRunnable.run(TaskThread.java:61)
	at java.lang.Thread.run(Unknown Source)

23-Feb-2017 23:57:15.687 SEVERE [http-nio-8080-exec-7] org.apache.catalina.core.StandardWrapperValve.invoke Servlet.service() for servlet [jsp] in context with path [/bodgeit] threw exception [java.lang.IllegalArgumentException: Bad arguments] with root cause
 java.lang.IllegalArgumentException: Bad arguments
	at javax.crypto.Cipher.doFinal(Cipher.java:2219)
	at com.thebodgeitstore.util.AES.decryptCrt(Unknown Source)
	at org.apache.jsp.advanced_jsp._jspService(advanced_jsp.java:175)
	at org.apache.jasper.runtime.HttpJspBase.service(HttpJspBase.java:70)
	at javax.servlet.http.HttpServlet.service(HttpServlet.java:729)
	at org.apache.jasper.servlet.JspServletWrapper.service(JspServletWrapper.java:443)
	at org.apache.jasper.servlet.JspServlet.serviceJspFile(JspServlet.java:385)
	at org.apache.jasper.servlet.JspServlet.service(JspServlet.java:329)
	at javax.servlet.http.HttpServlet.service(HttpServlet.java:729)
	at org.apache.catalina.core.ApplicationFilterChain.internalDoFilter(ApplicationFilterChain.java:230)
	at org.apache.catalina.core.ApplicationFilterChain.doFilter(ApplicationFilterChain.java:165)
	at org.apache.tomcat.websocket.server.WsFilter.doFilter(WsFilter.java:53)
	at org.apache.catalina.core.ApplicationFilterChain.internalDoFilter(ApplicationFilterChain.java:192)
	at org.apache.catalina.core.ApplicationFilterChain.doFilter(ApplicationFilterChain.java:165)
	at org.apache.catalina.core.StandardWrapperValve.invoke(StandardWrapperValve.java:199)
	at org.apache.catalina.core.StandardContextValve.invoke(StandardContextValve.java:96)
	at org.apache.catalina.authenticator.AuthenticatorBase.invoke(AuthenticatorBase.java:474)
	at org.apache.catalina.core.StandardHostValve.invoke(StandardHostValve.java:140)
	at org.apache.catalina.valves.ErrorReportValve.invoke(ErrorReportValve.java:79)
	at org.apache.catalina.valves.AbstractAccessLogValve.invoke(AbstractAccessLogValve.java:624)
	at org.apache.catalina.core.StandardEngineValve.invoke(StandardEngineValve.java:87)
	at org.apache.catalina.connector.CoyoteAdapter.service(CoyoteAdapter.java:349)
	at org.apache.coyote.http11.Http11Processor.service(Http11Processor.java:495)
	at org.apache.coyote.AbstractProcessorLight.process(AbstractProcessorLight.java:66)
	at org.apache.coyote.AbstractProtocol$ConnectionHandler.process(AbstractProtocol.java:767)
	at org.apache.tomcat.util.net.NioEndpoint$SocketProcessor.doRun(NioEndpoint.java:1347)
	at org.apache.tomcat.util.net.SocketProcessorBase.run(SocketProcessorBase.java:49)
	at java.util.concurrent.ThreadPoolExecutor.runWorker(Unknown Source)
	at java.util.concurrent.ThreadPoolExecutor$Worker.run(Unknown Source)
	at org.apache.tomcat.util.threads.TaskThread$WrappingRunnable.run(TaskThread.java:61)
	at java.lang.Thread.run(Unknown Source)

