2017-03-24 13:47:07,385 [main ] INFO  Constant - Copying defaults from G:\the test build\789Project\ZAP_Instal_Files\xml\config.xml to G:\the test build\789Project\ZAP_Runtime_Files_\config.xml
2017-03-24 13:47:07,401 [main ] INFO  Constant - Creating directory G:\the test build\789Project\ZAP_Runtime_Files_\session
2017-03-24 13:47:07,419 [main ] INFO  Constant - Creating directory G:\the test build\789Project\ZAP_Runtime_Files_\dirbuster
2017-03-24 13:47:07,432 [main ] INFO  Constant - Creating directory G:\the test build\789Project\ZAP_Runtime_Files_\fuzzers
2017-03-24 13:47:07,446 [main ] INFO  Constant - Creating directory G:\the test build\789Project\ZAP_Runtime_Files_\plugin
2017-03-24 13:47:07,561 [main ] INFO  Constant - Backing up config file to G:\the test build\789Project\ZAP_Runtime_Files_\config.xml.bak
2017-03-24 13:47:07,578 [main ] INFO  Constant - Upgraded from 1004000
2017-03-24 13:47:07,694 [main ] INFO  DaemonBootstrap - OWASP ZAP 2.5.0 started.
2017-03-24 13:47:07,751 [main ] INFO  AbstractParam - Setting config api.key = e0g1mm5n3e60smmdtfa24m65vj was null
2017-03-24 13:47:07,752 [main ] INFO  AbstractParam - Setting config scanner.strength = HIGH was null
2017-03-24 13:47:07,754 [main ] INFO  SSLConnector - Reading supported SSL/TLS protocols...
2017-03-24 13:47:07,754 [main ] INFO  SSLConnector - Using a SSLEngine...
2017-03-24 13:47:07,995 [main ] INFO  SSLConnector - Done reading supported SSL/TLS protocols: [SSLv2Hello, SSLv3, TLSv1, TLSv1.1, TLSv1.2]
2017-03-24 13:47:07,997 [main ] INFO  OptionsParamCertificate - Unsafe SSL renegotiation disabled.
2017-03-24 13:47:08,461 [main ] INFO  ENGINE - open start - state not modified
2017-03-24 13:47:08,660 [main ] INFO  ENGINE - dataFileCache open start
2017-03-24 13:47:08,676 [main ] INFO  ENGINE - dataFileCache open end
2017-03-24 13:47:08,772 [ZAP-daemon] INFO  ExtensionFactory - Loading extensions
2017-03-24 13:47:11,385 [ZAP-daemon] INFO  ExtensionFactory - Extensions loaded
2017-03-24 13:47:11,771 [ZAP-daemon] INFO  FilterFactory - loaded filter Change user agent to other browsers. 
2017-03-24 13:47:11,771 [ZAP-daemon] INFO  FilterFactory - loaded filter Detect insecure or potentially malicious content in HTTP responses.
2017-03-24 13:47:11,771 [ZAP-daemon] INFO  FilterFactory - loaded filter Detect and alert 'Set-cookie' attempt in HTTP response for modification.
2017-03-24 13:47:11,771 [ZAP-daemon] INFO  FilterFactory - loaded filter Avoid browser cache (strip off IfModifiedSince)
2017-03-24 13:47:11,771 [ZAP-daemon] INFO  FilterFactory - loaded filter Log cookies sent by browser.
2017-03-24 13:47:11,771 [ZAP-daemon] INFO  FilterFactory - loaded filter Log unique GET queries into file:filter/get.xls
2017-03-24 13:47:11,771 [ZAP-daemon] INFO  FilterFactory - loaded filter Log unique POST queries into file:  filter/post.xls
2017-03-24 13:47:11,771 [ZAP-daemon] INFO  FilterFactory - loaded filter Log request and response into file: filter/message.txt
2017-03-24 13:47:11,772 [ZAP-daemon] INFO  FilterFactory - loaded filter Replace HTTP request body using defined pattern.
2017-03-24 13:47:11,772 [ZAP-daemon] INFO  FilterFactory - loaded filter Replace HTTP request header using defined pattern.
2017-03-24 13:47:11,772 [ZAP-daemon] INFO  FilterFactory - loaded filter Replace HTTP response body using defined pattern.
2017-03-24 13:47:11,772 [ZAP-daemon] INFO  FilterFactory - loaded filter Replace HTTP response header using defined pattern.
2017-03-24 13:47:11,772 [ZAP-daemon] INFO  FilterFactory - loaded filter Send ZAP session request ID
2017-03-24 13:47:12,007 [ZAP-daemon] INFO  ExtensionLoader - Initializing Allows ZAP to check for updates
2017-03-24 13:47:12,012 [ZAP-daemon] INFO  ExtensionLoader - Initializing ExtensionViewOption
2017-03-24 13:47:12,012 [ZAP-daemon] INFO  ExtensionLoader - Initializing ExtensionEdit
2017-03-24 13:47:12,012 [ZAP-daemon] INFO  ExtensionLoader - Initializing ExtensionFilter
2017-03-24 13:47:12,012 [ZAP-daemon] INFO  ExtensionLoader - Initializing Provides a rest based API for controlling and accessing ZAP
2017-03-24 13:47:12,073 [ZAP-daemon] INFO  ExtensionLoader - Initializing ExtensionState
2017-03-24 13:47:12,073 [ZAP-daemon] INFO  ExtensionLoader - Initializing ExtensionHistory
2017-03-24 13:47:12,077 [ZAP-daemon] INFO  ExtensionLoader - Initializing Show hidden fields and enable disabled fields
2017-03-24 13:47:12,078 [ZAP-daemon] INFO  ExtensionLoader - Initializing Search messages for strings and regular expressions 
2017-03-24 13:47:12,079 [ZAP-daemon] INFO  ExtensionLoader - Initializing Encode/Decode/Hash...
2017-03-24 13:47:12,079 [ZAP-daemon] INFO  ExtensionLoader - Initializing Allows you to intercept and modify requests and responses
2017-03-24 13:47:12,080 [ZAP-daemon] INFO  ExtensionLoader - Initializing Passive scanner
2017-03-24 13:47:12,140 [ZAP-daemon] INFO  ExtensionPassiveScan - loaded passive scan rule: Script passive scan rules
2017-03-24 13:47:12,140 [ZAP-daemon] INFO  ExtensionPassiveScan - loaded passive scan rule: Stats Passive Scan Rule
2017-03-24 13:47:12,140 [ZAP-daemon] INFO  ExtensionPassiveScan - loaded passive scan rule: Application Error Disclosure
2017-03-24 13:47:12,141 [ZAP-daemon] INFO  ExtensionPassiveScan - loaded passive scan rule: Incomplete or No Cache-control and Pragma HTTP Header Set
2017-03-24 13:47:12,141 [ZAP-daemon] INFO  ExtensionPassiveScan - loaded passive scan rule: Content-Type Header Missing
2017-03-24 13:47:12,141 [ZAP-daemon] INFO  ExtensionPassiveScan - loaded passive scan rule: Cookie No HttpOnly Flag
2017-03-24 13:47:12,141 [ZAP-daemon] INFO  ExtensionPassiveScan - loaded passive scan rule: Cookie Without Secure Flag
2017-03-24 13:47:12,141 [ZAP-daemon] INFO  ExtensionPassiveScan - loaded passive scan rule: Cross-Domain JavaScript Source File Inclusion
2017-03-24 13:47:12,141 [ZAP-daemon] INFO  ExtensionPassiveScan - loaded passive scan rule: Web Browser XSS Protection Not Enabled
2017-03-24 13:47:12,142 [ZAP-daemon] INFO  ExtensionPassiveScan - loaded passive scan rule: Secure Pages Include Mixed Content
2017-03-24 13:47:12,142 [ZAP-daemon] INFO  ExtensionPassiveScan - loaded passive scan rule: Password Autocomplete in Browser
2017-03-24 13:47:12,142 [ZAP-daemon] INFO  ExtensionPassiveScan - loaded passive scan rule: Private IP Disclosure
2017-03-24 13:47:12,142 [ZAP-daemon] INFO  ExtensionPassiveScan - loaded passive scan rule: Session ID in URL Rewrite
2017-03-24 13:47:12,142 [ZAP-daemon] INFO  ExtensionPassiveScan - loaded passive scan rule: X-Content-Type-Options Header Missing
2017-03-24 13:47:12,143 [ZAP-daemon] INFO  ExtensionPassiveScan - loaded passive scan rule: X-Frame-Options Header Not Set
2017-03-24 13:47:12,164 [ZAP-daemon] INFO  ExtensionLoader - Initializing Allows you to view and manage alerts
2017-03-24 13:47:12,164 [ZAP-daemon] INFO  ExtensionLoader - Initializing Active scanner, heavily based on the original Paros active scanner, but with additional tests added
2017-03-24 13:47:12,172 [ZAP-daemon] INFO  ExtensionLoader - Initializing Spider used for automatically finding URIs on a site
2017-03-24 13:47:12,180 [ZAP-daemon] INFO  ExtensionLoader - Initializing A set of common popup menus for miscellaneous tasks
2017-03-24 13:47:12,180 [ZAP-daemon] INFO  ExtensionLoader - Initializing Forced browsing of files and directories using code from the OWASP DirBuster tool
2017-03-24 13:47:12,181 [ZAP-daemon] INFO  ExtensionLoader - Initializing ExtensionManualRequest
2017-03-24 13:47:12,181 [ZAP-daemon] INFO  ExtensionLoader - Initializing Compares 2 sessions and generates an HTML file showing the differences
2017-03-24 13:47:12,181 [ZAP-daemon] INFO  ExtensionLoader - Initializing Invoke external applications passing context related information such as URLs and parameters
2017-03-24 13:47:12,182 [ZAP-daemon] INFO  ExtensionLoader - Initializing Handles anti cross site request forgery (CSRF) tokens
2017-03-24 13:47:12,184 [ZAP-daemon] INFO  ExtensionLoader - Initializing ExtensionAuthentication
2017-03-24 13:47:13,099 [ZAP-daemon] INFO  ExtensionAuthentication - Loaded authentication method types: [Form-based Authentication, HTTP/NTLM Authentication, Manual Authentication, Script-based Authentication]
2017-03-24 13:47:13,101 [ZAP-daemon] INFO  ExtensionLoader - Initializing Creates a dynamic SSL certificate to allow SSL communications to be intercepted without warnings being generated by the browser
2017-03-24 13:47:13,101 [ZAP-daemon] INFO  ExtensionLoader - Initializing Logs errors to the Output tab in development mode only
2017-03-24 13:47:13,102 [ZAP-daemon] INFO  ExtensionLoader - Initializing ExtensionUserManagement
2017-03-24 13:47:13,103 [ZAP-daemon] INFO  ExtensionLoader - Initializing Summarise and analyse FORM and URL parameters as well as cookies
2017-03-24 13:47:13,103 [ZAP-daemon] INFO  ExtensionLoader - Initializing Script integration
2017-03-24 13:47:13,120 [ZAP-daemon] INFO  ExtensionLoader - Initializing Scripting console, supports all JSR 223 scripting languages
2017-03-24 13:47:13,120 [ZAP-daemon] INFO  ExtensionLoader - Initializing ExtensionForcedUser
2017-03-24 13:47:13,121 [ZAP-daemon] INFO  ExtensionLoader - Initializing Extension handling HTTP sessions
2017-03-24 13:47:13,122 [ZAP-daemon] INFO  ExtensionLoader - Initializing Zest is a specialized scripting language from Mozilla specifically designed to be used in security tools
2017-03-24 13:47:13,660 [ZAP-daemon] INFO  ExtensionLoader - Initializing ExtensionDiff
2017-03-24 13:47:13,660 [ZAP-daemon] INFO  ExtensionLoader - Initializing ExtensionRequestPostTableView
2017-03-24 13:47:13,660 [ZAP-daemon] INFO  ExtensionLoader - Initializing ExtensionSessionManagement
2017-03-24 13:47:13,878 [ZAP-daemon] INFO  ExtensionSessionManagement - Loaded session management method types: [Cookie-based Session Management, HTTP Authentication Session Management]
2017-03-24 13:47:13,879 [ZAP-daemon] INFO  ExtensionLoader - Initializing ExtensionHttpPanelRequestFormTableView
2017-03-24 13:47:13,879 [ZAP-daemon] INFO  ExtensionLoader - Initializing Capture messages from WebSockets with the ability to set breakpoints.
2017-03-24 13:47:13,885 [ZAP-daemon] INFO  ExtensionLoader - Initializing Summarise and analyse FORM and URL parameters as well as cookies
2017-03-24 13:47:13,885 [ZAP-daemon] INFO  ExtensionLoader - Initializing ExtensionAuthorization
2017-03-24 13:47:13,886 [ZAP-daemon] INFO  ExtensionLoader - Initializing AJAX Spider, uses Crawljax
2017-03-24 13:47:13,887 [ZAP-daemon] INFO  ExtensionLoader - Initializing Handles adding Global Excluded URLs
2017-03-24 13:47:13,887 [ZAP-daemon] INFO  ExtensionLoader - Initializing Adds menu item to refresh the Sites tree
2017-03-24 13:47:13,887 [ZAP-daemon] INFO  ExtensionLoader - Initializing Adds support for configurable keyboard shortcuts for all of the ZAP menus.
2017-03-24 13:47:13,887 [ZAP-daemon] INFO  ExtensionLoader - Initializing OWASP ZAP User Guide
2017-03-24 13:47:13,887 [ZAP-daemon] INFO  ExtensionLoader - Initializing ExtensionReport
2017-03-24 13:47:13,887 [ZAP-daemon] INFO  ExtensionLoader - Initializing Allows you to configure which extensions are loaded when ZAP starts 
2017-03-24 13:47:13,888 [ZAP-daemon] INFO  ExtensionLoader - Initializing ExtensionHttpPanelComponentonentAll
2017-03-24 13:47:13,888 [ZAP-daemon] INFO  ExtensionLoader - Initializing ExtensionHttpPanelHexView
2017-03-24 13:47:13,888 [ZAP-daemon] INFO  ExtensionLoader - Initializing ExtensionHttpPanelImageView
2017-03-24 13:47:13,888 [ZAP-daemon] INFO  ExtensionLoader - Initializing ExtensionHttpPanelLargeRequestView
2017-03-24 13:47:13,888 [ZAP-daemon] INFO  ExtensionLoader - Initializing ExtensionHttpPanelLargeResponseView
2017-03-24 13:47:13,888 [ZAP-daemon] INFO  ExtensionLoader - Initializing ExtensionHttpPanelRequestQueryCookieTableView
2017-03-24 13:47:13,888 [ZAP-daemon] INFO  ExtensionLoader - Initializing ExtensionHttpPanelSyntaxHighlightTextView
2017-03-24 13:47:13,888 [ZAP-daemon] INFO  ExtensionLoader - Initializing Statistics
2017-03-24 13:47:13,889 [ZAP-daemon] INFO  ExtensionStats - Start recording in memory stats
2017-03-24 13:47:13,890 [ZAP-daemon] INFO  ExtensionLoader - Initializing Context alert rules filter
2017-03-24 13:47:13,891 [ZAP-daemon] INFO  ExtensionLoader - Initializing Active Scan Rules
2017-03-24 13:47:13,891 [ZAP-daemon] INFO  ExtensionLoader - Initializing Translations of the core language files
2017-03-24 13:47:13,891 [ZAP-daemon] INFO  ExtensionLoader - Initializing Provides the foundation for concrete message types (for example, HTTP, WebSockets) expose fuzzer implementations.
2017-03-24 13:47:13,893 [ZAP-daemon] INFO  ExtensionLoader - Initializing Allows to fuzz HTTP messages.
2017-03-24 13:47:13,893 [ZAP-daemon] INFO  ExtensionLoader - Initializing The ZAP Getting Started Guide
2017-03-24 13:47:13,893 [ZAP-daemon] INFO  ExtensionLoader - Initializing The Online menu links
2017-03-24 13:47:13,895 [ZAP-daemon] INFO  ExtensionLoader - Initializing Passive Scan Rules
2017-03-24 13:47:13,895 [ZAP-daemon] INFO  ExtensionLoader - Initializing Quick Start panel 
2017-03-24 13:47:13,895 [ZAP-daemon] INFO  ExtensionLoader - Initializing ExtensionSaveRawHttpMessage
2017-03-24 13:47:13,895 [ZAP-daemon] INFO  ExtensionLoader - Initializing Provides WebDrivers to control several browsers using Selenium and includes HtmlUnit browser.
2017-03-24 13:47:13,896 [ZAP-daemon] INFO  ExtensionLoader - Initializing Tips and Tricks
2017-03-24 13:47:13,896 [ZAP-daemon] INFO  ExtensionLoader - Initializing Allows to fuzz WebSocket messages.
2017-03-24 13:47:13,970 [ZAP-daemon] INFO  PluginFactory - loaded plugin Path Traversal
2017-03-24 13:47:13,970 [ZAP-daemon] INFO  PluginFactory - loaded plugin Remote File Inclusion
2017-03-24 13:47:13,971 [ZAP-daemon] INFO  PluginFactory - loaded plugin Server Side Include
2017-03-24 13:47:13,972 [ZAP-daemon] INFO  PluginFactory - loaded plugin Cross Site Scripting (Reflected)
2017-03-24 13:47:13,972 [ZAP-daemon] INFO  PluginFactory - loaded plugin Cross Site Scripting (Persistent)
2017-03-24 13:47:13,973 [ZAP-daemon] INFO  PluginFactory - loaded plugin SQL Injection
2017-03-24 13:47:13,973 [ZAP-daemon] INFO  PluginFactory - loaded plugin Server Side Code Injection
2017-03-24 13:47:13,974 [ZAP-daemon] INFO  PluginFactory - loaded plugin Remote OS Command Injection
2017-03-24 13:47:13,974 [ZAP-daemon] INFO  PluginFactory - loaded plugin Directory Browsing
2017-03-24 13:47:13,975 [ZAP-daemon] INFO  PluginFactory - loaded plugin External Redirect
2017-03-24 13:47:13,975 [ZAP-daemon] INFO  PluginFactory - loaded plugin Buffer Overflow
2017-03-24 13:47:13,976 [ZAP-daemon] INFO  PluginFactory - loaded plugin Format String Error
2017-03-24 13:47:13,976 [ZAP-daemon] INFO  PluginFactory - loaded plugin CRLF Injection
2017-03-24 13:47:13,977 [ZAP-daemon] INFO  PluginFactory - loaded plugin Parameter Tampering
2017-03-24 13:47:13,977 [ZAP-daemon] INFO  PluginFactory - loaded plugin Cross Site Scripting (Persistent) - Prime
2017-03-24 13:47:13,978 [ZAP-daemon] INFO  PluginFactory - loaded plugin Cross Site Scripting (Persistent) - Spider
2017-03-24 13:47:13,978 [ZAP-daemon] INFO  PluginFactory - loaded plugin Script Active Scan Rules
2017-03-24 13:47:13,979 [ZAP-daemon] INFO  PluginFactory - loaded plugin Path Traversal
2017-03-24 13:47:13,979 [ZAP-daemon] INFO  PluginFactory - loaded plugin Remote File Inclusion
2017-03-24 13:47:13,980 [ZAP-daemon] INFO  PluginFactory - loaded plugin Server Side Include
2017-03-24 13:47:13,981 [ZAP-daemon] INFO  PluginFactory - loaded plugin Cross Site Scripting (Reflected)
2017-03-24 13:47:13,982 [ZAP-daemon] INFO  PluginFactory - loaded plugin Cross Site Scripting (Persistent)
2017-03-24 13:47:13,982 [ZAP-daemon] INFO  PluginFactory - loaded plugin SQL Injection
2017-03-24 13:47:13,983 [ZAP-daemon] INFO  PluginFactory - loaded plugin Server Side Code Injection
2017-03-24 13:47:13,983 [ZAP-daemon] INFO  PluginFactory - loaded plugin Remote OS Command Injection
2017-03-24 13:47:13,984 [ZAP-daemon] INFO  PluginFactory - loaded plugin Directory Browsing
2017-03-24 13:47:13,984 [ZAP-daemon] INFO  PluginFactory - loaded plugin External Redirect
2017-03-24 13:47:13,985 [ZAP-daemon] INFO  PluginFactory - loaded plugin Buffer Overflow
2017-03-24 13:47:13,985 [ZAP-daemon] INFO  PluginFactory - loaded plugin Format String Error
2017-03-24 13:47:13,986 [ZAP-daemon] INFO  PluginFactory - loaded plugin CRLF Injection
2017-03-24 13:47:13,986 [ZAP-daemon] INFO  PluginFactory - loaded plugin Parameter Tampering
2017-03-24 13:47:13,988 [ZAP-daemon] INFO  PluginFactory - loaded plugin Cross Site Scripting (Persistent) - Prime
2017-03-24 13:47:13,989 [ZAP-daemon] INFO  PluginFactory - loaded plugin Cross Site Scripting (Persistent) - Spider
2017-03-24 13:47:13,990 [ZAP-daemon] INFO  PluginFactory - loaded plugin Script Active Scan Rules
2017-03-24 13:47:14,018 [Thread-5] INFO  ExtensionDynSSL - Creating new root CA certificate
2017-03-24 13:47:14,382 [ZAP-daemon] INFO  DaemonBootstrap - ZAP is now listening on 127.7.131.84:45234
2017-03-24 13:47:14,669 [Thread-5] INFO  ExtensionDynSSL - New root CA certificate created
2017-03-24 13:47:16,897 [ZAP-ProxyThread-1] INFO  ExtensionDynSSL - Creating new root CA certificate
2017-03-24 13:47:17,201 [ZAP-ProxyThread-1] INFO  ExtensionDynSSL - New root CA certificate created
2017-03-24 13:48:18,995 [Thread-8] INFO  SpiderThread - Starting spidering scan on SpiderApi-0 at Fri Mar 24 13:48:18 NZDT 2017
2017-03-24 13:48:18,999 [Thread-8] INFO  Spider - Spider initializing...
2017-03-24 13:48:19,020 [Thread-8] INFO  Spider - Starting spider...
2017-03-24 13:48:21,501 [pool-3-thread-1] INFO  Spider - Spidering process is complete. Shutting down...
2017-03-24 13:48:21,503 [Thread-10] INFO  SpiderThread - Spider scanning complete: true
2017-03-24 13:49:22,505 [Thread-11] INFO  ENGINE - dataFileCache commit start
2017-03-24 13:49:24,712 [Thread-11] INFO  ENGINE - dataFileCache commit end
2017-03-24 13:49:24,812 [Thread-11] INFO  ENGINE - Database closed
2017-03-24 13:49:24,928 [Thread-11] INFO  CoreAPI - OWASP ZAP 2.5.0 terminated.
